ARM GAS  /tmp/ccL3e2OY.s 			page 1


   1              		.cpu cortex-m4
   2              		.eabi_attribute 27, 1
   3              		.eabi_attribute 28, 1
   4              		.eabi_attribute 20, 1
   5              		.eabi_attribute 21, 1
   6              		.eabi_attribute 23, 3
   7              		.eabi_attribute 24, 1
   8              		.eabi_attribute 25, 1
   9              		.eabi_attribute 26, 1
  10              		.eabi_attribute 30, 4
  11              		.eabi_attribute 34, 1
  12              		.eabi_attribute 18, 4
  13              		.file	"chfactory.c"
  14              		.text
  15              	.Ltext0:
  16              		.cfi_sections	.debug_frame
  17              	.Letext0:
  18              		.file 1 "/opt/gcc-arm-none-eabi-6-2017-q2-update/arm-none-eabi/include/machine/_default_types.h"
  19              		.file 2 "/opt/gcc-arm-none-eabi-6-2017-q2-update/arm-none-eabi/include/sys/lock.h"
  20              		.file 3 "/opt/gcc-arm-none-eabi-6-2017-q2-update/arm-none-eabi/include/sys/_types.h"
  21              		.file 4 "/opt/gcc-arm-none-eabi-6-2017-q2-update/lib/gcc/arm-none-eabi/6.3.1/include/stddef.h"
  22              		.file 5 "/opt/gcc-arm-none-eabi-6-2017-q2-update/arm-none-eabi/include/sys/reent.h"
  23              		.file 6 "/opt/gcc-arm-none-eabi-6-2017-q2-update/arm-none-eabi/include/sys/_stdint.h"
  24              		.file 7 "../../modules/ChibiOS/os/common/ports/ARMCMx/compilers/GCC/chtypes.h"
  25              		.file 8 "../../modules/ChibiOS/os/rt/include/chsystypes.h"
  26              		.file 9 "../../modules/ChibiOS/os/rt/include/chschd.h"
  27              		.file 10 "../../modules/ChibiOS/os/rt/include/chtime.h"
  28              		.file 11 "../../modules/ChibiOS/os/common/ext/ARM/CMSIS/Core/Include/core_cm4.h"
  29              		.file 12 "../../modules/ChibiOS/os/common/ext/ST/STM32F4xx/system_stm32f4xx.h"
  30              		.file 13 "../../modules/ChibiOS/os/common/ports/ARMCMx/chcore.h"
  31              		.file 14 "../../modules/ChibiOS/os/common/ports/ARMCMx/chcore_v7m.h"
  32              		.file 15 "../../modules/ChibiOS/os/rt/include/chsys.h"
  33              		.section	.debug_info,"",%progbits
  34              	.Ldebug_info0:
  35 0000 960D0000 		.4byte	0xd96
  36 0004 0400     		.2byte	0x4
  37 0006 00000000 		.4byte	.Ldebug_abbrev0
  38 000a 04       		.byte	0x4
  39 000b 01       		.uleb128 0x1
  40 000c 93010000 		.4byte	.LASF179
  41 0010 0C       		.byte	0xc
  42 0011 CB000000 		.4byte	.LASF180
  43 0015 DD030000 		.4byte	.LASF181
  44 0019 00000000 		.4byte	.Ldebug_line0
  45 001d 02       		.uleb128 0x2
  46 001e 04       		.byte	0x4
  47 001f 05       		.byte	0x5
  48 0020 696E7400 		.ascii	"int\000"
  49 0024 03       		.uleb128 0x3
  50 0025 04       		.byte	0x4
  51 0026 07       		.byte	0x7
  52 0027 FE060000 		.4byte	.LASF0
  53 002b 03       		.uleb128 0x3
  54 002c 08       		.byte	0x8
  55 002d 05       		.byte	0x5
  56 002e 31040000 		.4byte	.LASF1
  57 0032 03       		.uleb128 0x3
ARM GAS  /tmp/ccL3e2OY.s 			page 2


  58 0033 08       		.byte	0x8
  59 0034 04       		.byte	0x4
  60 0035 09050000 		.4byte	.LASF2
  61 0039 03       		.uleb128 0x3
  62 003a 01       		.byte	0x1
  63 003b 06       		.byte	0x6
  64 003c 7B010000 		.4byte	.LASF3
  65 0040 04       		.uleb128 0x4
  66 0041 54000000 		.4byte	.LASF7
  67 0045 01       		.byte	0x1
  68 0046 2B       		.byte	0x2b
  69 0047 4B000000 		.4byte	0x4b
  70 004b 03       		.uleb128 0x3
  71 004c 01       		.byte	0x1
  72 004d 08       		.byte	0x8
  73 004e B9050000 		.4byte	.LASF4
  74 0052 03       		.uleb128 0x3
  75 0053 02       		.byte	0x2
  76 0054 05       		.byte	0x5
  77 0055 0C000000 		.4byte	.LASF5
  78 0059 03       		.uleb128 0x3
  79 005a 02       		.byte	0x2
  80 005b 07       		.byte	0x7
  81 005c 5B070000 		.4byte	.LASF6
  82 0060 04       		.uleb128 0x4
  83 0061 B1040000 		.4byte	.LASF8
  84 0065 01       		.byte	0x1
  85 0066 4D       		.byte	0x4d
  86 0067 6B000000 		.4byte	0x6b
  87 006b 03       		.uleb128 0x3
  88 006c 04       		.byte	0x4
  89 006d 05       		.byte	0x5
  90 006e ED020000 		.4byte	.LASF9
  91 0072 04       		.uleb128 0x4
  92 0073 51030000 		.4byte	.LASF10
  93 0077 01       		.byte	0x1
  94 0078 4F       		.byte	0x4f
  95 0079 7D000000 		.4byte	0x7d
  96 007d 03       		.uleb128 0x3
  97 007e 04       		.byte	0x4
  98 007f 07       		.byte	0x7
  99 0080 C7060000 		.4byte	.LASF11
 100 0084 04       		.uleb128 0x4
 101 0085 59050000 		.4byte	.LASF12
 102 0089 01       		.byte	0x1
 103 008a 69       		.byte	0x69
 104 008b 8F000000 		.4byte	0x8f
 105 008f 03       		.uleb128 0x3
 106 0090 08       		.byte	0x8
 107 0091 07       		.byte	0x7
 108 0092 B4000000 		.4byte	.LASF13
 109 0096 04       		.uleb128 0x4
 110 0097 82040000 		.4byte	.LASF14
 111 009b 02       		.byte	0x2
 112 009c 22       		.byte	0x22
 113 009d A1000000 		.4byte	0xa1
 114 00a1 05       		.uleb128 0x5
ARM GAS  /tmp/ccL3e2OY.s 			page 3


 115 00a2 04       		.byte	0x4
 116 00a3 A7000000 		.4byte	0xa7
 117 00a7 06       		.uleb128 0x6
 118 00a8 A0060000 		.4byte	.LASF122
 119 00ac 04       		.uleb128 0x4
 120 00ad 6D010000 		.4byte	.LASF15
 121 00b1 03       		.byte	0x3
 122 00b2 2C       		.byte	0x2c
 123 00b3 6B000000 		.4byte	0x6b
 124 00b7 04       		.uleb128 0x4
 125 00b8 BF060000 		.4byte	.LASF16
 126 00bc 03       		.byte	0x3
 127 00bd 72       		.byte	0x72
 128 00be 6B000000 		.4byte	0x6b
 129 00c2 07       		.uleb128 0x7
 130 00c3 4A050000 		.4byte	.LASF17
 131 00c7 04       		.byte	0x4
 132 00c8 6501     		.2byte	0x165
 133 00ca 24000000 		.4byte	0x24
 134 00ce 08       		.uleb128 0x8
 135 00cf 04       		.byte	0x4
 136 00d0 03       		.byte	0x3
 137 00d1 A6       		.byte	0xa6
 138 00d2 ED000000 		.4byte	0xed
 139 00d6 09       		.uleb128 0x9
 140 00d7 70040000 		.4byte	.LASF18
 141 00db 03       		.byte	0x3
 142 00dc A8       		.byte	0xa8
 143 00dd C2000000 		.4byte	0xc2
 144 00e1 09       		.uleb128 0x9
 145 00e2 B6030000 		.4byte	.LASF19
 146 00e6 03       		.byte	0x3
 147 00e7 A9       		.byte	0xa9
 148 00e8 ED000000 		.4byte	0xed
 149 00ec 00       		.byte	0
 150 00ed 0A       		.uleb128 0xa
 151 00ee 4B000000 		.4byte	0x4b
 152 00f2 FD000000 		.4byte	0xfd
 153 00f6 0B       		.uleb128 0xb
 154 00f7 FD000000 		.4byte	0xfd
 155 00fb 03       		.byte	0x3
 156 00fc 00       		.byte	0
 157 00fd 03       		.uleb128 0x3
 158 00fe 04       		.byte	0x4
 159 00ff 07       		.byte	0x7
 160 0100 D6040000 		.4byte	.LASF20
 161 0104 0C       		.uleb128 0xc
 162 0105 08       		.byte	0x8
 163 0106 03       		.byte	0x3
 164 0107 A3       		.byte	0xa3
 165 0108 25010000 		.4byte	0x125
 166 010c 0D       		.uleb128 0xd
 167 010d 98060000 		.4byte	.LASF21
 168 0111 03       		.byte	0x3
 169 0112 A5       		.byte	0xa5
 170 0113 1D000000 		.4byte	0x1d
 171 0117 00       		.byte	0
ARM GAS  /tmp/ccL3e2OY.s 			page 4


 172 0118 0D       		.uleb128 0xd
 173 0119 A7060000 		.4byte	.LASF22
 174 011d 03       		.byte	0x3
 175 011e AA       		.byte	0xaa
 176 011f CE000000 		.4byte	0xce
 177 0123 04       		.byte	0x4
 178 0124 00       		.byte	0
 179 0125 04       		.uleb128 0x4
 180 0126 15060000 		.4byte	.LASF23
 181 012a 03       		.byte	0x3
 182 012b AB       		.byte	0xab
 183 012c 04010000 		.4byte	0x104
 184 0130 04       		.uleb128 0x4
 185 0131 DD050000 		.4byte	.LASF24
 186 0135 03       		.byte	0x3
 187 0136 AF       		.byte	0xaf
 188 0137 96000000 		.4byte	0x96
 189 013b 0E       		.uleb128 0xe
 190 013c 04       		.byte	0x4
 191 013d 05       		.uleb128 0x5
 192 013e 04       		.byte	0x4
 193 013f 43010000 		.4byte	0x143
 194 0143 03       		.uleb128 0x3
 195 0144 01       		.byte	0x1
 196 0145 08       		.byte	0x8
 197 0146 EA060000 		.4byte	.LASF25
 198 014a 0F       		.uleb128 0xf
 199 014b 43010000 		.4byte	0x143
 200 014f 04       		.uleb128 0x4
 201 0150 7F070000 		.4byte	.LASF26
 202 0154 05       		.byte	0x5
 203 0155 16       		.byte	0x16
 204 0156 7D000000 		.4byte	0x7d
 205 015a 10       		.uleb128 0x10
 206 015b 86030000 		.4byte	.LASF31
 207 015f 18       		.byte	0x18
 208 0160 05       		.byte	0x5
 209 0161 2F       		.byte	0x2f
 210 0162 AD010000 		.4byte	0x1ad
 211 0166 0D       		.uleb128 0xd
 212 0167 3F070000 		.4byte	.LASF27
 213 016b 05       		.byte	0x5
 214 016c 31       		.byte	0x31
 215 016d AD010000 		.4byte	0x1ad
 216 0171 00       		.byte	0
 217 0172 11       		.uleb128 0x11
 218 0173 5F6B00   		.ascii	"_k\000"
 219 0176 05       		.byte	0x5
 220 0177 32       		.byte	0x32
 221 0178 1D000000 		.4byte	0x1d
 222 017c 04       		.byte	0x4
 223 017d 0D       		.uleb128 0xd
 224 017e 71060000 		.4byte	.LASF28
 225 0182 05       		.byte	0x5
 226 0183 32       		.byte	0x32
 227 0184 1D000000 		.4byte	0x1d
 228 0188 08       		.byte	0x8
ARM GAS  /tmp/ccL3e2OY.s 			page 5


 229 0189 0D       		.uleb128 0xd
 230 018a 65030000 		.4byte	.LASF29
 231 018e 05       		.byte	0x5
 232 018f 32       		.byte	0x32
 233 0190 1D000000 		.4byte	0x1d
 234 0194 0C       		.byte	0xc
 235 0195 0D       		.uleb128 0xd
 236 0196 BE070000 		.4byte	.LASF30
 237 019a 05       		.byte	0x5
 238 019b 32       		.byte	0x32
 239 019c 1D000000 		.4byte	0x1d
 240 01a0 10       		.byte	0x10
 241 01a1 11       		.uleb128 0x11
 242 01a2 5F7800   		.ascii	"_x\000"
 243 01a5 05       		.byte	0x5
 244 01a6 33       		.byte	0x33
 245 01a7 B3010000 		.4byte	0x1b3
 246 01ab 14       		.byte	0x14
 247 01ac 00       		.byte	0
 248 01ad 05       		.uleb128 0x5
 249 01ae 04       		.byte	0x4
 250 01af 5A010000 		.4byte	0x15a
 251 01b3 0A       		.uleb128 0xa
 252 01b4 4F010000 		.4byte	0x14f
 253 01b8 C3010000 		.4byte	0x1c3
 254 01bc 0B       		.uleb128 0xb
 255 01bd FD000000 		.4byte	0xfd
 256 01c1 00       		.byte	0
 257 01c2 00       		.byte	0
 258 01c3 10       		.uleb128 0x10
 259 01c4 B1030000 		.4byte	.LASF32
 260 01c8 24       		.byte	0x24
 261 01c9 05       		.byte	0x5
 262 01ca 37       		.byte	0x37
 263 01cb 3C020000 		.4byte	0x23c
 264 01cf 0D       		.uleb128 0xd
 265 01d0 64010000 		.4byte	.LASF33
 266 01d4 05       		.byte	0x5
 267 01d5 39       		.byte	0x39
 268 01d6 1D000000 		.4byte	0x1d
 269 01da 00       		.byte	0
 270 01db 0D       		.uleb128 0xd
 271 01dc 20080000 		.4byte	.LASF34
 272 01e0 05       		.byte	0x5
 273 01e1 3A       		.byte	0x3a
 274 01e2 1D000000 		.4byte	0x1d
 275 01e6 04       		.byte	0x4
 276 01e7 0D       		.uleb128 0xd
 277 01e8 A9020000 		.4byte	.LASF35
 278 01ec 05       		.byte	0x5
 279 01ed 3B       		.byte	0x3b
 280 01ee 1D000000 		.4byte	0x1d
 281 01f2 08       		.byte	0x8
 282 01f3 0D       		.uleb128 0xd
 283 01f4 4A080000 		.4byte	.LASF36
 284 01f8 05       		.byte	0x5
 285 01f9 3C       		.byte	0x3c
ARM GAS  /tmp/ccL3e2OY.s 			page 6


 286 01fa 1D000000 		.4byte	0x1d
 287 01fe 0C       		.byte	0xc
 288 01ff 0D       		.uleb128 0xd
 289 0200 29050000 		.4byte	.LASF37
 290 0204 05       		.byte	0x5
 291 0205 3D       		.byte	0x3d
 292 0206 1D000000 		.4byte	0x1d
 293 020a 10       		.byte	0x10
 294 020b 0D       		.uleb128 0xd
 295 020c D9060000 		.4byte	.LASF38
 296 0210 05       		.byte	0x5
 297 0211 3E       		.byte	0x3e
 298 0212 1D000000 		.4byte	0x1d
 299 0216 14       		.byte	0x14
 300 0217 0D       		.uleb128 0xd
 301 0218 B5060000 		.4byte	.LASF39
 302 021c 05       		.byte	0x5
 303 021d 3F       		.byte	0x3f
 304 021e 1D000000 		.4byte	0x1d
 305 0222 18       		.byte	0x18
 306 0223 0D       		.uleb128 0xd
 307 0224 E6050000 		.4byte	.LASF40
 308 0228 05       		.byte	0x5
 309 0229 40       		.byte	0x40
 310 022a 1D000000 		.4byte	0x1d
 311 022e 1C       		.byte	0x1c
 312 022f 0D       		.uleb128 0xd
 313 0230 06080000 		.4byte	.LASF41
 314 0234 05       		.byte	0x5
 315 0235 41       		.byte	0x41
 316 0236 1D000000 		.4byte	0x1d
 317 023a 20       		.byte	0x20
 318 023b 00       		.byte	0
 319 023c 12       		.uleb128 0x12
 320 023d B8020000 		.4byte	.LASF42
 321 0241 0801     		.2byte	0x108
 322 0243 05       		.byte	0x5
 323 0244 4A       		.byte	0x4a
 324 0245 7C020000 		.4byte	0x27c
 325 0249 0D       		.uleb128 0xd
 326 024a 23000000 		.4byte	.LASF43
 327 024e 05       		.byte	0x5
 328 024f 4B       		.byte	0x4b
 329 0250 7C020000 		.4byte	0x27c
 330 0254 00       		.byte	0
 331 0255 0D       		.uleb128 0xd
 332 0256 00000000 		.4byte	.LASF44
 333 025a 05       		.byte	0x5
 334 025b 4C       		.byte	0x4c
 335 025c 7C020000 		.4byte	0x27c
 336 0260 80       		.byte	0x80
 337 0261 13       		.uleb128 0x13
 338 0262 52070000 		.4byte	.LASF45
 339 0266 05       		.byte	0x5
 340 0267 4E       		.byte	0x4e
 341 0268 4F010000 		.4byte	0x14f
 342 026c 0001     		.2byte	0x100
ARM GAS  /tmp/ccL3e2OY.s 			page 7


 343 026e 13       		.uleb128 0x13
 344 026f FF020000 		.4byte	.LASF46
 345 0273 05       		.byte	0x5
 346 0274 51       		.byte	0x51
 347 0275 4F010000 		.4byte	0x14f
 348 0279 0401     		.2byte	0x104
 349 027b 00       		.byte	0
 350 027c 0A       		.uleb128 0xa
 351 027d 3B010000 		.4byte	0x13b
 352 0281 8C020000 		.4byte	0x28c
 353 0285 0B       		.uleb128 0xb
 354 0286 FD000000 		.4byte	0xfd
 355 028a 1F       		.byte	0x1f
 356 028b 00       		.byte	0
 357 028c 12       		.uleb128 0x12
 358 028d 32050000 		.4byte	.LASF47
 359 0291 9001     		.2byte	0x190
 360 0293 05       		.byte	0x5
 361 0294 5D       		.byte	0x5d
 362 0295 CA020000 		.4byte	0x2ca
 363 0299 0D       		.uleb128 0xd
 364 029a 3F070000 		.4byte	.LASF27
 365 029e 05       		.byte	0x5
 366 029f 5E       		.byte	0x5e
 367 02a0 CA020000 		.4byte	0x2ca
 368 02a4 00       		.byte	0
 369 02a5 0D       		.uleb128 0xd
 370 02a6 41060000 		.4byte	.LASF48
 371 02aa 05       		.byte	0x5
 372 02ab 5F       		.byte	0x5f
 373 02ac 1D000000 		.4byte	0x1d
 374 02b0 04       		.byte	0x4
 375 02b1 0D       		.uleb128 0xd
 376 02b2 4C030000 		.4byte	.LASF49
 377 02b6 05       		.byte	0x5
 378 02b7 61       		.byte	0x61
 379 02b8 D0020000 		.4byte	0x2d0
 380 02bc 08       		.byte	0x8
 381 02bd 0D       		.uleb128 0xd
 382 02be B8020000 		.4byte	.LASF42
 383 02c2 05       		.byte	0x5
 384 02c3 62       		.byte	0x62
 385 02c4 3C020000 		.4byte	0x23c
 386 02c8 88       		.byte	0x88
 387 02c9 00       		.byte	0
 388 02ca 05       		.uleb128 0x5
 389 02cb 04       		.byte	0x4
 390 02cc 8C020000 		.4byte	0x28c
 391 02d0 0A       		.uleb128 0xa
 392 02d1 E0020000 		.4byte	0x2e0
 393 02d5 E0020000 		.4byte	0x2e0
 394 02d9 0B       		.uleb128 0xb
 395 02da FD000000 		.4byte	0xfd
 396 02de 1F       		.byte	0x1f
 397 02df 00       		.byte	0
 398 02e0 05       		.uleb128 0x5
 399 02e1 04       		.byte	0x4
ARM GAS  /tmp/ccL3e2OY.s 			page 8


 400 02e2 E6020000 		.4byte	0x2e6
 401 02e6 14       		.uleb128 0x14
 402 02e7 10       		.uleb128 0x10
 403 02e8 F9050000 		.4byte	.LASF50
 404 02ec 08       		.byte	0x8
 405 02ed 05       		.byte	0x5
 406 02ee 75       		.byte	0x75
 407 02ef 0C030000 		.4byte	0x30c
 408 02f3 0D       		.uleb128 0xd
 409 02f4 8D010000 		.4byte	.LASF51
 410 02f8 05       		.byte	0x5
 411 02f9 76       		.byte	0x76
 412 02fa 0C030000 		.4byte	0x30c
 413 02fe 00       		.byte	0
 414 02ff 0D       		.uleb128 0xd
 415 0300 F8060000 		.4byte	.LASF52
 416 0304 05       		.byte	0x5
 417 0305 77       		.byte	0x77
 418 0306 1D000000 		.4byte	0x1d
 419 030a 04       		.byte	0x4
 420 030b 00       		.byte	0
 421 030c 05       		.uleb128 0x5
 422 030d 04       		.byte	0x4
 423 030e 4B000000 		.4byte	0x4b
 424 0312 10       		.uleb128 0x10
 425 0313 20060000 		.4byte	.LASF53
 426 0317 68       		.byte	0x68
 427 0318 05       		.byte	0x5
 428 0319 B5       		.byte	0xb5
 429 031a 3C040000 		.4byte	0x43c
 430 031e 11       		.uleb128 0x11
 431 031f 5F7000   		.ascii	"_p\000"
 432 0322 05       		.byte	0x5
 433 0323 B6       		.byte	0xb6
 434 0324 0C030000 		.4byte	0x30c
 435 0328 00       		.byte	0
 436 0329 11       		.uleb128 0x11
 437 032a 5F7200   		.ascii	"_r\000"
 438 032d 05       		.byte	0x5
 439 032e B7       		.byte	0xb7
 440 032f 1D000000 		.4byte	0x1d
 441 0333 04       		.byte	0x4
 442 0334 11       		.uleb128 0x11
 443 0335 5F7700   		.ascii	"_w\000"
 444 0338 05       		.byte	0x5
 445 0339 B8       		.byte	0xb8
 446 033a 1D000000 		.4byte	0x1d
 447 033e 08       		.byte	0x8
 448 033f 0D       		.uleb128 0xd
 449 0340 CF070000 		.4byte	.LASF54
 450 0344 05       		.byte	0x5
 451 0345 B9       		.byte	0xb9
 452 0346 52000000 		.4byte	0x52
 453 034a 0C       		.byte	0xc
 454 034b 0D       		.uleb128 0xd
 455 034c 0D040000 		.4byte	.LASF55
 456 0350 05       		.byte	0x5
ARM GAS  /tmp/ccL3e2OY.s 			page 9


 457 0351 BA       		.byte	0xba
 458 0352 52000000 		.4byte	0x52
 459 0356 0E       		.byte	0xe
 460 0357 11       		.uleb128 0x11
 461 0358 5F626600 		.ascii	"_bf\000"
 462 035c 05       		.byte	0x5
 463 035d BB       		.byte	0xbb
 464 035e E7020000 		.4byte	0x2e7
 465 0362 10       		.byte	0x10
 466 0363 0D       		.uleb128 0xd
 467 0364 41080000 		.4byte	.LASF56
 468 0368 05       		.byte	0x5
 469 0369 BC       		.byte	0xbc
 470 036a 1D000000 		.4byte	0x1d
 471 036e 18       		.byte	0x18
 472 036f 0D       		.uleb128 0xd
 473 0370 CD020000 		.4byte	.LASF57
 474 0374 05       		.byte	0x5
 475 0375 C3       		.byte	0xc3
 476 0376 3B010000 		.4byte	0x13b
 477 037a 1C       		.byte	0x1c
 478 037b 0D       		.uleb128 0xd
 479 037c AB030000 		.4byte	.LASF58
 480 0380 05       		.byte	0x5
 481 0381 C5       		.byte	0xc5
 482 0382 97050000 		.4byte	0x597
 483 0386 20       		.byte	0x20
 484 0387 0D       		.uleb128 0xd
 485 0388 C6040000 		.4byte	.LASF59
 486 038c 05       		.byte	0x5
 487 038d C7       		.byte	0xc7
 488 038e C6050000 		.4byte	0x5c6
 489 0392 24       		.byte	0x24
 490 0393 0D       		.uleb128 0xd
 491 0394 AF060000 		.4byte	.LASF60
 492 0398 05       		.byte	0x5
 493 0399 CA       		.byte	0xca
 494 039a EA050000 		.4byte	0x5ea
 495 039e 28       		.byte	0x28
 496 039f 0D       		.uleb128 0xd
 497 03a0 74010000 		.4byte	.LASF61
 498 03a4 05       		.byte	0x5
 499 03a5 CB       		.byte	0xcb
 500 03a6 04060000 		.4byte	0x604
 501 03aa 2C       		.byte	0x2c
 502 03ab 11       		.uleb128 0x11
 503 03ac 5F756200 		.ascii	"_ub\000"
 504 03b0 05       		.byte	0x5
 505 03b1 CE       		.byte	0xce
 506 03b2 E7020000 		.4byte	0x2e7
 507 03b6 30       		.byte	0x30
 508 03b7 11       		.uleb128 0x11
 509 03b8 5F757000 		.ascii	"_up\000"
 510 03bc 05       		.byte	0x5
 511 03bd CF       		.byte	0xcf
 512 03be 0C030000 		.4byte	0x30c
 513 03c2 38       		.byte	0x38
ARM GAS  /tmp/ccL3e2OY.s 			page 10


 514 03c3 11       		.uleb128 0x11
 515 03c4 5F757200 		.ascii	"_ur\000"
 516 03c8 05       		.byte	0x5
 517 03c9 D0       		.byte	0xd0
 518 03ca 1D000000 		.4byte	0x1d
 519 03ce 3C       		.byte	0x3c
 520 03cf 0D       		.uleb128 0xd
 521 03d0 87010000 		.4byte	.LASF62
 522 03d4 05       		.byte	0x5
 523 03d5 D3       		.byte	0xd3
 524 03d6 0A060000 		.4byte	0x60a
 525 03da 40       		.byte	0x40
 526 03db 0D       		.uleb128 0xd
 527 03dc F8070000 		.4byte	.LASF63
 528 03e0 05       		.byte	0x5
 529 03e1 D4       		.byte	0xd4
 530 03e2 1A060000 		.4byte	0x61a
 531 03e6 43       		.byte	0x43
 532 03e7 11       		.uleb128 0x11
 533 03e8 5F6C6200 		.ascii	"_lb\000"
 534 03ec 05       		.byte	0x5
 535 03ed D7       		.byte	0xd7
 536 03ee E7020000 		.4byte	0x2e7
 537 03f2 44       		.byte	0x44
 538 03f3 0D       		.uleb128 0xd
 539 03f4 EF060000 		.4byte	.LASF64
 540 03f8 05       		.byte	0x5
 541 03f9 DA       		.byte	0xda
 542 03fa 1D000000 		.4byte	0x1d
 543 03fe 4C       		.byte	0x4c
 544 03ff 0D       		.uleb128 0xd
 545 0400 25030000 		.4byte	.LASF65
 546 0404 05       		.byte	0x5
 547 0405 DB       		.byte	0xdb
 548 0406 AC000000 		.4byte	0xac
 549 040a 50       		.byte	0x50
 550 040b 0D       		.uleb128 0xd
 551 040c 13040000 		.4byte	.LASF66
 552 0410 05       		.byte	0x5
 553 0411 DE       		.byte	0xde
 554 0412 5A040000 		.4byte	0x45a
 555 0416 54       		.byte	0x54
 556 0417 0D       		.uleb128 0xd
 557 0418 97040000 		.4byte	.LASF67
 558 041c 05       		.byte	0x5
 559 041d E2       		.byte	0xe2
 560 041e 30010000 		.4byte	0x130
 561 0422 58       		.byte	0x58
 562 0423 0D       		.uleb128 0xd
 563 0424 28060000 		.4byte	.LASF68
 564 0428 05       		.byte	0x5
 565 0429 E4       		.byte	0xe4
 566 042a 25010000 		.4byte	0x125
 567 042e 5C       		.byte	0x5c
 568 042f 0D       		.uleb128 0xd
 569 0430 00060000 		.4byte	.LASF69
 570 0434 05       		.byte	0x5
ARM GAS  /tmp/ccL3e2OY.s 			page 11


 571 0435 E5       		.byte	0xe5
 572 0436 1D000000 		.4byte	0x1d
 573 043a 64       		.byte	0x64
 574 043b 00       		.byte	0
 575 043c 15       		.uleb128 0x15
 576 043d 1D000000 		.4byte	0x1d
 577 0441 5A040000 		.4byte	0x45a
 578 0445 16       		.uleb128 0x16
 579 0446 5A040000 		.4byte	0x45a
 580 044a 16       		.uleb128 0x16
 581 044b 3B010000 		.4byte	0x13b
 582 044f 16       		.uleb128 0x16
 583 0450 3D010000 		.4byte	0x13d
 584 0454 16       		.uleb128 0x16
 585 0455 1D000000 		.4byte	0x1d
 586 0459 00       		.byte	0
 587 045a 05       		.uleb128 0x5
 588 045b 04       		.byte	0x4
 589 045c 65040000 		.4byte	0x465
 590 0460 0F       		.uleb128 0xf
 591 0461 5A040000 		.4byte	0x45a
 592 0465 17       		.uleb128 0x17
 593 0466 79060000 		.4byte	.LASF70
 594 046a 2804     		.2byte	0x428
 595 046c 05       		.byte	0x5
 596 046d 3902     		.2byte	0x239
 597 046f 97050000 		.4byte	0x597
 598 0473 18       		.uleb128 0x18
 599 0474 E3060000 		.4byte	.LASF71
 600 0478 05       		.byte	0x5
 601 0479 3B02     		.2byte	0x23b
 602 047b 1D000000 		.4byte	0x1d
 603 047f 00       		.byte	0
 604 0480 18       		.uleb128 0x18
 605 0481 07030000 		.4byte	.LASF72
 606 0485 05       		.byte	0x5
 607 0486 4002     		.2byte	0x240
 608 0488 71060000 		.4byte	0x671
 609 048c 04       		.byte	0x4
 610 048d 18       		.uleb128 0x18
 611 048e CD030000 		.4byte	.LASF73
 612 0492 05       		.byte	0x5
 613 0493 4002     		.2byte	0x240
 614 0495 71060000 		.4byte	0x671
 615 0499 08       		.byte	0x8
 616 049a 18       		.uleb128 0x18
 617 049b 7E030000 		.4byte	.LASF74
 618 049f 05       		.byte	0x5
 619 04a0 4002     		.2byte	0x240
 620 04a2 71060000 		.4byte	0x671
 621 04a6 0C       		.byte	0xc
 622 04a7 18       		.uleb128 0x18
 623 04a8 3C060000 		.4byte	.LASF75
 624 04ac 05       		.byte	0x5
 625 04ad 4202     		.2byte	0x242
 626 04af 1D000000 		.4byte	0x1d
 627 04b3 10       		.byte	0x10
ARM GAS  /tmp/ccL3e2OY.s 			page 12


 628 04b4 18       		.uleb128 0x18
 629 04b5 40000000 		.4byte	.LASF76
 630 04b9 05       		.byte	0x5
 631 04ba 4302     		.2byte	0x243
 632 04bc 53080000 		.4byte	0x853
 633 04c0 14       		.byte	0x14
 634 04c1 18       		.uleb128 0x18
 635 04c2 58060000 		.4byte	.LASF77
 636 04c6 05       		.byte	0x5
 637 04c7 4602     		.2byte	0x246
 638 04c9 1D000000 		.4byte	0x1d
 639 04cd 30       		.byte	0x30
 640 04ce 18       		.uleb128 0x18
 641 04cf 46060000 		.4byte	.LASF78
 642 04d3 05       		.byte	0x5
 643 04d4 4702     		.2byte	0x247
 644 04d6 68080000 		.4byte	0x868
 645 04da 34       		.byte	0x34
 646 04db 18       		.uleb128 0x18
 647 04dc 3A050000 		.4byte	.LASF79
 648 04e0 05       		.byte	0x5
 649 04e1 4902     		.2byte	0x249
 650 04e3 1D000000 		.4byte	0x1d
 651 04e7 38       		.byte	0x38
 652 04e8 18       		.uleb128 0x18
 653 04e9 4E060000 		.4byte	.LASF80
 654 04ed 05       		.byte	0x5
 655 04ee 4B02     		.2byte	0x24b
 656 04f0 79080000 		.4byte	0x879
 657 04f4 3C       		.byte	0x3c
 658 04f5 18       		.uleb128 0x18
 659 04f6 68040000 		.4byte	.LASF81
 660 04fa 05       		.byte	0x5
 661 04fb 4E02     		.2byte	0x24e
 662 04fd AD010000 		.4byte	0x1ad
 663 0501 40       		.byte	0x40
 664 0502 18       		.uleb128 0x18
 665 0503 13030000 		.4byte	.LASF82
 666 0507 05       		.byte	0x5
 667 0508 4F02     		.2byte	0x24f
 668 050a 1D000000 		.4byte	0x1d
 669 050e 44       		.byte	0x44
 670 050f 18       		.uleb128 0x18
 671 0510 3C080000 		.4byte	.LASF83
 672 0514 05       		.byte	0x5
 673 0515 5002     		.2byte	0x250
 674 0517 AD010000 		.4byte	0x1ad
 675 051b 48       		.byte	0x48
 676 051c 18       		.uleb128 0x18
 677 051d 64050000 		.4byte	.LASF84
 678 0521 05       		.byte	0x5
 679 0522 5102     		.2byte	0x251
 680 0524 7F080000 		.4byte	0x87f
 681 0528 4C       		.byte	0x4c
 682 0529 18       		.uleb128 0x18
 683 052a D5030000 		.4byte	.LASF85
 684 052e 05       		.byte	0x5
ARM GAS  /tmp/ccL3e2OY.s 			page 13


 685 052f 5402     		.2byte	0x254
 686 0531 1D000000 		.4byte	0x1d
 687 0535 50       		.byte	0x50
 688 0536 18       		.uleb128 0x18
 689 0537 1D030000 		.4byte	.LASF86
 690 053b 05       		.byte	0x5
 691 053c 5502     		.2byte	0x255
 692 053e 3D010000 		.4byte	0x13d
 693 0542 54       		.byte	0x54
 694 0543 18       		.uleb128 0x18
 695 0544 8A040000 		.4byte	.LASF87
 696 0548 05       		.byte	0x5
 697 0549 7802     		.2byte	0x278
 698 054b 31080000 		.4byte	0x831
 699 054f 58       		.byte	0x58
 700 0550 19       		.uleb128 0x19
 701 0551 32050000 		.4byte	.LASF47
 702 0555 05       		.byte	0x5
 703 0556 7C02     		.2byte	0x27c
 704 0558 CA020000 		.4byte	0x2ca
 705 055c 4801     		.2byte	0x148
 706 055e 19       		.uleb128 0x19
 707 055f 8B000000 		.4byte	.LASF88
 708 0563 05       		.byte	0x5
 709 0564 7D02     		.2byte	0x27d
 710 0566 8C020000 		.4byte	0x28c
 711 056a 4C01     		.2byte	0x14c
 712 056c 19       		.uleb128 0x19
 713 056d E8070000 		.4byte	.LASF89
 714 0571 05       		.byte	0x5
 715 0572 8102     		.2byte	0x281
 716 0574 90080000 		.4byte	0x890
 717 0578 DC02     		.2byte	0x2dc
 718 057a 19       		.uleb128 0x19
 719 057b D5020000 		.4byte	.LASF90
 720 057f 05       		.byte	0x5
 721 0580 8602     		.2byte	0x286
 722 0582 36060000 		.4byte	0x636
 723 0586 E002     		.2byte	0x2e0
 724 0588 19       		.uleb128 0x19
 725 0589 B3020000 		.4byte	.LASF91
 726 058d 05       		.byte	0x5
 727 058e 8702     		.2byte	0x287
 728 0590 9C080000 		.4byte	0x89c
 729 0594 EC02     		.2byte	0x2ec
 730 0596 00       		.byte	0
 731 0597 05       		.uleb128 0x5
 732 0598 04       		.byte	0x4
 733 0599 3C040000 		.4byte	0x43c
 734 059d 15       		.uleb128 0x15
 735 059e 1D000000 		.4byte	0x1d
 736 05a2 BB050000 		.4byte	0x5bb
 737 05a6 16       		.uleb128 0x16
 738 05a7 5A040000 		.4byte	0x45a
 739 05ab 16       		.uleb128 0x16
 740 05ac 3B010000 		.4byte	0x13b
 741 05b0 16       		.uleb128 0x16
ARM GAS  /tmp/ccL3e2OY.s 			page 14


 742 05b1 BB050000 		.4byte	0x5bb
 743 05b5 16       		.uleb128 0x16
 744 05b6 1D000000 		.4byte	0x1d
 745 05ba 00       		.byte	0
 746 05bb 05       		.uleb128 0x5
 747 05bc 04       		.byte	0x4
 748 05bd 4A010000 		.4byte	0x14a
 749 05c1 1A       		.uleb128 0x1a
 750 05c2 BB050000 		.4byte	0x5bb
 751 05c6 05       		.uleb128 0x5
 752 05c7 04       		.byte	0x4
 753 05c8 9D050000 		.4byte	0x59d
 754 05cc 15       		.uleb128 0x15
 755 05cd B7000000 		.4byte	0xb7
 756 05d1 EA050000 		.4byte	0x5ea
 757 05d5 16       		.uleb128 0x16
 758 05d6 5A040000 		.4byte	0x45a
 759 05da 16       		.uleb128 0x16
 760 05db 3B010000 		.4byte	0x13b
 761 05df 16       		.uleb128 0x16
 762 05e0 B7000000 		.4byte	0xb7
 763 05e4 16       		.uleb128 0x16
 764 05e5 1D000000 		.4byte	0x1d
 765 05e9 00       		.byte	0
 766 05ea 05       		.uleb128 0x5
 767 05eb 04       		.byte	0x4
 768 05ec CC050000 		.4byte	0x5cc
 769 05f0 15       		.uleb128 0x15
 770 05f1 1D000000 		.4byte	0x1d
 771 05f5 04060000 		.4byte	0x604
 772 05f9 16       		.uleb128 0x16
 773 05fa 5A040000 		.4byte	0x45a
 774 05fe 16       		.uleb128 0x16
 775 05ff 3B010000 		.4byte	0x13b
 776 0603 00       		.byte	0
 777 0604 05       		.uleb128 0x5
 778 0605 04       		.byte	0x4
 779 0606 F0050000 		.4byte	0x5f0
 780 060a 0A       		.uleb128 0xa
 781 060b 4B000000 		.4byte	0x4b
 782 060f 1A060000 		.4byte	0x61a
 783 0613 0B       		.uleb128 0xb
 784 0614 FD000000 		.4byte	0xfd
 785 0618 02       		.byte	0x2
 786 0619 00       		.byte	0
 787 061a 0A       		.uleb128 0xa
 788 061b 4B000000 		.4byte	0x4b
 789 061f 2A060000 		.4byte	0x62a
 790 0623 0B       		.uleb128 0xb
 791 0624 FD000000 		.4byte	0xfd
 792 0628 00       		.byte	0
 793 0629 00       		.byte	0
 794 062a 07       		.uleb128 0x7
 795 062b 0E060000 		.4byte	.LASF92
 796 062f 05       		.byte	0x5
 797 0630 1F01     		.2byte	0x11f
 798 0632 12030000 		.4byte	0x312
ARM GAS  /tmp/ccL3e2OY.s 			page 15


 799 0636 1B       		.uleb128 0x1b
 800 0637 C3070000 		.4byte	.LASF93
 801 063b 0C       		.byte	0xc
 802 063c 05       		.byte	0x5
 803 063d 2301     		.2byte	0x123
 804 063f 6B060000 		.4byte	0x66b
 805 0643 18       		.uleb128 0x18
 806 0644 3F070000 		.4byte	.LASF27
 807 0648 05       		.byte	0x5
 808 0649 2501     		.2byte	0x125
 809 064b 6B060000 		.4byte	0x66b
 810 064f 00       		.byte	0
 811 0650 18       		.uleb128 0x18
 812 0651 1F040000 		.4byte	.LASF94
 813 0655 05       		.byte	0x5
 814 0656 2601     		.2byte	0x126
 815 0658 1D000000 		.4byte	0x1d
 816 065c 04       		.byte	0x4
 817 065d 18       		.uleb128 0x18
 818 065e 08060000 		.4byte	.LASF95
 819 0662 05       		.byte	0x5
 820 0663 2701     		.2byte	0x127
 821 0665 71060000 		.4byte	0x671
 822 0669 08       		.byte	0x8
 823 066a 00       		.byte	0
 824 066b 05       		.uleb128 0x5
 825 066c 04       		.byte	0x4
 826 066d 36060000 		.4byte	0x636
 827 0671 05       		.uleb128 0x5
 828 0672 04       		.byte	0x4
 829 0673 2A060000 		.4byte	0x62a
 830 0677 1B       		.uleb128 0x1b
 831 0678 31000000 		.4byte	.LASF96
 832 067c 0E       		.byte	0xe
 833 067d 05       		.byte	0x5
 834 067e 3F01     		.2byte	0x13f
 835 0680 AC060000 		.4byte	0x6ac
 836 0684 18       		.uleb128 0x18
 837 0685 92060000 		.4byte	.LASF97
 838 0689 05       		.byte	0x5
 839 068a 4001     		.2byte	0x140
 840 068c AC060000 		.4byte	0x6ac
 841 0690 00       		.byte	0
 842 0691 18       		.uleb128 0x18
 843 0692 AB040000 		.4byte	.LASF98
 844 0696 05       		.byte	0x5
 845 0697 4101     		.2byte	0x141
 846 0699 AC060000 		.4byte	0x6ac
 847 069d 06       		.byte	0x6
 848 069e 18       		.uleb128 0x18
 849 069f 87070000 		.4byte	.LASF99
 850 06a3 05       		.byte	0x5
 851 06a4 4201     		.2byte	0x142
 852 06a6 59000000 		.4byte	0x59
 853 06aa 0C       		.byte	0xc
 854 06ab 00       		.byte	0
 855 06ac 0A       		.uleb128 0xa
ARM GAS  /tmp/ccL3e2OY.s 			page 16


 856 06ad 59000000 		.4byte	0x59
 857 06b1 BC060000 		.4byte	0x6bc
 858 06b5 0B       		.uleb128 0xb
 859 06b6 FD000000 		.4byte	0xfd
 860 06ba 02       		.byte	0x2
 861 06bb 00       		.byte	0
 862 06bc 1C       		.uleb128 0x1c
 863 06bd D0       		.byte	0xd0
 864 06be 05       		.byte	0x5
 865 06bf 5902     		.2byte	0x259
 866 06c1 BD070000 		.4byte	0x7bd
 867 06c5 18       		.uleb128 0x18
 868 06c6 C7050000 		.4byte	.LASF100
 869 06ca 05       		.byte	0x5
 870 06cb 5B02     		.2byte	0x25b
 871 06cd 24000000 		.4byte	0x24
 872 06d1 00       		.byte	0
 873 06d2 18       		.uleb128 0x18
 874 06d3 45070000 		.4byte	.LASF101
 875 06d7 05       		.byte	0x5
 876 06d8 5C02     		.2byte	0x25c
 877 06da 3D010000 		.4byte	0x13d
 878 06de 04       		.byte	0x4
 879 06df 18       		.uleb128 0x18
 880 06e0 55040000 		.4byte	.LASF102
 881 06e4 05       		.byte	0x5
 882 06e5 5D02     		.2byte	0x25d
 883 06e7 BD070000 		.4byte	0x7bd
 884 06eb 08       		.byte	0x8
 885 06ec 18       		.uleb128 0x18
 886 06ed 11080000 		.4byte	.LASF103
 887 06f1 05       		.byte	0x5
 888 06f2 5E02     		.2byte	0x25e
 889 06f4 C3010000 		.4byte	0x1c3
 890 06f8 24       		.byte	0x24
 891 06f9 18       		.uleb128 0x18
 892 06fa 8E030000 		.4byte	.LASF104
 893 06fe 05       		.byte	0x5
 894 06ff 5F02     		.2byte	0x25f
 895 0701 1D000000 		.4byte	0x1d
 896 0705 48       		.byte	0x48
 897 0706 18       		.uleb128 0x18
 898 0707 26040000 		.4byte	.LASF105
 899 070b 05       		.byte	0x5
 900 070c 6002     		.2byte	0x260
 901 070e 8F000000 		.4byte	0x8f
 902 0712 50       		.byte	0x50
 903 0713 18       		.uleb128 0x18
 904 0714 29080000 		.4byte	.LASF106
 905 0718 05       		.byte	0x5
 906 0719 6102     		.2byte	0x261
 907 071b 77060000 		.4byte	0x677
 908 071f 58       		.byte	0x58
 909 0720 18       		.uleb128 0x18
 910 0721 94050000 		.4byte	.LASF107
 911 0725 05       		.byte	0x5
 912 0726 6202     		.2byte	0x262
ARM GAS  /tmp/ccL3e2OY.s 			page 17


 913 0728 25010000 		.4byte	0x125
 914 072c 68       		.byte	0x68
 915 072d 18       		.uleb128 0x18
 916 072e 2E080000 		.4byte	.LASF108
 917 0732 05       		.byte	0x5
 918 0733 6302     		.2byte	0x263
 919 0735 25010000 		.4byte	0x125
 920 0739 70       		.byte	0x70
 921 073a 18       		.uleb128 0x18
 922 073b 6E050000 		.4byte	.LASF109
 923 073f 05       		.byte	0x5
 924 0740 6402     		.2byte	0x264
 925 0742 25010000 		.4byte	0x125
 926 0746 78       		.byte	0x78
 927 0747 18       		.uleb128 0x18
 928 0748 DE070000 		.4byte	.LASF110
 929 074c 05       		.byte	0x5
 930 074d 6502     		.2byte	0x265
 931 074f CD070000 		.4byte	0x7cd
 932 0753 80       		.byte	0x80
 933 0754 18       		.uleb128 0x18
 934 0755 49040000 		.4byte	.LASF111
 935 0759 05       		.byte	0x5
 936 075a 6602     		.2byte	0x266
 937 075c DD070000 		.4byte	0x7dd
 938 0760 88       		.byte	0x88
 939 0761 18       		.uleb128 0x18
 940 0762 7E000000 		.4byte	.LASF112
 941 0766 05       		.byte	0x5
 942 0767 6702     		.2byte	0x267
 943 0769 1D000000 		.4byte	0x1d
 944 076d A0       		.byte	0xa0
 945 076e 18       		.uleb128 0x18
 946 076f 3E030000 		.4byte	.LASF113
 947 0773 05       		.byte	0x5
 948 0774 6802     		.2byte	0x268
 949 0776 25010000 		.4byte	0x125
 950 077a A4       		.byte	0xa4
 951 077b 18       		.uleb128 0x18
 952 077c 3F010000 		.4byte	.LASF114
 953 0780 05       		.byte	0x5
 954 0781 6902     		.2byte	0x269
 955 0783 25010000 		.4byte	0x125
 956 0787 AC       		.byte	0xac
 957 0788 18       		.uleb128 0x18
 958 0789 2D030000 		.4byte	.LASF115
 959 078d 05       		.byte	0x5
 960 078e 6A02     		.2byte	0x26a
 961 0790 25010000 		.4byte	0x125
 962 0794 B4       		.byte	0xb4
 963 0795 18       		.uleb128 0x18
 964 0796 94000000 		.4byte	.LASF116
 965 079a 05       		.byte	0x5
 966 079b 6B02     		.2byte	0x26b
 967 079d 25010000 		.4byte	0x125
 968 07a1 BC       		.byte	0xbc
 969 07a2 18       		.uleb128 0x18
ARM GAS  /tmp/ccL3e2OY.s 			page 18


 970 07a3 A3000000 		.4byte	.LASF117
 971 07a7 05       		.byte	0x5
 972 07a8 6C02     		.2byte	0x26c
 973 07aa 25010000 		.4byte	0x125
 974 07ae C4       		.byte	0xc4
 975 07af 18       		.uleb128 0x18
 976 07b0 D4050000 		.4byte	.LASF118
 977 07b4 05       		.byte	0x5
 978 07b5 6D02     		.2byte	0x26d
 979 07b7 1D000000 		.4byte	0x1d
 980 07bb CC       		.byte	0xcc
 981 07bc 00       		.byte	0
 982 07bd 0A       		.uleb128 0xa
 983 07be 43010000 		.4byte	0x143
 984 07c2 CD070000 		.4byte	0x7cd
 985 07c6 0B       		.uleb128 0xb
 986 07c7 FD000000 		.4byte	0xfd
 987 07cb 19       		.byte	0x19
 988 07cc 00       		.byte	0
 989 07cd 0A       		.uleb128 0xa
 990 07ce 43010000 		.4byte	0x143
 991 07d2 DD070000 		.4byte	0x7dd
 992 07d6 0B       		.uleb128 0xb
 993 07d7 FD000000 		.4byte	0xfd
 994 07db 07       		.byte	0x7
 995 07dc 00       		.byte	0
 996 07dd 0A       		.uleb128 0xa
 997 07de 43010000 		.4byte	0x143
 998 07e2 ED070000 		.4byte	0x7ed
 999 07e6 0B       		.uleb128 0xb
 1000 07e7 FD000000 		.4byte	0xfd
 1001 07eb 17       		.byte	0x17
 1002 07ec 00       		.byte	0
 1003 07ed 1C       		.uleb128 0x1c
 1004 07ee F0       		.byte	0xf0
 1005 07ef 05       		.byte	0x5
 1006 07f0 7202     		.2byte	0x272
 1007 07f2 11080000 		.4byte	0x811
 1008 07f6 18       		.uleb128 0x18
 1009 07f7 15050000 		.4byte	.LASF119
 1010 07fb 05       		.byte	0x5
 1011 07fc 7502     		.2byte	0x275
 1012 07fe 11080000 		.4byte	0x811
 1013 0802 00       		.byte	0
 1014 0803 18       		.uleb128 0x18
 1015 0804 CD040000 		.4byte	.LASF120
 1016 0808 05       		.byte	0x5
 1017 0809 7602     		.2byte	0x276
 1018 080b 21080000 		.4byte	0x821
 1019 080f 78       		.byte	0x78
 1020 0810 00       		.byte	0
 1021 0811 0A       		.uleb128 0xa
 1022 0812 0C030000 		.4byte	0x30c
 1023 0816 21080000 		.4byte	0x821
 1024 081a 0B       		.uleb128 0xb
 1025 081b FD000000 		.4byte	0xfd
 1026 081f 1D       		.byte	0x1d
ARM GAS  /tmp/ccL3e2OY.s 			page 19


 1027 0820 00       		.byte	0
 1028 0821 0A       		.uleb128 0xa
 1029 0822 24000000 		.4byte	0x24
 1030 0826 31080000 		.4byte	0x831
 1031 082a 0B       		.uleb128 0xb
 1032 082b FD000000 		.4byte	0xfd
 1033 082f 1D       		.byte	0x1d
 1034 0830 00       		.byte	0
 1035 0831 1D       		.uleb128 0x1d
 1036 0832 F0       		.byte	0xf0
 1037 0833 05       		.byte	0x5
 1038 0834 5702     		.2byte	0x257
 1039 0836 53080000 		.4byte	0x853
 1040 083a 1E       		.uleb128 0x1e
 1041 083b 79060000 		.4byte	.LASF70
 1042 083f 05       		.byte	0x5
 1043 0840 6E02     		.2byte	0x26e
 1044 0842 BC060000 		.4byte	0x6bc
 1045 0846 1E       		.uleb128 0x1e
 1046 0847 FE070000 		.4byte	.LASF121
 1047 084b 05       		.byte	0x5
 1048 084c 7702     		.2byte	0x277
 1049 084e ED070000 		.4byte	0x7ed
 1050 0852 00       		.byte	0
 1051 0853 0A       		.uleb128 0xa
 1052 0854 43010000 		.4byte	0x143
 1053 0858 63080000 		.4byte	0x863
 1054 085c 0B       		.uleb128 0xb
 1055 085d FD000000 		.4byte	0xfd
 1056 0861 18       		.byte	0x18
 1057 0862 00       		.byte	0
 1058 0863 06       		.uleb128 0x6
 1059 0864 03010000 		.4byte	.LASF123
 1060 0868 05       		.uleb128 0x5
 1061 0869 04       		.byte	0x4
 1062 086a 63080000 		.4byte	0x863
 1063 086e 1F       		.uleb128 0x1f
 1064 086f 79080000 		.4byte	0x879
 1065 0873 16       		.uleb128 0x16
 1066 0874 5A040000 		.4byte	0x45a
 1067 0878 00       		.byte	0
 1068 0879 05       		.uleb128 0x5
 1069 087a 04       		.byte	0x4
 1070 087b 6E080000 		.4byte	0x86e
 1071 087f 05       		.uleb128 0x5
 1072 0880 04       		.byte	0x4
 1073 0881 AD010000 		.4byte	0x1ad
 1074 0885 1F       		.uleb128 0x1f
 1075 0886 90080000 		.4byte	0x890
 1076 088a 16       		.uleb128 0x16
 1077 088b 1D000000 		.4byte	0x1d
 1078 088f 00       		.byte	0
 1079 0890 05       		.uleb128 0x5
 1080 0891 04       		.byte	0x4
 1081 0892 96080000 		.4byte	0x896
 1082 0896 05       		.uleb128 0x5
 1083 0897 04       		.byte	0x4
ARM GAS  /tmp/ccL3e2OY.s 			page 20


 1084 0898 85080000 		.4byte	0x885
 1085 089c 0A       		.uleb128 0xa
 1086 089d 2A060000 		.4byte	0x62a
 1087 08a1 AC080000 		.4byte	0x8ac
 1088 08a5 0B       		.uleb128 0xb
 1089 08a6 FD000000 		.4byte	0xfd
 1090 08aa 02       		.byte	0x2
 1091 08ab 00       		.byte	0
 1092 08ac 20       		.uleb128 0x20
 1093 08ad 72030000 		.4byte	.LASF124
 1094 08b1 05       		.byte	0x5
 1095 08b2 FE02     		.2byte	0x2fe
 1096 08b4 5A040000 		.4byte	0x45a
 1097 08b8 20       		.uleb128 0x20
 1098 08b9 8C070000 		.4byte	.LASF125
 1099 08bd 05       		.byte	0x5
 1100 08be FF02     		.2byte	0x2ff
 1101 08c0 60040000 		.4byte	0x460
 1102 08c4 04       		.uleb128 0x4
 1103 08c5 D6070000 		.4byte	.LASF126
 1104 08c9 06       		.byte	0x6
 1105 08ca 18       		.byte	0x18
 1106 08cb 40000000 		.4byte	0x40
 1107 08cf 0F       		.uleb128 0xf
 1108 08d0 C4080000 		.4byte	0x8c4
 1109 08d4 04       		.uleb128 0x4
 1110 08d5 B1050000 		.4byte	.LASF127
 1111 08d9 06       		.byte	0x6
 1112 08da 2C       		.byte	0x2c
 1113 08db 60000000 		.4byte	0x60
 1114 08df 1A       		.uleb128 0x1a
 1115 08e0 D4080000 		.4byte	0x8d4
 1116 08e4 04       		.uleb128 0x4
 1117 08e5 9F070000 		.4byte	.LASF128
 1118 08e9 06       		.byte	0x6
 1119 08ea 30       		.byte	0x30
 1120 08eb 72000000 		.4byte	0x72
 1121 08ef 04       		.uleb128 0x4
 1122 08f0 4B000000 		.4byte	.LASF129
 1123 08f4 06       		.byte	0x6
 1124 08f5 3C       		.byte	0x3c
 1125 08f6 84000000 		.4byte	0x84
 1126 08fa 04       		.uleb128 0x4
 1127 08fb 8F040000 		.4byte	.LASF130
 1128 08ff 07       		.byte	0x7
 1129 0900 2A       		.byte	0x2a
 1130 0901 C4080000 		.4byte	0x8c4
 1131 0905 04       		.uleb128 0x4
 1132 0906 F6020000 		.4byte	.LASF131
 1133 090a 07       		.byte	0x7
 1134 090b 2B       		.byte	0x2b
 1135 090c C4080000 		.4byte	0x8c4
 1136 0910 04       		.uleb128 0x4
 1137 0911 8C050000 		.4byte	.LASF132
 1138 0915 07       		.byte	0x7
 1139 0916 2E       		.byte	0x2e
 1140 0917 E4080000 		.4byte	0x8e4
ARM GAS  /tmp/ccL3e2OY.s 			page 21


 1141 091b 04       		.uleb128 0x4
 1142 091c 62040000 		.4byte	.LASF133
 1143 0920 07       		.byte	0x7
 1144 0921 2F       		.byte	0x2f
 1145 0922 D4080000 		.4byte	0x8d4
 1146 0926 04       		.uleb128 0x4
 1147 0927 0B070000 		.4byte	.LASF134
 1148 092b 08       		.byte	0x8
 1149 092c 34       		.byte	0x34
 1150 092d 31090000 		.4byte	0x931
 1151 0931 10       		.uleb128 0x10
 1152 0932 3F040000 		.4byte	.LASF135
 1153 0936 18       		.byte	0x18
 1154 0937 09       		.byte	0x9
 1155 0938 8E       		.byte	0x8e
 1156 0939 85090000 		.4byte	0x985
 1157 093d 0D       		.uleb128 0xd
 1158 093e 19040000 		.4byte	.LASF136
 1159 0942 09       		.byte	0x9
 1160 0943 8F       		.byte	0x8f
 1161 0944 96090000 		.4byte	0x996
 1162 0948 00       		.byte	0
 1163 0949 0D       		.uleb128 0xd
 1164 094a 45050000 		.4byte	.LASF137
 1165 094e 09       		.byte	0x9
 1166 094f 90       		.byte	0x90
 1167 0950 10090000 		.4byte	0x910
 1168 0954 08       		.byte	0x8
 1169 0955 11       		.uleb128 0x11
 1170 0956 63747800 		.ascii	"ctx\000"
 1171 095a 09       		.byte	0x9
 1172 095b 91       		.byte	0x91
 1173 095c CC0B0000 		.4byte	0xbcc
 1174 0960 0C       		.byte	0xc
 1175 0961 0D       		.uleb128 0xd
 1176 0962 DD020000 		.4byte	.LASF138
 1177 0966 09       		.byte	0x9
 1178 0967 A9       		.byte	0xa9
 1179 0968 05090000 		.4byte	0x905
 1180 096c 10       		.byte	0x10
 1181 096d 0D       		.uleb128 0xd
 1182 096e F2070000 		.4byte	.LASF139
 1183 0972 09       		.byte	0x9
 1184 0973 AD       		.byte	0xad
 1185 0974 FA080000 		.4byte	0x8fa
 1186 0978 11       		.byte	0x11
 1187 0979 21       		.uleb128 0x21
 1188 097a 7500     		.ascii	"u\000"
 1189 097c 09       		.byte	0x9
 1190 097d 0301     		.2byte	0x103
 1191 097f 360D0000 		.4byte	0xd36
 1192 0983 14       		.byte	0x14
 1193 0984 00       		.byte	0
 1194 0985 04       		.uleb128 0x4
 1195 0986 DF040000 		.4byte	.LASF140
 1196 098a 08       		.byte	0x8
 1197 098b 39       		.byte	0x39
ARM GAS  /tmp/ccL3e2OY.s 			page 22


 1198 098c 90090000 		.4byte	0x990
 1199 0990 05       		.uleb128 0x5
 1200 0991 04       		.byte	0x4
 1201 0992 26090000 		.4byte	0x926
 1202 0996 04       		.uleb128 0x4
 1203 0997 A8070000 		.4byte	.LASF141
 1204 099b 08       		.byte	0x8
 1205 099c 45       		.byte	0x45
 1206 099d A1090000 		.4byte	0x9a1
 1207 09a1 10       		.uleb128 0x10
 1208 09a2 53010000 		.4byte	.LASF142
 1209 09a6 08       		.byte	0x8
 1210 09a7 09       		.byte	0x9
 1211 09a8 83       		.byte	0x83
 1212 09a9 C6090000 		.4byte	0x9c6
 1213 09ad 0D       		.uleb128 0xd
 1214 09ae 4E010000 		.4byte	.LASF143
 1215 09b2 09       		.byte	0x9
 1216 09b3 84       		.byte	0x84
 1217 09b4 90090000 		.4byte	0x990
 1218 09b8 00       		.byte	0
 1219 09b9 0D       		.uleb128 0xd
 1220 09ba 5E000000 		.4byte	.LASF144
 1221 09be 09       		.byte	0x9
 1222 09bf 85       		.byte	0x85
 1223 09c0 90090000 		.4byte	0x990
 1224 09c4 04       		.byte	0x4
 1225 09c5 00       		.byte	0
 1226 09c6 04       		.uleb128 0x4
 1227 09c7 16000000 		.4byte	.LASF145
 1228 09cb 08       		.byte	0x8
 1229 09cc 4C       		.byte	0x4c
 1230 09cd D1090000 		.4byte	0x9d1
 1231 09d1 1B       		.uleb128 0x1b
 1232 09d2 9D040000 		.4byte	.LASF146
 1233 09d6 14       		.byte	0x14
 1234 09d7 09       		.byte	0x9
 1235 09d8 5E01     		.2byte	0x15e
 1236 09da 130A0000 		.4byte	0xa13
 1237 09de 18       		.uleb128 0x18
 1238 09df 19040000 		.4byte	.LASF136
 1239 09e3 09       		.byte	0x9
 1240 09e4 5F01     		.2byte	0x15f
 1241 09e6 96090000 		.4byte	0x996
 1242 09ea 00       		.byte	0
 1243 09eb 18       		.uleb128 0x18
 1244 09ec 45050000 		.4byte	.LASF137
 1245 09f0 09       		.byte	0x9
 1246 09f1 6001     		.2byte	0x160
 1247 09f3 10090000 		.4byte	0x910
 1248 09f7 08       		.byte	0x8
 1249 09f8 21       		.uleb128 0x21
 1250 09f9 63747800 		.ascii	"ctx\000"
 1251 09fd 09       		.byte	0x9
 1252 09fe 6201     		.2byte	0x162
 1253 0a00 CC0B0000 		.4byte	0xbcc
 1254 0a04 0C       		.byte	0xc
ARM GAS  /tmp/ccL3e2OY.s 			page 23


 1255 0a05 18       		.uleb128 0x18
 1256 0a06 51050000 		.4byte	.LASF147
 1257 0a0a 09       		.byte	0x9
 1258 0a0b 6901     		.2byte	0x169
 1259 0a0d 90090000 		.4byte	0x990
 1260 0a11 10       		.byte	0x10
 1261 0a12 00       		.byte	0
 1262 0a13 04       		.uleb128 0x4
 1263 0a14 1E070000 		.4byte	.LASF148
 1264 0a18 08       		.byte	0x8
 1265 0a19 51       		.byte	0x51
 1266 0a1a 1E0A0000 		.4byte	0xa1e
 1267 0a1e 05       		.uleb128 0x5
 1268 0a1f 04       		.byte	0x4
 1269 0a20 240A0000 		.4byte	0xa24
 1270 0a24 1F       		.uleb128 0x1f
 1271 0a25 2F0A0000 		.4byte	0xa2f
 1272 0a29 16       		.uleb128 0x16
 1273 0a2a 3B010000 		.4byte	0x13b
 1274 0a2e 00       		.byte	0
 1275 0a2f 04       		.uleb128 0x4
 1276 0a30 7C050000 		.4byte	.LASF149
 1277 0a34 08       		.byte	0x8
 1278 0a35 56       		.byte	0x56
 1279 0a36 3A0A0000 		.4byte	0xa3a
 1280 0a3a 1B       		.uleb128 0x1b
 1281 0a3b 6E070000 		.4byte	.LASF150
 1282 0a3f 14       		.byte	0x14
 1283 0a40 09       		.byte	0x9
 1284 0a41 3901     		.2byte	0x139
 1285 0a43 890A0000 		.4byte	0xa89
 1286 0a47 18       		.uleb128 0x18
 1287 0a48 4E010000 		.4byte	.LASF143
 1288 0a4c 09       		.byte	0x9
 1289 0a4d 3A01     		.2byte	0x13a
 1290 0a4f 710D0000 		.4byte	0xd71
 1291 0a53 00       		.byte	0
 1292 0a54 18       		.uleb128 0x18
 1293 0a55 5E000000 		.4byte	.LASF144
 1294 0a59 09       		.byte	0x9
 1295 0a5a 3B01     		.2byte	0x13b
 1296 0a5c 710D0000 		.4byte	0xd71
 1297 0a60 04       		.byte	0x4
 1298 0a61 18       		.uleb128 0x18
 1299 0a62 B8070000 		.4byte	.LASF151
 1300 0a66 09       		.byte	0x9
 1301 0a67 3C01     		.2byte	0x13c
 1302 0a69 540B0000 		.4byte	0xb54
 1303 0a6d 08       		.byte	0x8
 1304 0a6e 18       		.uleb128 0x18
 1305 0a6f 0E030000 		.4byte	.LASF152
 1306 0a73 09       		.byte	0x9
 1307 0a74 3D01     		.2byte	0x13d
 1308 0a76 130A0000 		.4byte	0xa13
 1309 0a7a 0C       		.byte	0xc
 1310 0a7b 21       		.uleb128 0x21
 1311 0a7c 70617200 		.ascii	"par\000"
ARM GAS  /tmp/ccL3e2OY.s 			page 24


 1312 0a80 09       		.byte	0x9
 1313 0a81 3F01     		.2byte	0x13f
 1314 0a83 3B010000 		.4byte	0x13b
 1315 0a87 10       		.byte	0x10
 1316 0a88 00       		.byte	0
 1317 0a89 04       		.uleb128 0x4
 1318 0a8a 0E010000 		.4byte	.LASF153
 1319 0a8e 08       		.byte	0x8
 1320 0a8f 5B       		.byte	0x5b
 1321 0a90 940A0000 		.4byte	0xa94
 1322 0a94 1B       		.uleb128 0x1b
 1323 0a95 F2040000 		.4byte	.LASF154
 1324 0a99 10       		.byte	0x10
 1325 0a9a 09       		.byte	0x9
 1326 0a9b 4901     		.2byte	0x149
 1327 0a9d D60A0000 		.4byte	0xad6
 1328 0aa1 18       		.uleb128 0x18
 1329 0aa2 4E010000 		.4byte	.LASF143
 1330 0aa6 09       		.byte	0x9
 1331 0aa7 4A01     		.2byte	0x14a
 1332 0aa9 710D0000 		.4byte	0xd71
 1333 0aad 00       		.byte	0
 1334 0aae 18       		.uleb128 0x18
 1335 0aaf 5E000000 		.4byte	.LASF144
 1336 0ab3 09       		.byte	0x9
 1337 0ab4 4C01     		.2byte	0x14c
 1338 0ab6 710D0000 		.4byte	0xd71
 1339 0aba 04       		.byte	0x4
 1340 0abb 18       		.uleb128 0x18
 1341 0abc B8070000 		.4byte	.LASF151
 1342 0ac0 09       		.byte	0x9
 1343 0ac1 4E01     		.2byte	0x14e
 1344 0ac3 540B0000 		.4byte	0xb54
 1345 0ac7 08       		.byte	0x8
 1346 0ac8 18       		.uleb128 0x18
 1347 0ac9 F0050000 		.4byte	.LASF155
 1348 0acd 09       		.byte	0x9
 1349 0ace 5601     		.2byte	0x156
 1350 0ad0 490B0000 		.4byte	0xb49
 1351 0ad4 0C       		.byte	0xc
 1352 0ad5 00       		.byte	0
 1353 0ad6 04       		.uleb128 0x4
 1354 0ad7 6F000000 		.4byte	.LASF156
 1355 0adb 08       		.byte	0x8
 1356 0adc 60       		.byte	0x60
 1357 0add E10A0000 		.4byte	0xae1
 1358 0ae1 1B       		.uleb128 0x1b
 1359 0ae2 A1050000 		.4byte	.LASF157
 1360 0ae6 04       		.byte	0x4
 1361 0ae7 09       		.byte	0x9
 1362 0ae8 7001     		.2byte	0x170
 1363 0aea FC0A0000 		.4byte	0xafc
 1364 0aee 18       		.uleb128 0x18
 1365 0aef 35070000 		.4byte	.LASF158
 1366 0af3 09       		.byte	0x9
 1367 0af4 7801     		.2byte	0x178
 1368 0af6 C1050000 		.4byte	0x5c1
ARM GAS  /tmp/ccL3e2OY.s 			page 25


 1369 0afa 00       		.byte	0
 1370 0afb 00       		.byte	0
 1371 0afc 04       		.uleb128 0x4
 1372 0afd 76040000 		.4byte	.LASF159
 1373 0b01 08       		.byte	0x8
 1374 0b02 65       		.byte	0x65
 1375 0b03 070B0000 		.4byte	0xb07
 1376 0b07 1B       		.uleb128 0x1b
 1377 0b08 E3020000 		.4byte	.LASF160
 1378 0b0c 40       		.byte	0x40
 1379 0b0d 09       		.byte	0x9
 1380 0b0e 9001     		.2byte	0x190
 1381 0b10 490B0000 		.4byte	0xb49
 1382 0b14 18       		.uleb128 0x18
 1383 0b15 C9070000 		.4byte	.LASF161
 1384 0b19 09       		.byte	0x9
 1385 0b1a 9401     		.2byte	0x194
 1386 0b1c C6090000 		.4byte	0x9c6
 1387 0b20 00       		.byte	0
 1388 0b21 18       		.uleb128 0x18
 1389 0b22 6B030000 		.4byte	.LASF162
 1390 0b26 09       		.byte	0x9
 1391 0b27 9801     		.2byte	0x198
 1392 0b29 890A0000 		.4byte	0xa89
 1393 0b2d 14       		.byte	0x14
 1394 0b2e 21       		.uleb128 0x21
 1395 0b2f 64626700 		.ascii	"dbg\000"
 1396 0b33 09       		.byte	0x9
 1397 0b34 9C01     		.2byte	0x19c
 1398 0b36 D60A0000 		.4byte	0xad6
 1399 0b3a 24       		.byte	0x24
 1400 0b3b 18       		.uleb128 0x18
 1401 0b3c 31060000 		.4byte	.LASF163
 1402 0b40 09       		.byte	0x9
 1403 0b41 A001     		.2byte	0x1a0
 1404 0b43 26090000 		.4byte	0x926
 1405 0b47 28       		.byte	0x28
 1406 0b48 00       		.byte	0
 1407 0b49 04       		.uleb128 0x4
 1408 0b4a 14070000 		.4byte	.LASF164
 1409 0b4e 0A       		.byte	0xa
 1410 0b4f 6D       		.byte	0x6d
 1411 0b50 E4080000 		.4byte	0x8e4
 1412 0b54 04       		.uleb128 0x4
 1413 0b55 31010000 		.4byte	.LASF165
 1414 0b59 0A       		.byte	0xa
 1415 0b5a 79       		.byte	0x79
 1416 0b5b E4080000 		.4byte	0x8e4
 1417 0b5f 20       		.uleb128 0x20
 1418 0b60 24010000 		.4byte	.LASF166
 1419 0b64 0B       		.byte	0xb
 1420 0b65 0408     		.2byte	0x804
 1421 0b67 DF080000 		.4byte	0x8df
 1422 0b6b 22       		.uleb128 0x22
 1423 0b6c BD030000 		.4byte	.LASF167
 1424 0b70 0C       		.byte	0xc
 1425 0b71 4C       		.byte	0x4c
ARM GAS  /tmp/ccL3e2OY.s 			page 26


 1426 0b72 E4080000 		.4byte	0x8e4
 1427 0b76 0A       		.uleb128 0xa
 1428 0b77 CF080000 		.4byte	0x8cf
 1429 0b7b 860B0000 		.4byte	0xb86
 1430 0b7f 0B       		.uleb128 0xb
 1431 0b80 FD000000 		.4byte	0xfd
 1432 0b84 0F       		.byte	0xf
 1433 0b85 00       		.byte	0
 1434 0b86 0F       		.uleb128 0xf
 1435 0b87 760B0000 		.4byte	0xb76
 1436 0b8b 22       		.uleb128 0x22
 1437 0b8c 27070000 		.4byte	.LASF168
 1438 0b90 0C       		.byte	0xc
 1439 0b91 4E       		.byte	0x4e
 1440 0b92 860B0000 		.4byte	0xb86
 1441 0b96 0A       		.uleb128 0xa
 1442 0b97 CF080000 		.4byte	0x8cf
 1443 0b9b A60B0000 		.4byte	0xba6
 1444 0b9f 0B       		.uleb128 0xb
 1445 0ba0 FD000000 		.4byte	0xfd
 1446 0ba4 07       		.byte	0x7
 1447 0ba5 00       		.byte	0
 1448 0ba6 0F       		.uleb128 0xf
 1449 0ba7 960B0000 		.4byte	0xb96
 1450 0bab 22       		.uleb128 0x22
 1451 0bac 9D030000 		.4byte	.LASF169
 1452 0bb0 0C       		.byte	0xc
 1453 0bb1 4F       		.byte	0x4f
 1454 0bb2 A60B0000 		.4byte	0xba6
 1455 0bb6 04       		.uleb128 0x4
 1456 0bb7 5C030000 		.4byte	.LASF170
 1457 0bbb 0D       		.byte	0xd
 1458 0bbc 65       		.byte	0x65
 1459 0bbd 3B010000 		.4byte	0x13b
 1460 0bc1 04       		.uleb128 0x4
 1461 0bc2 BB040000 		.4byte	.LASF171
 1462 0bc6 0D       		.byte	0xd
 1463 0bc7 6D       		.byte	0x6d
 1464 0bc8 EF080000 		.4byte	0x8ef
 1465 0bcc 10       		.uleb128 0x10
 1466 0bcd 1C050000 		.4byte	.LASF172
 1467 0bd1 04       		.byte	0x4
 1468 0bd2 0D       		.byte	0xd
 1469 0bd3 89       		.byte	0x89
 1470 0bd4 E40B0000 		.4byte	0xbe4
 1471 0bd8 11       		.uleb128 0x11
 1472 0bd9 737000   		.ascii	"sp\000"
 1473 0bdc 0D       		.byte	0xd
 1474 0bdd 8A       		.byte	0x8a
 1475 0bde 300D0000 		.4byte	0xd30
 1476 0be2 00       		.byte	0
 1477 0be3 00       		.byte	0
 1478 0be4 1B       		.uleb128 0x1b
 1479 0be5 63000000 		.4byte	.LASF173
 1480 0be9 64       		.byte	0x64
 1481 0bea 0E       		.byte	0xe
 1482 0beb 5901     		.2byte	0x159
ARM GAS  /tmp/ccL3e2OY.s 			page 27


 1483 0bed 300D0000 		.4byte	0xd30
 1484 0bf1 21       		.uleb128 0x21
 1485 0bf2 73313600 		.ascii	"s16\000"
 1486 0bf6 0E       		.byte	0xe
 1487 0bf7 5B01     		.2byte	0x15b
 1488 0bf9 B60B0000 		.4byte	0xbb6
 1489 0bfd 00       		.byte	0
 1490 0bfe 21       		.uleb128 0x21
 1491 0bff 73313700 		.ascii	"s17\000"
 1492 0c03 0E       		.byte	0xe
 1493 0c04 5C01     		.2byte	0x15c
 1494 0c06 B60B0000 		.4byte	0xbb6
 1495 0c0a 04       		.byte	0x4
 1496 0c0b 21       		.uleb128 0x21
 1497 0c0c 73313800 		.ascii	"s18\000"
 1498 0c10 0E       		.byte	0xe
 1499 0c11 5D01     		.2byte	0x15d
 1500 0c13 B60B0000 		.4byte	0xbb6
 1501 0c17 08       		.byte	0x8
 1502 0c18 21       		.uleb128 0x21
 1503 0c19 73313900 		.ascii	"s19\000"
 1504 0c1d 0E       		.byte	0xe
 1505 0c1e 5E01     		.2byte	0x15e
 1506 0c20 B60B0000 		.4byte	0xbb6
 1507 0c24 0C       		.byte	0xc
 1508 0c25 21       		.uleb128 0x21
 1509 0c26 73323000 		.ascii	"s20\000"
 1510 0c2a 0E       		.byte	0xe
 1511 0c2b 5F01     		.2byte	0x15f
 1512 0c2d B60B0000 		.4byte	0xbb6
 1513 0c31 10       		.byte	0x10
 1514 0c32 21       		.uleb128 0x21
 1515 0c33 73323100 		.ascii	"s21\000"
 1516 0c37 0E       		.byte	0xe
 1517 0c38 6001     		.2byte	0x160
 1518 0c3a B60B0000 		.4byte	0xbb6
 1519 0c3e 14       		.byte	0x14
 1520 0c3f 21       		.uleb128 0x21
 1521 0c40 73323200 		.ascii	"s22\000"
 1522 0c44 0E       		.byte	0xe
 1523 0c45 6101     		.2byte	0x161
 1524 0c47 B60B0000 		.4byte	0xbb6
 1525 0c4b 18       		.byte	0x18
 1526 0c4c 21       		.uleb128 0x21
 1527 0c4d 73323300 		.ascii	"s23\000"
 1528 0c51 0E       		.byte	0xe
 1529 0c52 6201     		.2byte	0x162
 1530 0c54 B60B0000 		.4byte	0xbb6
 1531 0c58 1C       		.byte	0x1c
 1532 0c59 21       		.uleb128 0x21
 1533 0c5a 73323400 		.ascii	"s24\000"
 1534 0c5e 0E       		.byte	0xe
 1535 0c5f 6301     		.2byte	0x163
 1536 0c61 B60B0000 		.4byte	0xbb6
 1537 0c65 20       		.byte	0x20
 1538 0c66 21       		.uleb128 0x21
 1539 0c67 73323500 		.ascii	"s25\000"
ARM GAS  /tmp/ccL3e2OY.s 			page 28


 1540 0c6b 0E       		.byte	0xe
 1541 0c6c 6401     		.2byte	0x164
 1542 0c6e B60B0000 		.4byte	0xbb6
 1543 0c72 24       		.byte	0x24
 1544 0c73 21       		.uleb128 0x21
 1545 0c74 73323600 		.ascii	"s26\000"
 1546 0c78 0E       		.byte	0xe
 1547 0c79 6501     		.2byte	0x165
 1548 0c7b B60B0000 		.4byte	0xbb6
 1549 0c7f 28       		.byte	0x28
 1550 0c80 21       		.uleb128 0x21
 1551 0c81 73323700 		.ascii	"s27\000"
 1552 0c85 0E       		.byte	0xe
 1553 0c86 6601     		.2byte	0x166
 1554 0c88 B60B0000 		.4byte	0xbb6
 1555 0c8c 2C       		.byte	0x2c
 1556 0c8d 21       		.uleb128 0x21
 1557 0c8e 73323800 		.ascii	"s28\000"
 1558 0c92 0E       		.byte	0xe
 1559 0c93 6701     		.2byte	0x167
 1560 0c95 B60B0000 		.4byte	0xbb6
 1561 0c99 30       		.byte	0x30
 1562 0c9a 21       		.uleb128 0x21
 1563 0c9b 73323900 		.ascii	"s29\000"
 1564 0c9f 0E       		.byte	0xe
 1565 0ca0 6801     		.2byte	0x168
 1566 0ca2 B60B0000 		.4byte	0xbb6
 1567 0ca6 34       		.byte	0x34
 1568 0ca7 21       		.uleb128 0x21
 1569 0ca8 73333000 		.ascii	"s30\000"
 1570 0cac 0E       		.byte	0xe
 1571 0cad 6901     		.2byte	0x169
 1572 0caf B60B0000 		.4byte	0xbb6
 1573 0cb3 38       		.byte	0x38
 1574 0cb4 21       		.uleb128 0x21
 1575 0cb5 73333100 		.ascii	"s31\000"
 1576 0cb9 0E       		.byte	0xe
 1577 0cba 6A01     		.2byte	0x16a
 1578 0cbc B60B0000 		.4byte	0xbb6
 1579 0cc0 3C       		.byte	0x3c
 1580 0cc1 21       		.uleb128 0x21
 1581 0cc2 723400   		.ascii	"r4\000"
 1582 0cc5 0E       		.byte	0xe
 1583 0cc6 6C01     		.2byte	0x16c
 1584 0cc8 B60B0000 		.4byte	0xbb6
 1585 0ccc 40       		.byte	0x40
 1586 0ccd 21       		.uleb128 0x21
 1587 0cce 723500   		.ascii	"r5\000"
 1588 0cd1 0E       		.byte	0xe
 1589 0cd2 6D01     		.2byte	0x16d
 1590 0cd4 B60B0000 		.4byte	0xbb6
 1591 0cd8 44       		.byte	0x44
 1592 0cd9 21       		.uleb128 0x21
 1593 0cda 723600   		.ascii	"r6\000"
 1594 0cdd 0E       		.byte	0xe
 1595 0cde 6E01     		.2byte	0x16e
 1596 0ce0 B60B0000 		.4byte	0xbb6
ARM GAS  /tmp/ccL3e2OY.s 			page 29


 1597 0ce4 48       		.byte	0x48
 1598 0ce5 21       		.uleb128 0x21
 1599 0ce6 723700   		.ascii	"r7\000"
 1600 0ce9 0E       		.byte	0xe
 1601 0cea 6F01     		.2byte	0x16f
 1602 0cec B60B0000 		.4byte	0xbb6
 1603 0cf0 4C       		.byte	0x4c
 1604 0cf1 21       		.uleb128 0x21
 1605 0cf2 723800   		.ascii	"r8\000"
 1606 0cf5 0E       		.byte	0xe
 1607 0cf6 7001     		.2byte	0x170
 1608 0cf8 B60B0000 		.4byte	0xbb6
 1609 0cfc 50       		.byte	0x50
 1610 0cfd 21       		.uleb128 0x21
 1611 0cfe 723900   		.ascii	"r9\000"
 1612 0d01 0E       		.byte	0xe
 1613 0d02 7101     		.2byte	0x171
 1614 0d04 B60B0000 		.4byte	0xbb6
 1615 0d08 54       		.byte	0x54
 1616 0d09 21       		.uleb128 0x21
 1617 0d0a 72313000 		.ascii	"r10\000"
 1618 0d0e 0E       		.byte	0xe
 1619 0d0f 7201     		.2byte	0x172
 1620 0d11 B60B0000 		.4byte	0xbb6
 1621 0d15 58       		.byte	0x58
 1622 0d16 21       		.uleb128 0x21
 1623 0d17 72313100 		.ascii	"r11\000"
 1624 0d1b 0E       		.byte	0xe
 1625 0d1c 7301     		.2byte	0x173
 1626 0d1e B60B0000 		.4byte	0xbb6
 1627 0d22 5C       		.byte	0x5c
 1628 0d23 21       		.uleb128 0x21
 1629 0d24 6C7200   		.ascii	"lr\000"
 1630 0d27 0E       		.byte	0xe
 1631 0d28 7401     		.2byte	0x174
 1632 0d2a B60B0000 		.4byte	0xbb6
 1633 0d2e 60       		.byte	0x60
 1634 0d2f 00       		.byte	0
 1635 0d30 05       		.uleb128 0x5
 1636 0d31 04       		.byte	0x4
 1637 0d32 E40B0000 		.4byte	0xbe4
 1638 0d36 08       		.uleb128 0x8
 1639 0d37 04       		.byte	0x4
 1640 0d38 09       		.byte	0x9
 1641 0d39 C6       		.byte	0xc6
 1642 0d3a 6B0D0000 		.4byte	0xd6b
 1643 0d3e 09       		.uleb128 0x9
 1644 0d3f 39000000 		.4byte	.LASF174
 1645 0d43 09       		.byte	0x9
 1646 0d44 CD       		.byte	0xcd
 1647 0d45 1B090000 		.4byte	0x91b
 1648 0d49 09       		.uleb128 0x9
 1649 0d4a FA000000 		.4byte	.LASF175
 1650 0d4e 09       		.byte	0x9
 1651 0d4f D4       		.byte	0xd4
 1652 0d50 1B090000 		.4byte	0x91b
 1653 0d54 09       		.uleb128 0x9
ARM GAS  /tmp/ccL3e2OY.s 			page 30


 1654 0d55 C6020000 		.4byte	.LASF176
 1655 0d59 09       		.byte	0x9
 1656 0d5a DB       		.byte	0xdb
 1657 0d5b 3B010000 		.4byte	0x13b
 1658 0d5f 09       		.uleb128 0x9
 1659 0d60 2B000000 		.4byte	.LASF177
 1660 0d64 09       		.byte	0x9
 1661 0d65 E2       		.byte	0xe2
 1662 0d66 6B0D0000 		.4byte	0xd6b
 1663 0d6a 00       		.byte	0
 1664 0d6b 05       		.uleb128 0x5
 1665 0d6c 04       		.byte	0x4
 1666 0d6d 85090000 		.4byte	0x985
 1667 0d71 05       		.uleb128 0x5
 1668 0d72 04       		.byte	0x4
 1669 0d73 2F0A0000 		.4byte	0xa2f
 1670 0d77 23       		.uleb128 0x23
 1671 0d78 636800   		.ascii	"ch\000"
 1672 0d7b 09       		.byte	0x9
 1673 0d7c C701     		.2byte	0x1c7
 1674 0d7e FC0A0000 		.4byte	0xafc
 1675 0d82 0A       		.uleb128 0xa
 1676 0d83 C10B0000 		.4byte	0xbc1
 1677 0d87 8D0D0000 		.4byte	0xd8d
 1678 0d8b 24       		.uleb128 0x24
 1679 0d8c 00       		.byte	0
 1680 0d8d 20       		.uleb128 0x20
 1681 0d8e 80060000 		.4byte	.LASF178
 1682 0d92 0F       		.byte	0xf
 1683 0d93 1701     		.2byte	0x117
 1684 0d95 820D0000 		.4byte	0xd82
 1685 0d99 00       		.byte	0
 1686              		.section	.debug_abbrev,"",%progbits
 1687              	.Ldebug_abbrev0:
 1688 0000 01       		.uleb128 0x1
 1689 0001 11       		.uleb128 0x11
 1690 0002 01       		.byte	0x1
 1691 0003 25       		.uleb128 0x25
 1692 0004 0E       		.uleb128 0xe
 1693 0005 13       		.uleb128 0x13
 1694 0006 0B       		.uleb128 0xb
 1695 0007 03       		.uleb128 0x3
 1696 0008 0E       		.uleb128 0xe
 1697 0009 1B       		.uleb128 0x1b
 1698 000a 0E       		.uleb128 0xe
 1699 000b 10       		.uleb128 0x10
 1700 000c 17       		.uleb128 0x17
 1701 000d 00       		.byte	0
 1702 000e 00       		.byte	0
 1703 000f 02       		.uleb128 0x2
 1704 0010 24       		.uleb128 0x24
 1705 0011 00       		.byte	0
 1706 0012 0B       		.uleb128 0xb
 1707 0013 0B       		.uleb128 0xb
 1708 0014 3E       		.uleb128 0x3e
 1709 0015 0B       		.uleb128 0xb
 1710 0016 03       		.uleb128 0x3
ARM GAS  /tmp/ccL3e2OY.s 			page 31


 1711 0017 08       		.uleb128 0x8
 1712 0018 00       		.byte	0
 1713 0019 00       		.byte	0
 1714 001a 03       		.uleb128 0x3
 1715 001b 24       		.uleb128 0x24
 1716 001c 00       		.byte	0
 1717 001d 0B       		.uleb128 0xb
 1718 001e 0B       		.uleb128 0xb
 1719 001f 3E       		.uleb128 0x3e
 1720 0020 0B       		.uleb128 0xb
 1721 0021 03       		.uleb128 0x3
 1722 0022 0E       		.uleb128 0xe
 1723 0023 00       		.byte	0
 1724 0024 00       		.byte	0
 1725 0025 04       		.uleb128 0x4
 1726 0026 16       		.uleb128 0x16
 1727 0027 00       		.byte	0
 1728 0028 03       		.uleb128 0x3
 1729 0029 0E       		.uleb128 0xe
 1730 002a 3A       		.uleb128 0x3a
 1731 002b 0B       		.uleb128 0xb
 1732 002c 3B       		.uleb128 0x3b
 1733 002d 0B       		.uleb128 0xb
 1734 002e 49       		.uleb128 0x49
 1735 002f 13       		.uleb128 0x13
 1736 0030 00       		.byte	0
 1737 0031 00       		.byte	0
 1738 0032 05       		.uleb128 0x5
 1739 0033 0F       		.uleb128 0xf
 1740 0034 00       		.byte	0
 1741 0035 0B       		.uleb128 0xb
 1742 0036 0B       		.uleb128 0xb
 1743 0037 49       		.uleb128 0x49
 1744 0038 13       		.uleb128 0x13
 1745 0039 00       		.byte	0
 1746 003a 00       		.byte	0
 1747 003b 06       		.uleb128 0x6
 1748 003c 13       		.uleb128 0x13
 1749 003d 00       		.byte	0
 1750 003e 03       		.uleb128 0x3
 1751 003f 0E       		.uleb128 0xe
 1752 0040 3C       		.uleb128 0x3c
 1753 0041 19       		.uleb128 0x19
 1754 0042 00       		.byte	0
 1755 0043 00       		.byte	0
 1756 0044 07       		.uleb128 0x7
 1757 0045 16       		.uleb128 0x16
 1758 0046 00       		.byte	0
 1759 0047 03       		.uleb128 0x3
 1760 0048 0E       		.uleb128 0xe
 1761 0049 3A       		.uleb128 0x3a
 1762 004a 0B       		.uleb128 0xb
 1763 004b 3B       		.uleb128 0x3b
 1764 004c 05       		.uleb128 0x5
 1765 004d 49       		.uleb128 0x49
 1766 004e 13       		.uleb128 0x13
 1767 004f 00       		.byte	0
ARM GAS  /tmp/ccL3e2OY.s 			page 32


 1768 0050 00       		.byte	0
 1769 0051 08       		.uleb128 0x8
 1770 0052 17       		.uleb128 0x17
 1771 0053 01       		.byte	0x1
 1772 0054 0B       		.uleb128 0xb
 1773 0055 0B       		.uleb128 0xb
 1774 0056 3A       		.uleb128 0x3a
 1775 0057 0B       		.uleb128 0xb
 1776 0058 3B       		.uleb128 0x3b
 1777 0059 0B       		.uleb128 0xb
 1778 005a 01       		.uleb128 0x1
 1779 005b 13       		.uleb128 0x13
 1780 005c 00       		.byte	0
 1781 005d 00       		.byte	0
 1782 005e 09       		.uleb128 0x9
 1783 005f 0D       		.uleb128 0xd
 1784 0060 00       		.byte	0
 1785 0061 03       		.uleb128 0x3
 1786 0062 0E       		.uleb128 0xe
 1787 0063 3A       		.uleb128 0x3a
 1788 0064 0B       		.uleb128 0xb
 1789 0065 3B       		.uleb128 0x3b
 1790 0066 0B       		.uleb128 0xb
 1791 0067 49       		.uleb128 0x49
 1792 0068 13       		.uleb128 0x13
 1793 0069 00       		.byte	0
 1794 006a 00       		.byte	0
 1795 006b 0A       		.uleb128 0xa
 1796 006c 01       		.uleb128 0x1
 1797 006d 01       		.byte	0x1
 1798 006e 49       		.uleb128 0x49
 1799 006f 13       		.uleb128 0x13
 1800 0070 01       		.uleb128 0x1
 1801 0071 13       		.uleb128 0x13
 1802 0072 00       		.byte	0
 1803 0073 00       		.byte	0
 1804 0074 0B       		.uleb128 0xb
 1805 0075 21       		.uleb128 0x21
 1806 0076 00       		.byte	0
 1807 0077 49       		.uleb128 0x49
 1808 0078 13       		.uleb128 0x13
 1809 0079 2F       		.uleb128 0x2f
 1810 007a 0B       		.uleb128 0xb
 1811 007b 00       		.byte	0
 1812 007c 00       		.byte	0
 1813 007d 0C       		.uleb128 0xc
 1814 007e 13       		.uleb128 0x13
 1815 007f 01       		.byte	0x1
 1816 0080 0B       		.uleb128 0xb
 1817 0081 0B       		.uleb128 0xb
 1818 0082 3A       		.uleb128 0x3a
 1819 0083 0B       		.uleb128 0xb
 1820 0084 3B       		.uleb128 0x3b
 1821 0085 0B       		.uleb128 0xb
 1822 0086 01       		.uleb128 0x1
 1823 0087 13       		.uleb128 0x13
 1824 0088 00       		.byte	0
ARM GAS  /tmp/ccL3e2OY.s 			page 33


 1825 0089 00       		.byte	0
 1826 008a 0D       		.uleb128 0xd
 1827 008b 0D       		.uleb128 0xd
 1828 008c 00       		.byte	0
 1829 008d 03       		.uleb128 0x3
 1830 008e 0E       		.uleb128 0xe
 1831 008f 3A       		.uleb128 0x3a
 1832 0090 0B       		.uleb128 0xb
 1833 0091 3B       		.uleb128 0x3b
 1834 0092 0B       		.uleb128 0xb
 1835 0093 49       		.uleb128 0x49
 1836 0094 13       		.uleb128 0x13
 1837 0095 38       		.uleb128 0x38
 1838 0096 0B       		.uleb128 0xb
 1839 0097 00       		.byte	0
 1840 0098 00       		.byte	0
 1841 0099 0E       		.uleb128 0xe
 1842 009a 0F       		.uleb128 0xf
 1843 009b 00       		.byte	0
 1844 009c 0B       		.uleb128 0xb
 1845 009d 0B       		.uleb128 0xb
 1846 009e 00       		.byte	0
 1847 009f 00       		.byte	0
 1848 00a0 0F       		.uleb128 0xf
 1849 00a1 26       		.uleb128 0x26
 1850 00a2 00       		.byte	0
 1851 00a3 49       		.uleb128 0x49
 1852 00a4 13       		.uleb128 0x13
 1853 00a5 00       		.byte	0
 1854 00a6 00       		.byte	0
 1855 00a7 10       		.uleb128 0x10
 1856 00a8 13       		.uleb128 0x13
 1857 00a9 01       		.byte	0x1
 1858 00aa 03       		.uleb128 0x3
 1859 00ab 0E       		.uleb128 0xe
 1860 00ac 0B       		.uleb128 0xb
 1861 00ad 0B       		.uleb128 0xb
 1862 00ae 3A       		.uleb128 0x3a
 1863 00af 0B       		.uleb128 0xb
 1864 00b0 3B       		.uleb128 0x3b
 1865 00b1 0B       		.uleb128 0xb
 1866 00b2 01       		.uleb128 0x1
 1867 00b3 13       		.uleb128 0x13
 1868 00b4 00       		.byte	0
 1869 00b5 00       		.byte	0
 1870 00b6 11       		.uleb128 0x11
 1871 00b7 0D       		.uleb128 0xd
 1872 00b8 00       		.byte	0
 1873 00b9 03       		.uleb128 0x3
 1874 00ba 08       		.uleb128 0x8
 1875 00bb 3A       		.uleb128 0x3a
 1876 00bc 0B       		.uleb128 0xb
 1877 00bd 3B       		.uleb128 0x3b
 1878 00be 0B       		.uleb128 0xb
 1879 00bf 49       		.uleb128 0x49
 1880 00c0 13       		.uleb128 0x13
 1881 00c1 38       		.uleb128 0x38
ARM GAS  /tmp/ccL3e2OY.s 			page 34


 1882 00c2 0B       		.uleb128 0xb
 1883 00c3 00       		.byte	0
 1884 00c4 00       		.byte	0
 1885 00c5 12       		.uleb128 0x12
 1886 00c6 13       		.uleb128 0x13
 1887 00c7 01       		.byte	0x1
 1888 00c8 03       		.uleb128 0x3
 1889 00c9 0E       		.uleb128 0xe
 1890 00ca 0B       		.uleb128 0xb
 1891 00cb 05       		.uleb128 0x5
 1892 00cc 3A       		.uleb128 0x3a
 1893 00cd 0B       		.uleb128 0xb
 1894 00ce 3B       		.uleb128 0x3b
 1895 00cf 0B       		.uleb128 0xb
 1896 00d0 01       		.uleb128 0x1
 1897 00d1 13       		.uleb128 0x13
 1898 00d2 00       		.byte	0
 1899 00d3 00       		.byte	0
 1900 00d4 13       		.uleb128 0x13
 1901 00d5 0D       		.uleb128 0xd
 1902 00d6 00       		.byte	0
 1903 00d7 03       		.uleb128 0x3
 1904 00d8 0E       		.uleb128 0xe
 1905 00d9 3A       		.uleb128 0x3a
 1906 00da 0B       		.uleb128 0xb
 1907 00db 3B       		.uleb128 0x3b
 1908 00dc 0B       		.uleb128 0xb
 1909 00dd 49       		.uleb128 0x49
 1910 00de 13       		.uleb128 0x13
 1911 00df 38       		.uleb128 0x38
 1912 00e0 05       		.uleb128 0x5
 1913 00e1 00       		.byte	0
 1914 00e2 00       		.byte	0
 1915 00e3 14       		.uleb128 0x14
 1916 00e4 15       		.uleb128 0x15
 1917 00e5 00       		.byte	0
 1918 00e6 27       		.uleb128 0x27
 1919 00e7 19       		.uleb128 0x19
 1920 00e8 00       		.byte	0
 1921 00e9 00       		.byte	0
 1922 00ea 15       		.uleb128 0x15
 1923 00eb 15       		.uleb128 0x15
 1924 00ec 01       		.byte	0x1
 1925 00ed 27       		.uleb128 0x27
 1926 00ee 19       		.uleb128 0x19
 1927 00ef 49       		.uleb128 0x49
 1928 00f0 13       		.uleb128 0x13
 1929 00f1 01       		.uleb128 0x1
 1930 00f2 13       		.uleb128 0x13
 1931 00f3 00       		.byte	0
 1932 00f4 00       		.byte	0
 1933 00f5 16       		.uleb128 0x16
 1934 00f6 05       		.uleb128 0x5
 1935 00f7 00       		.byte	0
 1936 00f8 49       		.uleb128 0x49
 1937 00f9 13       		.uleb128 0x13
 1938 00fa 00       		.byte	0
ARM GAS  /tmp/ccL3e2OY.s 			page 35


 1939 00fb 00       		.byte	0
 1940 00fc 17       		.uleb128 0x17
 1941 00fd 13       		.uleb128 0x13
 1942 00fe 01       		.byte	0x1
 1943 00ff 03       		.uleb128 0x3
 1944 0100 0E       		.uleb128 0xe
 1945 0101 0B       		.uleb128 0xb
 1946 0102 05       		.uleb128 0x5
 1947 0103 3A       		.uleb128 0x3a
 1948 0104 0B       		.uleb128 0xb
 1949 0105 3B       		.uleb128 0x3b
 1950 0106 05       		.uleb128 0x5
 1951 0107 01       		.uleb128 0x1
 1952 0108 13       		.uleb128 0x13
 1953 0109 00       		.byte	0
 1954 010a 00       		.byte	0
 1955 010b 18       		.uleb128 0x18
 1956 010c 0D       		.uleb128 0xd
 1957 010d 00       		.byte	0
 1958 010e 03       		.uleb128 0x3
 1959 010f 0E       		.uleb128 0xe
 1960 0110 3A       		.uleb128 0x3a
 1961 0111 0B       		.uleb128 0xb
 1962 0112 3B       		.uleb128 0x3b
 1963 0113 05       		.uleb128 0x5
 1964 0114 49       		.uleb128 0x49
 1965 0115 13       		.uleb128 0x13
 1966 0116 38       		.uleb128 0x38
 1967 0117 0B       		.uleb128 0xb
 1968 0118 00       		.byte	0
 1969 0119 00       		.byte	0
 1970 011a 19       		.uleb128 0x19
 1971 011b 0D       		.uleb128 0xd
 1972 011c 00       		.byte	0
 1973 011d 03       		.uleb128 0x3
 1974 011e 0E       		.uleb128 0xe
 1975 011f 3A       		.uleb128 0x3a
 1976 0120 0B       		.uleb128 0xb
 1977 0121 3B       		.uleb128 0x3b
 1978 0122 05       		.uleb128 0x5
 1979 0123 49       		.uleb128 0x49
 1980 0124 13       		.uleb128 0x13
 1981 0125 38       		.uleb128 0x38
 1982 0126 05       		.uleb128 0x5
 1983 0127 00       		.byte	0
 1984 0128 00       		.byte	0
 1985 0129 1A       		.uleb128 0x1a
 1986 012a 35       		.uleb128 0x35
 1987 012b 00       		.byte	0
 1988 012c 49       		.uleb128 0x49
 1989 012d 13       		.uleb128 0x13
 1990 012e 00       		.byte	0
 1991 012f 00       		.byte	0
 1992 0130 1B       		.uleb128 0x1b
 1993 0131 13       		.uleb128 0x13
 1994 0132 01       		.byte	0x1
 1995 0133 03       		.uleb128 0x3
ARM GAS  /tmp/ccL3e2OY.s 			page 36


 1996 0134 0E       		.uleb128 0xe
 1997 0135 0B       		.uleb128 0xb
 1998 0136 0B       		.uleb128 0xb
 1999 0137 3A       		.uleb128 0x3a
 2000 0138 0B       		.uleb128 0xb
 2001 0139 3B       		.uleb128 0x3b
 2002 013a 05       		.uleb128 0x5
 2003 013b 01       		.uleb128 0x1
 2004 013c 13       		.uleb128 0x13
 2005 013d 00       		.byte	0
 2006 013e 00       		.byte	0
 2007 013f 1C       		.uleb128 0x1c
 2008 0140 13       		.uleb128 0x13
 2009 0141 01       		.byte	0x1
 2010 0142 0B       		.uleb128 0xb
 2011 0143 0B       		.uleb128 0xb
 2012 0144 3A       		.uleb128 0x3a
 2013 0145 0B       		.uleb128 0xb
 2014 0146 3B       		.uleb128 0x3b
 2015 0147 05       		.uleb128 0x5
 2016 0148 01       		.uleb128 0x1
 2017 0149 13       		.uleb128 0x13
 2018 014a 00       		.byte	0
 2019 014b 00       		.byte	0
 2020 014c 1D       		.uleb128 0x1d
 2021 014d 17       		.uleb128 0x17
 2022 014e 01       		.byte	0x1
 2023 014f 0B       		.uleb128 0xb
 2024 0150 0B       		.uleb128 0xb
 2025 0151 3A       		.uleb128 0x3a
 2026 0152 0B       		.uleb128 0xb
 2027 0153 3B       		.uleb128 0x3b
 2028 0154 05       		.uleb128 0x5
 2029 0155 01       		.uleb128 0x1
 2030 0156 13       		.uleb128 0x13
 2031 0157 00       		.byte	0
 2032 0158 00       		.byte	0
 2033 0159 1E       		.uleb128 0x1e
 2034 015a 0D       		.uleb128 0xd
 2035 015b 00       		.byte	0
 2036 015c 03       		.uleb128 0x3
 2037 015d 0E       		.uleb128 0xe
 2038 015e 3A       		.uleb128 0x3a
 2039 015f 0B       		.uleb128 0xb
 2040 0160 3B       		.uleb128 0x3b
 2041 0161 05       		.uleb128 0x5
 2042 0162 49       		.uleb128 0x49
 2043 0163 13       		.uleb128 0x13
 2044 0164 00       		.byte	0
 2045 0165 00       		.byte	0
 2046 0166 1F       		.uleb128 0x1f
 2047 0167 15       		.uleb128 0x15
 2048 0168 01       		.byte	0x1
 2049 0169 27       		.uleb128 0x27
 2050 016a 19       		.uleb128 0x19
 2051 016b 01       		.uleb128 0x1
 2052 016c 13       		.uleb128 0x13
ARM GAS  /tmp/ccL3e2OY.s 			page 37


 2053 016d 00       		.byte	0
 2054 016e 00       		.byte	0
 2055 016f 20       		.uleb128 0x20
 2056 0170 34       		.uleb128 0x34
 2057 0171 00       		.byte	0
 2058 0172 03       		.uleb128 0x3
 2059 0173 0E       		.uleb128 0xe
 2060 0174 3A       		.uleb128 0x3a
 2061 0175 0B       		.uleb128 0xb
 2062 0176 3B       		.uleb128 0x3b
 2063 0177 05       		.uleb128 0x5
 2064 0178 49       		.uleb128 0x49
 2065 0179 13       		.uleb128 0x13
 2066 017a 3F       		.uleb128 0x3f
 2067 017b 19       		.uleb128 0x19
 2068 017c 3C       		.uleb128 0x3c
 2069 017d 19       		.uleb128 0x19
 2070 017e 00       		.byte	0
 2071 017f 00       		.byte	0
 2072 0180 21       		.uleb128 0x21
 2073 0181 0D       		.uleb128 0xd
 2074 0182 00       		.byte	0
 2075 0183 03       		.uleb128 0x3
 2076 0184 08       		.uleb128 0x8
 2077 0185 3A       		.uleb128 0x3a
 2078 0186 0B       		.uleb128 0xb
 2079 0187 3B       		.uleb128 0x3b
 2080 0188 05       		.uleb128 0x5
 2081 0189 49       		.uleb128 0x49
 2082 018a 13       		.uleb128 0x13
 2083 018b 38       		.uleb128 0x38
 2084 018c 0B       		.uleb128 0xb
 2085 018d 00       		.byte	0
 2086 018e 00       		.byte	0
 2087 018f 22       		.uleb128 0x22
 2088 0190 34       		.uleb128 0x34
 2089 0191 00       		.byte	0
 2090 0192 03       		.uleb128 0x3
 2091 0193 0E       		.uleb128 0xe
 2092 0194 3A       		.uleb128 0x3a
 2093 0195 0B       		.uleb128 0xb
 2094 0196 3B       		.uleb128 0x3b
 2095 0197 0B       		.uleb128 0xb
 2096 0198 49       		.uleb128 0x49
 2097 0199 13       		.uleb128 0x13
 2098 019a 3F       		.uleb128 0x3f
 2099 019b 19       		.uleb128 0x19
 2100 019c 3C       		.uleb128 0x3c
 2101 019d 19       		.uleb128 0x19
 2102 019e 00       		.byte	0
 2103 019f 00       		.byte	0
 2104 01a0 23       		.uleb128 0x23
 2105 01a1 34       		.uleb128 0x34
 2106 01a2 00       		.byte	0
 2107 01a3 03       		.uleb128 0x3
 2108 01a4 08       		.uleb128 0x8
 2109 01a5 3A       		.uleb128 0x3a
ARM GAS  /tmp/ccL3e2OY.s 			page 38


 2110 01a6 0B       		.uleb128 0xb
 2111 01a7 3B       		.uleb128 0x3b
 2112 01a8 05       		.uleb128 0x5
 2113 01a9 49       		.uleb128 0x49
 2114 01aa 13       		.uleb128 0x13
 2115 01ab 3F       		.uleb128 0x3f
 2116 01ac 19       		.uleb128 0x19
 2117 01ad 3C       		.uleb128 0x3c
 2118 01ae 19       		.uleb128 0x19
 2119 01af 00       		.byte	0
 2120 01b0 00       		.byte	0
 2121 01b1 24       		.uleb128 0x24
 2122 01b2 21       		.uleb128 0x21
 2123 01b3 00       		.byte	0
 2124 01b4 00       		.byte	0
 2125 01b5 00       		.byte	0
 2126 01b6 00       		.byte	0
 2127              		.section	.debug_aranges,"",%progbits
 2128 0000 14000000 		.4byte	0x14
 2129 0004 0200     		.2byte	0x2
 2130 0006 00000000 		.4byte	.Ldebug_info0
 2131 000a 04       		.byte	0x4
 2132 000b 00       		.byte	0
 2133 000c 0000     		.2byte	0
 2134 000e 0000     		.2byte	0
 2135 0010 00000000 		.4byte	0
 2136 0014 00000000 		.4byte	0
 2137              		.section	.debug_line,"",%progbits
 2138              	.Ldebug_line0:
 2139 0000 B3020000 		.section	.debug_str,"MS",%progbits,1
 2139      0200AD02 
 2139      00000201 
 2139      FB0E0D00 
 2139      01010101 
 2140              	.LASF44:
 2141 0000 5F64736F 		.ascii	"_dso_handle\000"
 2141      5F68616E 
 2141      646C6500 
 2142              	.LASF5:
 2143 000c 73686F72 		.ascii	"short int\000"
 2143      7420696E 
 2143      7400
 2144              	.LASF145:
 2145 0016 72656164 		.ascii	"ready_list_t\000"
 2145      795F6C69 
 2145      73745F74 
 2145      00
 2146              	.LASF43:
 2147 0023 5F666E61 		.ascii	"_fnargs\000"
 2147      72677300 
 2148              	.LASF177:
 2149 002b 77747472 		.ascii	"wttrp\000"
 2149      7000
 2150              	.LASF96:
 2151 0031 5F72616E 		.ascii	"_rand48\000"
 2151      64343800 
 2152              	.LASF174:
ARM GAS  /tmp/ccL3e2OY.s 			page 39


 2153 0039 7264796D 		.ascii	"rdymsg\000"
 2153      736700
 2154              	.LASF76:
 2155 0040 5F656D65 		.ascii	"_emergency\000"
 2155      7267656E 
 2155      637900
 2156              	.LASF129:
 2157 004b 75696E74 		.ascii	"uint64_t\000"
 2157      36345F74 
 2157      00
 2158              	.LASF7:
 2159 0054 5F5F7569 		.ascii	"__uint8_t\000"
 2159      6E74385F 
 2159      7400
 2160              	.LASF144:
 2161 005e 70726576 		.ascii	"prev\000"
 2161      00
 2162              	.LASF173:
 2163 0063 706F7274 		.ascii	"port_intctx\000"
 2163      5F696E74 
 2163      63747800 
 2164              	.LASF156:
 2165 006f 73797374 		.ascii	"system_debug_t\000"
 2165      656D5F64 
 2165      65627567 
 2165      5F7400
 2166              	.LASF112:
 2167 007e 5F676574 		.ascii	"_getdate_err\000"
 2167      64617465 
 2167      5F657272 
 2167      00
 2168              	.LASF88:
 2169 008b 5F617465 		.ascii	"_atexit0\000"
 2169      78697430 
 2169      00
 2170              	.LASF116:
 2171 0094 5F776372 		.ascii	"_wcrtomb_state\000"
 2171      746F6D62 
 2171      5F737461 
 2171      746500
 2172              	.LASF117:
 2173 00a3 5F776373 		.ascii	"_wcsrtombs_state\000"
 2173      72746F6D 
 2173      62735F73 
 2173      74617465 
 2173      00
 2174              	.LASF13:
 2175 00b4 6C6F6E67 		.ascii	"long long unsigned int\000"
 2175      206C6F6E 
 2175      6720756E 
 2175      7369676E 
 2175      65642069 
 2176              	.LASF180:
 2177 00cb 2E2E2F2E 		.ascii	"../../modules/ChibiOS/os/oslib/src/chfactory.c\000"
 2177      2E2F6D6F 
 2177      64756C65 
 2177      732F4368 
ARM GAS  /tmp/ccL3e2OY.s 			page 40


 2177      6962694F 
 2178              	.LASF175:
 2179 00fa 65786974 		.ascii	"exitcode\000"
 2179      636F6465 
 2179      00
 2180              	.LASF123:
 2181 0103 5F5F6C6F 		.ascii	"__locale_t\000"
 2181      63616C65 
 2181      5F7400
 2182              	.LASF153:
 2183 010e 76697274 		.ascii	"virtual_timers_list_t\000"
 2183      75616C5F 
 2183      74696D65 
 2183      72735F6C 
 2183      6973745F 
 2184              	.LASF166:
 2185 0124 49544D5F 		.ascii	"ITM_RxBuffer\000"
 2185      52784275 
 2185      66666572 
 2185      00
 2186              	.LASF165:
 2187 0131 73797369 		.ascii	"sysinterval_t\000"
 2187      6E746572 
 2187      76616C5F 
 2187      7400
 2188              	.LASF114:
 2189 013f 5F6D6272 		.ascii	"_mbrtowc_state\000"
 2189      746F7763 
 2189      5F737461 
 2189      746500
 2190              	.LASF143:
 2191 014e 6E657874 		.ascii	"next\000"
 2191      00
 2192              	.LASF142:
 2193 0153 63685F74 		.ascii	"ch_threads_queue\000"
 2193      68726561 
 2193      64735F71 
 2193      75657565 
 2193      00
 2194              	.LASF33:
 2195 0164 5F5F746D 		.ascii	"__tm_sec\000"
 2195      5F736563 
 2195      00
 2196              	.LASF15:
 2197 016d 5F6F6666 		.ascii	"_off_t\000"
 2197      5F7400
 2198              	.LASF61:
 2199 0174 5F636C6F 		.ascii	"_close\000"
 2199      736500
 2200              	.LASF3:
 2201 017b 7369676E 		.ascii	"signed char\000"
 2201      65642063 
 2201      68617200 
 2202              	.LASF62:
 2203 0187 5F756275 		.ascii	"_ubuf\000"
 2203      6600
 2204              	.LASF51:
ARM GAS  /tmp/ccL3e2OY.s 			page 41


 2205 018d 5F626173 		.ascii	"_base\000"
 2205      6500
 2206              	.LASF179:
 2207 0193 474E5520 		.ascii	"GNU C11 6.3.1 20170620 (release) [ARM/embedded-6-br"
 2207      43313120 
 2207      362E332E 
 2207      31203230 
 2207      31373036 
 2208 01c6 616E6368 		.ascii	"anch revision 249437] -mcpu=cortex-m4 -mfloat-abi=h"
 2208      20726576 
 2208      6973696F 
 2208      6E203234 
 2208      39343337 
 2209 01f9 61726420 		.ascii	"ard -mfpu=fpv4-sp-d16 -mno-thumb-interwork -mthumb "
 2209      2D6D6670 
 2209      753D6670 
 2209      76342D73 
 2209      702D6431 
 2210 022c 2D67202D 		.ascii	"-g -Os -fomit-frame-pointer -falign-functions=16 -f"
 2210      4F73202D 
 2210      666F6D69 
 2210      742D6672 
 2210      616D652D 
 2211 025f 66756E63 		.ascii	"function-sections -fdata-sections -fno-common -fsin"
 2211      74696F6E 
 2211      2D736563 
 2211      74696F6E 
 2211      73202D66 
 2212 0292 676C652D 		.ascii	"gle-precision-constant\000"
 2212      70726563 
 2212      6973696F 
 2212      6E2D636F 
 2212      6E737461 
 2213              	.LASF35:
 2214 02a9 5F5F746D 		.ascii	"__tm_hour\000"
 2214      5F686F75 
 2214      7200
 2215              	.LASF91:
 2216 02b3 5F5F7366 		.ascii	"__sf\000"
 2216      00
 2217              	.LASF42:
 2218 02b8 5F6F6E5F 		.ascii	"_on_exit_args\000"
 2218      65786974 
 2218      5F617267 
 2218      7300
 2219              	.LASF176:
 2220 02c6 77746F62 		.ascii	"wtobjp\000"
 2220      6A7000
 2221              	.LASF57:
 2222 02cd 5F636F6F 		.ascii	"_cookie\000"
 2222      6B696500 
 2223              	.LASF90:
 2224 02d5 5F5F7367 		.ascii	"__sglue\000"
 2224      6C756500 
 2225              	.LASF138:
 2226 02dd 73746174 		.ascii	"state\000"
 2226      6500
ARM GAS  /tmp/ccL3e2OY.s 			page 42


 2227              	.LASF160:
 2228 02e3 63685F73 		.ascii	"ch_system\000"
 2228      79737465 
 2228      6D00
 2229              	.LASF9:
 2230 02ed 6C6F6E67 		.ascii	"long int\000"
 2230      20696E74 
 2230      00
 2231              	.LASF131:
 2232 02f6 74737461 		.ascii	"tstate_t\000"
 2232      74655F74 
 2232      00
 2233              	.LASF46:
 2234 02ff 5F69735F 		.ascii	"_is_cxa\000"
 2234      63786100 
 2235              	.LASF72:
 2236 0307 5F737464 		.ascii	"_stdin\000"
 2236      696E00
 2237              	.LASF152:
 2238 030e 66756E63 		.ascii	"func\000"
 2238      00
 2239              	.LASF82:
 2240 0313 5F726573 		.ascii	"_result_k\000"
 2240      756C745F 
 2240      6B00
 2241              	.LASF86:
 2242 031d 5F637674 		.ascii	"_cvtbuf\000"
 2242      62756600 
 2243              	.LASF65:
 2244 0325 5F6F6666 		.ascii	"_offset\000"
 2244      73657400 
 2245              	.LASF115:
 2246 032d 5F6D6273 		.ascii	"_mbsrtowcs_state\000"
 2246      72746F77 
 2246      63735F73 
 2246      74617465 
 2246      00
 2247              	.LASF113:
 2248 033e 5F6D6272 		.ascii	"_mbrlen_state\000"
 2248      6C656E5F 
 2248      73746174 
 2248      6500
 2249              	.LASF49:
 2250 034c 5F666E73 		.ascii	"_fns\000"
 2250      00
 2251              	.LASF10:
 2252 0351 5F5F7569 		.ascii	"__uint32_t\000"
 2252      6E743332 
 2252      5F7400
 2253              	.LASF170:
 2254 035c 72656761 		.ascii	"regarm_t\000"
 2254      726D5F74 
 2254      00
 2255              	.LASF29:
 2256 0365 5F736967 		.ascii	"_sign\000"
 2256      6E00
 2257              	.LASF162:
ARM GAS  /tmp/ccL3e2OY.s 			page 43


 2258 036b 76746C69 		.ascii	"vtlist\000"
 2258      737400
 2259              	.LASF124:
 2260 0372 5F696D70 		.ascii	"_impure_ptr\000"
 2260      7572655F 
 2260      70747200 
 2261              	.LASF74:
 2262 037e 5F737464 		.ascii	"_stderr\000"
 2262      65727200 
 2263              	.LASF31:
 2264 0386 5F426967 		.ascii	"_Bigint\000"
 2264      696E7400 
 2265              	.LASF104:
 2266 038e 5F67616D 		.ascii	"_gamma_signgam\000"
 2266      6D615F73 
 2266      69676E67 
 2266      616D00
 2267              	.LASF169:
 2268 039d 41504250 		.ascii	"APBPrescTable\000"
 2268      72657363 
 2268      5461626C 
 2268      6500
 2269              	.LASF58:
 2270 03ab 5F726561 		.ascii	"_read\000"
 2270      6400
 2271              	.LASF32:
 2272 03b1 5F5F746D 		.ascii	"__tm\000"
 2272      00
 2273              	.LASF19:
 2274 03b6 5F5F7763 		.ascii	"__wchb\000"
 2274      686200
 2275              	.LASF167:
 2276 03bd 53797374 		.ascii	"SystemCoreClock\000"
 2276      656D436F 
 2276      7265436C 
 2276      6F636B00 
 2277              	.LASF73:
 2278 03cd 5F737464 		.ascii	"_stdout\000"
 2278      6F757400 
 2279              	.LASF85:
 2280 03d5 5F637674 		.ascii	"_cvtlen\000"
 2280      6C656E00 
 2281              	.LASF181:
 2282 03dd 2F686F6D 		.ascii	"/home/alex/ArduPilot/ardupilot/build/STM32Disco\000"
 2282      652F616C 
 2282      65782F41 
 2282      72647550 
 2282      696C6F74 
 2283              	.LASF55:
 2284 040d 5F66696C 		.ascii	"_file\000"
 2284      6500
 2285              	.LASF66:
 2286 0413 5F646174 		.ascii	"_data\000"
 2286      6100
 2287              	.LASF136:
 2288 0419 71756575 		.ascii	"queue\000"
 2288      6500
ARM GAS  /tmp/ccL3e2OY.s 			page 44


 2289              	.LASF94:
 2290 041f 5F6E696F 		.ascii	"_niobs\000"
 2290      627300
 2291              	.LASF105:
 2292 0426 5F72616E 		.ascii	"_rand_next\000"
 2292      645F6E65 
 2292      787400
 2293              	.LASF1:
 2294 0431 6C6F6E67 		.ascii	"long long int\000"
 2294      206C6F6E 
 2294      6720696E 
 2294      7400
 2295              	.LASF135:
 2296 043f 63685F74 		.ascii	"ch_thread\000"
 2296      68726561 
 2296      6400
 2297              	.LASF111:
 2298 0449 5F736967 		.ascii	"_signal_buf\000"
 2298      6E616C5F 
 2298      62756600 
 2299              	.LASF102:
 2300 0455 5F617363 		.ascii	"_asctime_buf\000"
 2300      74696D65 
 2300      5F627566 
 2300      00
 2301              	.LASF133:
 2302 0462 6D73675F 		.ascii	"msg_t\000"
 2302      7400
 2303              	.LASF81:
 2304 0468 5F726573 		.ascii	"_result\000"
 2304      756C7400 
 2305              	.LASF18:
 2306 0470 5F5F7763 		.ascii	"__wch\000"
 2306      6800
 2307              	.LASF159:
 2308 0476 63685F73 		.ascii	"ch_system_t\000"
 2308      79737465 
 2308      6D5F7400 
 2309              	.LASF14:
 2310 0482 5F4C4F43 		.ascii	"_LOCK_T\000"
 2310      4B5F5400 
 2311              	.LASF87:
 2312 048a 5F6E6577 		.ascii	"_new\000"
 2312      00
 2313              	.LASF130:
 2314 048f 746D6F64 		.ascii	"tmode_t\000"
 2314      655F7400 
 2315              	.LASF67:
 2316 0497 5F6C6F63 		.ascii	"_lock\000"
 2316      6B00
 2317              	.LASF146:
 2318 049d 63685F72 		.ascii	"ch_ready_list\000"
 2318      65616479 
 2318      5F6C6973 
 2318      7400
 2319              	.LASF98:
 2320 04ab 5F6D756C 		.ascii	"_mult\000"
ARM GAS  /tmp/ccL3e2OY.s 			page 45


 2320      7400
 2321              	.LASF8:
 2322 04b1 5F5F696E 		.ascii	"__int32_t\000"
 2322      7433325F 
 2322      7400
 2323              	.LASF171:
 2324 04bb 73746B61 		.ascii	"stkalign_t\000"
 2324      6C69676E 
 2324      5F7400
 2325              	.LASF59:
 2326 04c6 5F777269 		.ascii	"_write\000"
 2326      746500
 2327              	.LASF120:
 2328 04cd 5F6E6D61 		.ascii	"_nmalloc\000"
 2328      6C6C6F63 
 2328      00
 2329              	.LASF20:
 2330 04d6 73697A65 		.ascii	"sizetype\000"
 2330      74797065 
 2330      00
 2331              	.LASF140:
 2332 04df 74687265 		.ascii	"thread_reference_t\000"
 2332      61645F72 
 2332      65666572 
 2332      656E6365 
 2332      5F7400
 2333              	.LASF154:
 2334 04f2 63685F76 		.ascii	"ch_virtual_timers_list\000"
 2334      69727475 
 2334      616C5F74 
 2334      696D6572 
 2334      735F6C69 
 2335              	.LASF2:
 2336 0509 6C6F6E67 		.ascii	"long double\000"
 2336      20646F75 
 2336      626C6500 
 2337              	.LASF119:
 2338 0515 5F6E6578 		.ascii	"_nextf\000"
 2338      746600
 2339              	.LASF172:
 2340 051c 706F7274 		.ascii	"port_context\000"
 2340      5F636F6E 
 2340      74657874 
 2340      00
 2341              	.LASF37:
 2342 0529 5F5F746D 		.ascii	"__tm_mon\000"
 2342      5F6D6F6E 
 2342      00
 2343              	.LASF47:
 2344 0532 5F617465 		.ascii	"_atexit\000"
 2344      78697400 
 2345              	.LASF79:
 2346 053a 5F5F7364 		.ascii	"__sdidinit\000"
 2346      6964696E 
 2346      697400
 2347              	.LASF137:
 2348 0545 7072696F 		.ascii	"prio\000"
ARM GAS  /tmp/ccL3e2OY.s 			page 46


 2348      00
 2349              	.LASF17:
 2350 054a 77696E74 		.ascii	"wint_t\000"
 2350      5F7400
 2351              	.LASF147:
 2352 0551 63757272 		.ascii	"current\000"
 2352      656E7400 
 2353              	.LASF12:
 2354 0559 5F5F7569 		.ascii	"__uint64_t\000"
 2354      6E743634 
 2354      5F7400
 2355              	.LASF84:
 2356 0564 5F667265 		.ascii	"_freelist\000"
 2356      656C6973 
 2356      7400
 2357              	.LASF109:
 2358 056e 5F776374 		.ascii	"_wctomb_state\000"
 2358      6F6D625F 
 2358      73746174 
 2358      6500
 2359              	.LASF149:
 2360 057c 76697274 		.ascii	"virtual_timer_t\000"
 2360      75616C5F 
 2360      74696D65 
 2360      725F7400 
 2361              	.LASF132:
 2362 058c 74707269 		.ascii	"tprio_t\000"
 2362      6F5F7400 
 2363              	.LASF107:
 2364 0594 5F6D626C 		.ascii	"_mblen_state\000"
 2364      656E5F73 
 2364      74617465 
 2364      00
 2365              	.LASF157:
 2366 05a1 63685F73 		.ascii	"ch_system_debug\000"
 2366      79737465 
 2366      6D5F6465 
 2366      62756700 
 2367              	.LASF127:
 2368 05b1 696E7433 		.ascii	"int32_t\000"
 2368      325F7400 
 2369              	.LASF4:
 2370 05b9 756E7369 		.ascii	"unsigned char\000"
 2370      676E6564 
 2370      20636861 
 2370      7200
 2371              	.LASF100:
 2372 05c7 5F756E75 		.ascii	"_unused_rand\000"
 2372      7365645F 
 2372      72616E64 
 2372      00
 2373              	.LASF118:
 2374 05d4 5F685F65 		.ascii	"_h_errno\000"
 2374      72726E6F 
 2374      00
 2375              	.LASF24:
 2376 05dd 5F666C6F 		.ascii	"_flock_t\000"
ARM GAS  /tmp/ccL3e2OY.s 			page 47


 2376      636B5F74 
 2376      00
 2377              	.LASF40:
 2378 05e6 5F5F746D 		.ascii	"__tm_yday\000"
 2378      5F796461 
 2378      7900
 2379              	.LASF155:
 2380 05f0 6C617374 		.ascii	"lasttime\000"
 2380      74696D65 
 2380      00
 2381              	.LASF50:
 2382 05f9 5F5F7362 		.ascii	"__sbuf\000"
 2382      756600
 2383              	.LASF69:
 2384 0600 5F666C61 		.ascii	"_flags2\000"
 2384      67733200 
 2385              	.LASF95:
 2386 0608 5F696F62 		.ascii	"_iobs\000"
 2386      7300
 2387              	.LASF92:
 2388 060e 5F5F4649 		.ascii	"__FILE\000"
 2388      4C4500
 2389              	.LASF23:
 2390 0615 5F6D6273 		.ascii	"_mbstate_t\000"
 2390      74617465 
 2390      5F7400
 2391              	.LASF53:
 2392 0620 5F5F7346 		.ascii	"__sFILE\000"
 2392      494C4500 
 2393              	.LASF68:
 2394 0628 5F6D6273 		.ascii	"_mbstate\000"
 2394      74617465 
 2394      00
 2395              	.LASF163:
 2396 0631 6D61696E 		.ascii	"mainthread\000"
 2396      74687265 
 2396      616400
 2397              	.LASF75:
 2398 063c 5F696E63 		.ascii	"_inc\000"
 2398      00
 2399              	.LASF48:
 2400 0641 5F696E64 		.ascii	"_ind\000"
 2400      00
 2401              	.LASF78:
 2402 0646 5F6C6F63 		.ascii	"_locale\000"
 2402      616C6500 
 2403              	.LASF80:
 2404 064e 5F5F636C 		.ascii	"__cleanup\000"
 2404      65616E75 
 2404      7000
 2405              	.LASF77:
 2406 0658 5F756E73 		.ascii	"_unspecified_locale_info\000"
 2406      70656369 
 2406      66696564 
 2406      5F6C6F63 
 2406      616C655F 
 2407              	.LASF28:
ARM GAS  /tmp/ccL3e2OY.s 			page 48


 2408 0671 5F6D6178 		.ascii	"_maxwds\000"
 2408      77647300 
 2409              	.LASF70:
 2410 0679 5F726565 		.ascii	"_reent\000"
 2410      6E7400
 2411              	.LASF178:
 2412 0680 63685F69 		.ascii	"ch_idle_thread_wa\000"
 2412      646C655F 
 2412      74687265 
 2412      61645F77 
 2412      6100
 2413              	.LASF97:
 2414 0692 5F736565 		.ascii	"_seed\000"
 2414      6400
 2415              	.LASF21:
 2416 0698 5F5F636F 		.ascii	"__count\000"
 2416      756E7400 
 2417              	.LASF122:
 2418 06a0 5F5F6C6F 		.ascii	"__lock\000"
 2418      636B00
 2419              	.LASF22:
 2420 06a7 5F5F7661 		.ascii	"__value\000"
 2420      6C756500 
 2421              	.LASF60:
 2422 06af 5F736565 		.ascii	"_seek\000"
 2422      6B00
 2423              	.LASF39:
 2424 06b5 5F5F746D 		.ascii	"__tm_wday\000"
 2424      5F776461 
 2424      7900
 2425              	.LASF16:
 2426 06bf 5F66706F 		.ascii	"_fpos_t\000"
 2426      735F7400 
 2427              	.LASF11:
 2428 06c7 6C6F6E67 		.ascii	"long unsigned int\000"
 2428      20756E73 
 2428      69676E65 
 2428      6420696E 
 2428      7400
 2429              	.LASF38:
 2430 06d9 5F5F746D 		.ascii	"__tm_year\000"
 2430      5F796561 
 2430      7200
 2431              	.LASF71:
 2432 06e3 5F657272 		.ascii	"_errno\000"
 2432      6E6F00
 2433              	.LASF25:
 2434 06ea 63686172 		.ascii	"char\000"
 2434      00
 2435              	.LASF64:
 2436 06ef 5F626C6B 		.ascii	"_blksize\000"
 2436      73697A65 
 2436      00
 2437              	.LASF52:
 2438 06f8 5F73697A 		.ascii	"_size\000"
 2438      6500
 2439              	.LASF0:
ARM GAS  /tmp/ccL3e2OY.s 			page 49


 2440 06fe 756E7369 		.ascii	"unsigned int\000"
 2440      676E6564 
 2440      20696E74 
 2440      00
 2441              	.LASF134:
 2442 070b 74687265 		.ascii	"thread_t\000"
 2442      61645F74 
 2442      00
 2443              	.LASF164:
 2444 0714 73797374 		.ascii	"systime_t\000"
 2444      696D655F 
 2444      7400
 2445              	.LASF148:
 2446 071e 76746675 		.ascii	"vtfunc_t\000"
 2446      6E635F74 
 2446      00
 2447              	.LASF168:
 2448 0727 41484250 		.ascii	"AHBPrescTable\000"
 2448      72657363 
 2448      5461626C 
 2448      6500
 2449              	.LASF158:
 2450 0735 70616E69 		.ascii	"panic_msg\000"
 2450      635F6D73 
 2450      6700
 2451              	.LASF27:
 2452 073f 5F6E6578 		.ascii	"_next\000"
 2452      7400
 2453              	.LASF101:
 2454 0745 5F737472 		.ascii	"_strtok_last\000"
 2454      746F6B5F 
 2454      6C617374 
 2454      00
 2455              	.LASF45:
 2456 0752 5F666E74 		.ascii	"_fntypes\000"
 2456      79706573 
 2456      00
 2457              	.LASF6:
 2458 075b 73686F72 		.ascii	"short unsigned int\000"
 2458      7420756E 
 2458      7369676E 
 2458      65642069 
 2458      6E7400
 2459              	.LASF150:
 2460 076e 63685F76 		.ascii	"ch_virtual_timer\000"
 2460      69727475 
 2460      616C5F74 
 2460      696D6572 
 2460      00
 2461              	.LASF26:
 2462 077f 5F5F554C 		.ascii	"__ULong\000"
 2462      6F6E6700 
 2463              	.LASF99:
 2464 0787 5F616464 		.ascii	"_add\000"
 2464      00
 2465              	.LASF125:
 2466 078c 5F676C6F 		.ascii	"_global_impure_ptr\000"
ARM GAS  /tmp/ccL3e2OY.s 			page 50


 2466      62616C5F 
 2466      696D7075 
 2466      72655F70 
 2466      747200
 2467              	.LASF128:
 2468 079f 75696E74 		.ascii	"uint32_t\000"
 2468      33325F74 
 2468      00
 2469              	.LASF141:
 2470 07a8 74687265 		.ascii	"threads_queue_t\000"
 2470      6164735F 
 2470      71756575 
 2470      655F7400 
 2471              	.LASF151:
 2472 07b8 64656C74 		.ascii	"delta\000"
 2472      6100
 2473              	.LASF30:
 2474 07be 5F776473 		.ascii	"_wds\000"
 2474      00
 2475              	.LASF93:
 2476 07c3 5F676C75 		.ascii	"_glue\000"
 2476      6500
 2477              	.LASF161:
 2478 07c9 726C6973 		.ascii	"rlist\000"
 2478      7400
 2479              	.LASF54:
 2480 07cf 5F666C61 		.ascii	"_flags\000"
 2480      677300
 2481              	.LASF126:
 2482 07d6 75696E74 		.ascii	"uint8_t\000"
 2482      385F7400 
 2483              	.LASF110:
 2484 07de 5F6C3634 		.ascii	"_l64a_buf\000"
 2484      615F6275 
 2484      6600
 2485              	.LASF89:
 2486 07e8 5F736967 		.ascii	"_sig_func\000"
 2486      5F66756E 
 2486      6300
 2487              	.LASF139:
 2488 07f2 666C6167 		.ascii	"flags\000"
 2488      7300
 2489              	.LASF63:
 2490 07f8 5F6E6275 		.ascii	"_nbuf\000"
 2490      6600
 2491              	.LASF121:
 2492 07fe 5F756E75 		.ascii	"_unused\000"
 2492      73656400 
 2493              	.LASF41:
 2494 0806 5F5F746D 		.ascii	"__tm_isdst\000"
 2494      5F697364 
 2494      737400
 2495              	.LASF103:
 2496 0811 5F6C6F63 		.ascii	"_localtime_buf\000"
 2496      616C7469 
 2496      6D655F62 
 2496      756600
ARM GAS  /tmp/ccL3e2OY.s 			page 51


 2497              	.LASF34:
 2498 0820 5F5F746D 		.ascii	"__tm_min\000"
 2498      5F6D696E 
 2498      00
 2499              	.LASF106:
 2500 0829 5F723438 		.ascii	"_r48\000"
 2500      00
 2501              	.LASF108:
 2502 082e 5F6D6274 		.ascii	"_mbtowc_state\000"
 2502      6F77635F 
 2502      73746174 
 2502      6500
 2503              	.LASF83:
 2504 083c 5F703573 		.ascii	"_p5s\000"
 2504      00
 2505              	.LASF56:
 2506 0841 5F6C6266 		.ascii	"_lbfsize\000"
 2506      73697A65 
 2506      00
 2507              	.LASF36:
 2508 084a 5F5F746D 		.ascii	"__tm_mday\000"
 2508      5F6D6461 
 2508      7900
 2509              		.ident	"GCC: (GNU Tools for ARM Embedded Processors 6-2017-q2-update) 6.3.1 20170620 (release) [AR
ARM GAS  /tmp/ccL3e2OY.s 			page 52


DEFINED SYMBOLS
                            *ABS*:0000000000000000 chfactory.c

NO UNDEFINED SYMBOLS
