ARM GAS  /tmp/cc1b983D.s 			page 1


   1              		.cpu cortex-m4
   2              		.eabi_attribute 27, 1
   3              		.eabi_attribute 28, 1
   4              		.eabi_attribute 20, 1
   5              		.eabi_attribute 21, 1
   6              		.eabi_attribute 23, 3
   7              		.eabi_attribute 24, 1
   8              		.eabi_attribute 25, 1
   9              		.eabi_attribute 26, 1
  10              		.eabi_attribute 30, 4
  11              		.eabi_attribute 34, 1
  12              		.eabi_attribute 18, 4
  13              		.file	"chcore.c"
  14              		.text
  15              	.Ltext0:
  16              		.cfi_sections	.debug_frame
  17              	.Letext0:
  18              		.file 1 "/opt/gcc-arm-none-eabi-6-2017-q2-update/lib/gcc/arm-none-eabi/6.3.1/include/stddef.h"
  19              		.file 2 "/opt/gcc-arm-none-eabi-6-2017-q2-update/arm-none-eabi/include/machine/_default_types.h"
  20              		.file 3 "/opt/gcc-arm-none-eabi-6-2017-q2-update/arm-none-eabi/include/sys/_stdint.h"
  21              		.file 4 "../../modules/ChibiOS/os/common/ports/ARMCMx/compilers/GCC/chtypes.h"
  22              		.file 5 "../../modules/ChibiOS/os/rt/include/chsystypes.h"
  23              		.file 6 "../../modules/ChibiOS/os/rt/include/chschd.h"
  24              		.file 7 "../../modules/ChibiOS/os/rt/include/chtime.h"
  25              		.file 8 "../../modules/ChibiOS/os/common/ext/ARM/CMSIS/Core/Include/core_cm4.h"
  26              		.file 9 "../../modules/ChibiOS/os/common/ext/ST/STM32F4xx/system_stm32f4xx.h"
  27              		.file 10 "../../modules/ChibiOS/os/common/ports/ARMCMx/chcore.h"
  28              		.file 11 "../../modules/ChibiOS/os/common/ports/ARMCMx/chcore_v7m.h"
  29              		.file 12 "../../modules/ChibiOS/os/rt/include/chtm.h"
  30              		.file 13 "../../modules/ChibiOS/os/rt/include/chsem.h"
  31              		.file 14 "../../modules/ChibiOS/os/rt/include/chmtx.h"
  32              		.file 15 "../../modules/ChibiOS/os/rt/include/chsys.h"
  33              		.file 16 "../../modules/ChibiOS/os/rt/include/chregistry.h"
  34              		.file 17 "../../modules/ChibiOS/os/oslib/include/chmemcore.h"
  35              		.file 18 "../../modules/ChibiOS/os/oslib/include/chmempools.h"
  36              		.file 19 "../../modules/ChibiOS/os/oslib/include/chfactory.h"
  37              		.section	.debug_info,"",%progbits
  38              	.Ldebug_info0:
  39 0000 680A0000 		.4byte	0xa68
  40 0004 0400     		.2byte	0x4
  41 0006 00000000 		.4byte	.Ldebug_abbrev0
  42 000a 04       		.byte	0x4
  43 000b 01       		.uleb128 0x1
  44 000c 0C010000 		.4byte	.LASF145
  45 0010 0C       		.byte	0xc
  46 0011 22050000 		.4byte	.LASF146
  47 0015 1A070000 		.4byte	.LASF147
  48 0019 00000000 		.4byte	.Ldebug_line0
  49 001d 02       		.uleb128 0x2
  50 001e 04       		.byte	0x4
  51 001f 05       		.byte	0x5
  52 0020 696E7400 		.ascii	"int\000"
  53 0024 03       		.uleb128 0x3
  54 0025 0D000000 		.4byte	.LASF4
  55 0029 01       		.byte	0x1
  56 002a D8       		.byte	0xd8
  57 002b 2F000000 		.4byte	0x2f
ARM GAS  /tmp/cc1b983D.s 			page 2


  58 002f 04       		.uleb128 0x4
  59 0030 04       		.byte	0x4
  60 0031 07       		.byte	0x7
  61 0032 C7020000 		.4byte	.LASF0
  62 0036 04       		.uleb128 0x4
  63 0037 08       		.byte	0x8
  64 0038 05       		.byte	0x5
  65 0039 ED000000 		.4byte	.LASF1
  66 003d 04       		.uleb128 0x4
  67 003e 08       		.byte	0x8
  68 003f 04       		.byte	0x4
  69 0040 09040000 		.4byte	.LASF2
  70 0044 04       		.uleb128 0x4
  71 0045 01       		.byte	0x1
  72 0046 06       		.byte	0x6
  73 0047 FB000000 		.4byte	.LASF3
  74 004b 03       		.uleb128 0x3
  75 004c 2A000000 		.4byte	.LASF5
  76 0050 02       		.byte	0x2
  77 0051 2B       		.byte	0x2b
  78 0052 56000000 		.4byte	0x56
  79 0056 04       		.uleb128 0x4
  80 0057 01       		.byte	0x1
  81 0058 08       		.byte	0x8
  82 0059 CF040000 		.4byte	.LASF6
  83 005d 04       		.uleb128 0x4
  84 005e 02       		.byte	0x2
  85 005f 05       		.byte	0x5
  86 0060 F3040000 		.4byte	.LASF7
  87 0064 03       		.uleb128 0x3
  88 0065 F6050000 		.4byte	.LASF8
  89 0069 02       		.byte	0x2
  90 006a 39       		.byte	0x39
  91 006b 6F000000 		.4byte	0x6f
  92 006f 04       		.uleb128 0x4
  93 0070 02       		.byte	0x2
  94 0071 07       		.byte	0x7
  95 0072 4C060000 		.4byte	.LASF9
  96 0076 03       		.uleb128 0x3
  97 0077 AA030000 		.4byte	.LASF10
  98 007b 02       		.byte	0x2
  99 007c 4D       		.byte	0x4d
 100 007d 81000000 		.4byte	0x81
 101 0081 04       		.uleb128 0x4
 102 0082 04       		.byte	0x4
 103 0083 05       		.byte	0x5
 104 0084 38020000 		.4byte	.LASF11
 105 0088 03       		.uleb128 0x3
 106 0089 65020000 		.4byte	.LASF12
 107 008d 02       		.byte	0x2
 108 008e 4F       		.byte	0x4f
 109 008f 93000000 		.4byte	0x93
 110 0093 04       		.uleb128 0x4
 111 0094 04       		.byte	0x4
 112 0095 07       		.byte	0x7
 113 0096 C9050000 		.4byte	.LASF13
 114 009a 03       		.uleb128 0x3
ARM GAS  /tmp/cc1b983D.s 			page 3


 115 009b 6D040000 		.4byte	.LASF14
 116 009f 02       		.byte	0x2
 117 00a0 69       		.byte	0x69
 118 00a1 A5000000 		.4byte	0xa5
 119 00a5 04       		.uleb128 0x4
 120 00a6 08       		.byte	0x8
 121 00a7 07       		.byte	0x7
 122 00a8 73000000 		.4byte	.LASF15
 123 00ac 03       		.uleb128 0x3
 124 00ad BE060000 		.4byte	.LASF16
 125 00b1 03       		.byte	0x3
 126 00b2 18       		.byte	0x18
 127 00b3 4B000000 		.4byte	0x4b
 128 00b7 05       		.uleb128 0x5
 129 00b8 AC000000 		.4byte	0xac
 130 00bc 03       		.uleb128 0x3
 131 00bd D4020000 		.4byte	.LASF17
 132 00c1 03       		.byte	0x3
 133 00c2 24       		.byte	0x24
 134 00c3 64000000 		.4byte	0x64
 135 00c7 03       		.uleb128 0x3
 136 00c8 C7040000 		.4byte	.LASF18
 137 00cc 03       		.byte	0x3
 138 00cd 2C       		.byte	0x2c
 139 00ce 76000000 		.4byte	0x76
 140 00d2 06       		.uleb128 0x6
 141 00d3 C7000000 		.4byte	0xc7
 142 00d7 03       		.uleb128 0x3
 143 00d8 A3050000 		.4byte	.LASF19
 144 00dc 03       		.byte	0x3
 145 00dd 30       		.byte	0x30
 146 00de 88000000 		.4byte	0x88
 147 00e2 03       		.uleb128 0x3
 148 00e3 21000000 		.4byte	.LASF20
 149 00e7 03       		.byte	0x3
 150 00e8 3C       		.byte	0x3c
 151 00e9 9A000000 		.4byte	0x9a
 152 00ed 03       		.uleb128 0x3
 153 00ee 6A060000 		.4byte	.LASF21
 154 00f2 04       		.byte	0x4
 155 00f3 27       		.byte	0x27
 156 00f4 D7000000 		.4byte	0xd7
 157 00f8 03       		.uleb128 0x3
 158 00f9 73030000 		.4byte	.LASF22
 159 00fd 04       		.byte	0x4
 160 00fe 2A       		.byte	0x2a
 161 00ff AC000000 		.4byte	0xac
 162 0103 03       		.uleb128 0x3
 163 0104 41020000 		.4byte	.LASF23
 164 0108 04       		.byte	0x4
 165 0109 2B       		.byte	0x2b
 166 010a AC000000 		.4byte	0xac
 167 010e 03       		.uleb128 0x3
 168 010f 82040000 		.4byte	.LASF24
 169 0113 04       		.byte	0x4
 170 0114 2C       		.byte	0x2c
 171 0115 AC000000 		.4byte	0xac
ARM GAS  /tmp/cc1b983D.s 			page 4


 172 0119 03       		.uleb128 0x3
 173 011a AE040000 		.4byte	.LASF25
 174 011e 04       		.byte	0x4
 175 011f 2E       		.byte	0x2e
 176 0120 D7000000 		.4byte	0xd7
 177 0124 03       		.uleb128 0x3
 178 0125 3E030000 		.4byte	.LASF26
 179 0129 04       		.byte	0x4
 180 012a 2F       		.byte	0x2f
 181 012b C7000000 		.4byte	0xc7
 182 012f 03       		.uleb128 0x3
 183 0130 89030000 		.4byte	.LASF27
 184 0134 04       		.byte	0x4
 185 0135 31       		.byte	0x31
 186 0136 D7000000 		.4byte	0xd7
 187 013a 03       		.uleb128 0x3
 188 013b C1020000 		.4byte	.LASF28
 189 013f 04       		.byte	0x4
 190 0140 33       		.byte	0x33
 191 0141 C7000000 		.4byte	0xc7
 192 0145 03       		.uleb128 0x3
 193 0146 44030000 		.4byte	.LASF29
 194 014a 04       		.byte	0x4
 195 014b 34       		.byte	0x34
 196 014c D7000000 		.4byte	0xd7
 197 0150 03       		.uleb128 0x3
 198 0151 01060000 		.4byte	.LASF30
 199 0155 05       		.byte	0x5
 200 0156 34       		.byte	0x34
 201 0157 5B010000 		.4byte	0x15b
 202 015b 07       		.uleb128 0x7
 203 015c 34030000 		.4byte	.LASF48
 204 0160 44       		.byte	0x44
 205 0161 06       		.byte	0x6
 206 0162 8E       		.byte	0x8e
 207 0163 39020000 		.4byte	0x239
 208 0167 08       		.uleb128 0x8
 209 0168 16030000 		.4byte	.LASF31
 210 016c 06       		.byte	0x6
 211 016d 8F       		.byte	0x8f
 212 016e 6E020000 		.4byte	0x26e
 213 0172 00       		.byte	0
 214 0173 08       		.uleb128 0x8
 215 0174 57040000 		.4byte	.LASF32
 216 0178 06       		.byte	0x6
 217 0179 90       		.byte	0x90
 218 017a 19010000 		.4byte	0x119
 219 017e 08       		.byte	0x8
 220 017f 09       		.uleb128 0x9
 221 0180 63747800 		.ascii	"ctx\000"
 222 0184 06       		.byte	0x6
 223 0185 91       		.byte	0x91
 224 0186 D3040000 		.4byte	0x4d3
 225 018a 0C       		.byte	0xc
 226 018b 08       		.uleb128 0x8
 227 018c BF030000 		.4byte	.LASF33
 228 0190 06       		.byte	0x6
ARM GAS  /tmp/cc1b983D.s 			page 5


 229 0191 93       		.byte	0x93
 230 0192 44020000 		.4byte	0x244
 231 0196 10       		.byte	0x10
 232 0197 08       		.uleb128 0x8
 233 0198 E7050000 		.4byte	.LASF34
 234 019c 06       		.byte	0x6
 235 019d 94       		.byte	0x94
 236 019e 44020000 		.4byte	0x244
 237 01a2 14       		.byte	0x14
 238 01a3 08       		.uleb128 0x8
 239 01a4 11030000 		.4byte	.LASF35
 240 01a8 06       		.byte	0x6
 241 01a9 9B       		.byte	0x9b
 242 01aa 33070000 		.4byte	0x733
 243 01ae 18       		.byte	0x18
 244 01af 08       		.uleb128 0x8
 245 01b0 DB050000 		.4byte	.LASF36
 246 01b4 06       		.byte	0x6
 247 01b5 A4       		.byte	0xa4
 248 01b6 4A070000 		.4byte	0x74a
 249 01ba 1C       		.byte	0x1c
 250 01bb 08       		.uleb128 0x8
 251 01bc 32020000 		.4byte	.LASF37
 252 01c0 06       		.byte	0x6
 253 01c1 A9       		.byte	0xa9
 254 01c2 03010000 		.4byte	0x103
 255 01c6 20       		.byte	0x20
 256 01c7 08       		.uleb128 0x8
 257 01c8 C6060000 		.4byte	.LASF38
 258 01cc 06       		.byte	0x6
 259 01cd AD       		.byte	0xad
 260 01ce F8000000 		.4byte	0xf8
 261 01d2 21       		.byte	0x21
 262 01d3 08       		.uleb128 0x8
 263 01d4 8A040000 		.4byte	.LASF39
 264 01d8 06       		.byte	0x6
 265 01d9 B2       		.byte	0xb2
 266 01da 0E010000 		.4byte	0x10e
 267 01de 22       		.byte	0x22
 268 01df 0A       		.uleb128 0xa
 269 01e0 7500     		.ascii	"u\000"
 270 01e2 06       		.byte	0x6
 271 01e3 0301     		.2byte	0x103
 272 01e5 5D060000 		.4byte	0x65d
 273 01e9 24       		.byte	0x24
 274 01ea 0B       		.uleb128 0xb
 275 01eb 92020000 		.4byte	.LASF40
 276 01ef 06       		.byte	0x6
 277 01f0 0801     		.2byte	0x108
 278 01f2 4A020000 		.4byte	0x24a
 279 01f6 28       		.byte	0x28
 280 01f7 0B       		.uleb128 0xb
 281 01f8 29020000 		.4byte	.LASF41
 282 01fc 06       		.byte	0x6
 283 01fd 0E01     		.2byte	0x10e
 284 01ff 6E020000 		.4byte	0x26e
 285 0203 2C       		.byte	0x2c
ARM GAS  /tmp/cc1b983D.s 			page 6


 286 0204 0B       		.uleb128 0xb
 287 0205 4B030000 		.4byte	.LASF42
 288 0209 06       		.byte	0x6
 289 020a 1401     		.2byte	0x114
 290 020c 2F010000 		.4byte	0x12f
 291 0210 34       		.byte	0x34
 292 0211 0B       		.uleb128 0xb
 293 0212 12070000 		.4byte	.LASF43
 294 0216 06       		.byte	0x6
 295 0217 1B01     		.2byte	0x11b
 296 0219 2D070000 		.4byte	0x72d
 297 021d 38       		.byte	0x38
 298 021e 0B       		.uleb128 0xb
 299 021f C5030000 		.4byte	.LASF44
 300 0223 06       		.byte	0x6
 301 0224 1F01     		.2byte	0x11f
 302 0226 19010000 		.4byte	0x119
 303 022a 3C       		.byte	0x3c
 304 022b 0B       		.uleb128 0xb
 305 022c 1C030000 		.4byte	.LASF45
 306 0230 06       		.byte	0x6
 307 0231 2601     		.2byte	0x126
 308 0233 21030000 		.4byte	0x321
 309 0237 40       		.byte	0x40
 310 0238 00       		.byte	0
 311 0239 03       		.uleb128 0x3
 312 023a DF030000 		.4byte	.LASF46
 313 023e 05       		.byte	0x5
 314 023f 39       		.byte	0x39
 315 0240 44020000 		.4byte	0x244
 316 0244 0C       		.uleb128 0xc
 317 0245 04       		.byte	0x4
 318 0246 50010000 		.4byte	0x150
 319 024a 03       		.uleb128 0x3
 320 024b DD060000 		.4byte	.LASF47
 321 024f 05       		.byte	0x5
 322 0250 3E       		.byte	0x3e
 323 0251 55020000 		.4byte	0x255
 324 0255 07       		.uleb128 0x7
 325 0256 B3050000 		.4byte	.LASF49
 326 025a 04       		.byte	0x4
 327 025b 06       		.byte	0x6
 328 025c 7C       		.byte	0x7c
 329 025d 6E020000 		.4byte	0x26e
 330 0261 08       		.uleb128 0x8
 331 0262 D7000000 		.4byte	.LASF50
 332 0266 06       		.byte	0x6
 333 0267 7D       		.byte	0x7d
 334 0268 44020000 		.4byte	0x244
 335 026c 00       		.byte	0
 336 026d 00       		.byte	0
 337 026e 03       		.uleb128 0x3
 338 026f 99060000 		.4byte	.LASF51
 339 0273 05       		.byte	0x5
 340 0274 45       		.byte	0x45
 341 0275 79020000 		.4byte	0x279
 342 0279 07       		.uleb128 0x7
ARM GAS  /tmp/cc1b983D.s 			page 7


 343 027a DC000000 		.4byte	.LASF52
 344 027e 08       		.byte	0x8
 345 027f 06       		.byte	0x6
 346 0280 83       		.byte	0x83
 347 0281 9E020000 		.4byte	0x29e
 348 0285 08       		.uleb128 0x8
 349 0286 D7000000 		.4byte	.LASF50
 350 028a 06       		.byte	0x6
 351 028b 84       		.byte	0x84
 352 028c 44020000 		.4byte	0x244
 353 0290 00       		.byte	0
 354 0291 08       		.uleb128 0x8
 355 0292 34000000 		.4byte	.LASF53
 356 0296 06       		.byte	0x6
 357 0297 85       		.byte	0x85
 358 0298 44020000 		.4byte	0x244
 359 029c 04       		.byte	0x4
 360 029d 00       		.byte	0
 361 029e 03       		.uleb128 0x3
 362 029f 00000000 		.4byte	.LASF54
 363 02a3 05       		.byte	0x5
 364 02a4 4C       		.byte	0x4c
 365 02a5 A9020000 		.4byte	0x2a9
 366 02a9 0D       		.uleb128 0xd
 367 02aa 7B030000 		.4byte	.LASF55
 368 02ae 1C       		.byte	0x1c
 369 02af 06       		.byte	0x6
 370 02b0 5E01     		.2byte	0x15e
 371 02b2 05030000 		.4byte	0x305
 372 02b6 0B       		.uleb128 0xb
 373 02b7 16030000 		.4byte	.LASF31
 374 02bb 06       		.byte	0x6
 375 02bc 5F01     		.2byte	0x15f
 376 02be 6E020000 		.4byte	0x26e
 377 02c2 00       		.byte	0
 378 02c3 0B       		.uleb128 0xb
 379 02c4 57040000 		.4byte	.LASF32
 380 02c8 06       		.byte	0x6
 381 02c9 6001     		.2byte	0x160
 382 02cb 19010000 		.4byte	0x119
 383 02cf 08       		.byte	0x8
 384 02d0 0A       		.uleb128 0xa
 385 02d1 63747800 		.ascii	"ctx\000"
 386 02d5 06       		.byte	0x6
 387 02d6 6201     		.2byte	0x162
 388 02d8 D3040000 		.4byte	0x4d3
 389 02dc 0C       		.byte	0xc
 390 02dd 0B       		.uleb128 0xb
 391 02de BF030000 		.4byte	.LASF33
 392 02e2 06       		.byte	0x6
 393 02e3 6501     		.2byte	0x165
 394 02e5 44020000 		.4byte	0x244
 395 02e9 10       		.byte	0x10
 396 02ea 0B       		.uleb128 0xb
 397 02eb E7050000 		.4byte	.LASF34
 398 02ef 06       		.byte	0x6
 399 02f0 6601     		.2byte	0x166
ARM GAS  /tmp/cc1b983D.s 			page 8


 400 02f2 44020000 		.4byte	0x244
 401 02f6 14       		.byte	0x14
 402 02f7 0B       		.uleb128 0xb
 403 02f8 65040000 		.4byte	.LASF56
 404 02fc 06       		.byte	0x6
 405 02fd 6901     		.2byte	0x169
 406 02ff 44020000 		.4byte	0x244
 407 0303 18       		.byte	0x18
 408 0304 00       		.byte	0
 409 0305 03       		.uleb128 0x3
 410 0306 1F060000 		.4byte	.LASF57
 411 030a 05       		.byte	0x5
 412 030b 51       		.byte	0x51
 413 030c 10030000 		.4byte	0x310
 414 0310 0C       		.uleb128 0xc
 415 0311 04       		.byte	0x4
 416 0312 16030000 		.4byte	0x316
 417 0316 0E       		.uleb128 0xe
 418 0317 21030000 		.4byte	0x321
 419 031b 0F       		.uleb128 0xf
 420 031c 21030000 		.4byte	0x321
 421 0320 00       		.byte	0
 422 0321 10       		.uleb128 0x10
 423 0322 04       		.byte	0x4
 424 0323 03       		.uleb128 0x3
 425 0324 8F040000 		.4byte	.LASF58
 426 0328 05       		.byte	0x5
 427 0329 56       		.byte	0x56
 428 032a 2E030000 		.4byte	0x32e
 429 032e 0D       		.uleb128 0xd
 430 032f 61050000 		.4byte	.LASF59
 431 0333 14       		.byte	0x14
 432 0334 06       		.byte	0x6
 433 0335 3901     		.2byte	0x139
 434 0337 7D030000 		.4byte	0x37d
 435 033b 0B       		.uleb128 0xb
 436 033c D7000000 		.4byte	.LASF50
 437 0340 06       		.byte	0x6
 438 0341 3A01     		.2byte	0x13a
 439 0343 50070000 		.4byte	0x750
 440 0347 00       		.byte	0
 441 0348 0B       		.uleb128 0xb
 442 0349 34000000 		.4byte	.LASF53
 443 034d 06       		.byte	0x6
 444 034e 3B01     		.2byte	0x13b
 445 0350 50070000 		.4byte	0x750
 446 0354 04       		.byte	0x4
 447 0355 0B       		.uleb128 0xb
 448 0356 14000000 		.4byte	.LASF60
 449 035a 06       		.byte	0x6
 450 035b 3C01     		.2byte	0x13c
 451 035d 54040000 		.4byte	0x454
 452 0361 08       		.byte	0x8
 453 0362 0B       		.uleb128 0xb
 454 0363 4A020000 		.4byte	.LASF61
 455 0367 06       		.byte	0x6
 456 0368 3D01     		.2byte	0x13d
ARM GAS  /tmp/cc1b983D.s 			page 9


 457 036a 05030000 		.4byte	0x305
 458 036e 0C       		.byte	0xc
 459 036f 0A       		.uleb128 0xa
 460 0370 70617200 		.ascii	"par\000"
 461 0374 06       		.byte	0x6
 462 0375 3F01     		.2byte	0x13f
 463 0377 21030000 		.4byte	0x321
 464 037b 10       		.byte	0x10
 465 037c 00       		.byte	0
 466 037d 03       		.uleb128 0x3
 467 037e A6000000 		.4byte	.LASF62
 468 0382 05       		.byte	0x5
 469 0383 5B       		.byte	0x5b
 470 0384 88030000 		.4byte	0x388
 471 0388 0D       		.uleb128 0xd
 472 0389 F2030000 		.4byte	.LASF63
 473 038d 10       		.byte	0x10
 474 038e 06       		.byte	0x6
 475 038f 4901     		.2byte	0x149
 476 0391 CA030000 		.4byte	0x3ca
 477 0395 0B       		.uleb128 0xb
 478 0396 D7000000 		.4byte	.LASF50
 479 039a 06       		.byte	0x6
 480 039b 4A01     		.2byte	0x14a
 481 039d 50070000 		.4byte	0x750
 482 03a1 00       		.byte	0
 483 03a2 0B       		.uleb128 0xb
 484 03a3 34000000 		.4byte	.LASF53
 485 03a7 06       		.byte	0x6
 486 03a8 4C01     		.2byte	0x14c
 487 03aa 50070000 		.4byte	0x750
 488 03ae 04       		.byte	0x4
 489 03af 0B       		.uleb128 0xb
 490 03b0 14000000 		.4byte	.LASF60
 491 03b4 06       		.byte	0x6
 492 03b5 4E01     		.2byte	0x14e
 493 03b7 54040000 		.4byte	0x454
 494 03bb 08       		.byte	0x8
 495 03bc 0B       		.uleb128 0xb
 496 03bd FD040000 		.4byte	.LASF64
 497 03c1 06       		.byte	0x6
 498 03c2 5601     		.2byte	0x156
 499 03c4 49040000 		.4byte	0x449
 500 03c8 0C       		.byte	0xc
 501 03c9 00       		.byte	0
 502 03ca 03       		.uleb128 0x3
 503 03cb 45000000 		.4byte	.LASF65
 504 03cf 05       		.byte	0x5
 505 03d0 60       		.byte	0x60
 506 03d1 D5030000 		.4byte	0x3d5
 507 03d5 0D       		.uleb128 0xd
 508 03d6 82020000 		.4byte	.LASF66
 509 03da 04       		.byte	0x4
 510 03db 06       		.byte	0x6
 511 03dc 7001     		.2byte	0x170
 512 03de F0030000 		.4byte	0x3f0
 513 03e2 0B       		.uleb128 0xb
ARM GAS  /tmp/cc1b983D.s 			page 10


 514 03e3 28060000 		.4byte	.LASF67
 515 03e7 06       		.byte	0x6
 516 03e8 7801     		.2byte	0x178
 517 03ea 39070000 		.4byte	0x739
 518 03ee 00       		.byte	0
 519 03ef 00       		.byte	0
 520 03f0 03       		.uleb128 0x3
 521 03f1 5F030000 		.4byte	.LASF68
 522 03f5 05       		.byte	0x5
 523 03f6 65       		.byte	0x65
 524 03f7 FB030000 		.4byte	0x3fb
 525 03fb 0D       		.uleb128 0xd
 526 03fc 0D050000 		.4byte	.LASF69
 527 0400 78       		.byte	0x78
 528 0401 06       		.byte	0x6
 529 0402 9001     		.2byte	0x190
 530 0404 49040000 		.4byte	0x449
 531 0408 0B       		.uleb128 0xb
 532 0409 9A020000 		.4byte	.LASF70
 533 040d 06       		.byte	0x6
 534 040e 9401     		.2byte	0x194
 535 0410 9E020000 		.4byte	0x29e
 536 0414 00       		.byte	0
 537 0415 0B       		.uleb128 0xb
 538 0416 22020000 		.4byte	.LASF71
 539 041a 06       		.byte	0x6
 540 041b 9801     		.2byte	0x198
 541 041d 7D030000 		.4byte	0x37d
 542 0421 1C       		.byte	0x1c
 543 0422 0A       		.uleb128 0xa
 544 0423 64626700 		.ascii	"dbg\000"
 545 0427 06       		.byte	0x6
 546 0428 9C01     		.2byte	0x19c
 547 042a CA030000 		.4byte	0x3ca
 548 042e 2C       		.byte	0x2c
 549 042f 0B       		.uleb128 0xb
 550 0430 93000000 		.4byte	.LASF72
 551 0434 06       		.byte	0x6
 552 0435 A001     		.2byte	0x1a0
 553 0437 50010000 		.4byte	0x150
 554 043b 30       		.byte	0x30
 555 043c 0A       		.uleb128 0xa
 556 043d 746D00   		.ascii	"tm\000"
 557 0440 06       		.byte	0x6
 558 0441 A501     		.2byte	0x1a5
 559 0443 52060000 		.4byte	0x652
 560 0447 74       		.byte	0x74
 561 0448 00       		.byte	0
 562 0449 03       		.uleb128 0x3
 563 044a 15060000 		.4byte	.LASF73
 564 044e 07       		.byte	0x7
 565 044f 6D       		.byte	0x6d
 566 0450 D7000000 		.4byte	0xd7
 567 0454 03       		.uleb128 0x3
 568 0455 B3020000 		.4byte	.LASF74
 569 0459 07       		.byte	0x7
 570 045a 79       		.byte	0x79
ARM GAS  /tmp/cc1b983D.s 			page 11


 571 045b D7000000 		.4byte	0xd7
 572 045f 04       		.uleb128 0x4
 573 0460 04       		.byte	0x4
 574 0461 07       		.byte	0x7
 575 0462 D6030000 		.4byte	.LASF75
 576 0466 11       		.uleb128 0x11
 577 0467 BC000000 		.4byte	.LASF76
 578 046b 08       		.byte	0x8
 579 046c 0408     		.2byte	0x804
 580 046e D2000000 		.4byte	0xd2
 581 0472 12       		.uleb128 0x12
 582 0473 DD020000 		.4byte	.LASF77
 583 0477 09       		.byte	0x9
 584 0478 4C       		.byte	0x4c
 585 0479 D7000000 		.4byte	0xd7
 586 047d 13       		.uleb128 0x13
 587 047e B7000000 		.4byte	0xb7
 588 0482 8D040000 		.4byte	0x48d
 589 0486 14       		.uleb128 0x14
 590 0487 5F040000 		.4byte	0x45f
 591 048b 0F       		.byte	0xf
 592 048c 00       		.byte	0
 593 048d 05       		.uleb128 0x5
 594 048e 7D040000 		.4byte	0x47d
 595 0492 12       		.uleb128 0x12
 596 0493 95030000 		.4byte	.LASF78
 597 0497 09       		.byte	0x9
 598 0498 4E       		.byte	0x4e
 599 0499 8D040000 		.4byte	0x48d
 600 049d 13       		.uleb128 0x13
 601 049e B7000000 		.4byte	0xb7
 602 04a2 AD040000 		.4byte	0x4ad
 603 04a6 14       		.uleb128 0x14
 604 04a7 5F040000 		.4byte	0x45f
 605 04ab 07       		.byte	0x7
 606 04ac 00       		.byte	0
 607 04ad 05       		.uleb128 0x5
 608 04ae 9D040000 		.4byte	0x49d
 609 04b2 12       		.uleb128 0x12
 610 04b3 2B040000 		.4byte	.LASF79
 611 04b7 09       		.byte	0x9
 612 04b8 4F       		.byte	0x4f
 613 04b9 AD040000 		.4byte	0x4ad
 614 04bd 03       		.uleb128 0x3
 615 04be 70020000 		.4byte	.LASF80
 616 04c2 0A       		.byte	0xa
 617 04c3 65       		.byte	0x65
 618 04c4 21030000 		.4byte	0x321
 619 04c8 03       		.uleb128 0x3
 620 04c9 B4030000 		.4byte	.LASF81
 621 04cd 0A       		.byte	0xa
 622 04ce 6D       		.byte	0x6d
 623 04cf E2000000 		.4byte	0xe2
 624 04d3 07       		.uleb128 0x7
 625 04d4 39040000 		.4byte	.LASF82
 626 04d8 04       		.byte	0x4
 627 04d9 0A       		.byte	0xa
ARM GAS  /tmp/cc1b983D.s 			page 12


 628 04da 89       		.byte	0x89
 629 04db EB040000 		.4byte	0x4eb
 630 04df 09       		.uleb128 0x9
 631 04e0 737000   		.ascii	"sp\000"
 632 04e3 0A       		.byte	0xa
 633 04e4 8A       		.byte	0x8a
 634 04e5 37060000 		.4byte	0x637
 635 04e9 00       		.byte	0
 636 04ea 00       		.byte	0
 637 04eb 0D       		.uleb128 0xd
 638 04ec 39000000 		.4byte	.LASF83
 639 04f0 64       		.byte	0x64
 640 04f1 0B       		.byte	0xb
 641 04f2 5901     		.2byte	0x159
 642 04f4 37060000 		.4byte	0x637
 643 04f8 0A       		.uleb128 0xa
 644 04f9 73313600 		.ascii	"s16\000"
 645 04fd 0B       		.byte	0xb
 646 04fe 5B01     		.2byte	0x15b
 647 0500 BD040000 		.4byte	0x4bd
 648 0504 00       		.byte	0
 649 0505 0A       		.uleb128 0xa
 650 0506 73313700 		.ascii	"s17\000"
 651 050a 0B       		.byte	0xb
 652 050b 5C01     		.2byte	0x15c
 653 050d BD040000 		.4byte	0x4bd
 654 0511 04       		.byte	0x4
 655 0512 0A       		.uleb128 0xa
 656 0513 73313800 		.ascii	"s18\000"
 657 0517 0B       		.byte	0xb
 658 0518 5D01     		.2byte	0x15d
 659 051a BD040000 		.4byte	0x4bd
 660 051e 08       		.byte	0x8
 661 051f 0A       		.uleb128 0xa
 662 0520 73313900 		.ascii	"s19\000"
 663 0524 0B       		.byte	0xb
 664 0525 5E01     		.2byte	0x15e
 665 0527 BD040000 		.4byte	0x4bd
 666 052b 0C       		.byte	0xc
 667 052c 0A       		.uleb128 0xa
 668 052d 73323000 		.ascii	"s20\000"
 669 0531 0B       		.byte	0xb
 670 0532 5F01     		.2byte	0x15f
 671 0534 BD040000 		.4byte	0x4bd
 672 0538 10       		.byte	0x10
 673 0539 0A       		.uleb128 0xa
 674 053a 73323100 		.ascii	"s21\000"
 675 053e 0B       		.byte	0xb
 676 053f 6001     		.2byte	0x160
 677 0541 BD040000 		.4byte	0x4bd
 678 0545 14       		.byte	0x14
 679 0546 0A       		.uleb128 0xa
 680 0547 73323200 		.ascii	"s22\000"
 681 054b 0B       		.byte	0xb
 682 054c 6101     		.2byte	0x161
 683 054e BD040000 		.4byte	0x4bd
 684 0552 18       		.byte	0x18
ARM GAS  /tmp/cc1b983D.s 			page 13


 685 0553 0A       		.uleb128 0xa
 686 0554 73323300 		.ascii	"s23\000"
 687 0558 0B       		.byte	0xb
 688 0559 6201     		.2byte	0x162
 689 055b BD040000 		.4byte	0x4bd
 690 055f 1C       		.byte	0x1c
 691 0560 0A       		.uleb128 0xa
 692 0561 73323400 		.ascii	"s24\000"
 693 0565 0B       		.byte	0xb
 694 0566 6301     		.2byte	0x163
 695 0568 BD040000 		.4byte	0x4bd
 696 056c 20       		.byte	0x20
 697 056d 0A       		.uleb128 0xa
 698 056e 73323500 		.ascii	"s25\000"
 699 0572 0B       		.byte	0xb
 700 0573 6401     		.2byte	0x164
 701 0575 BD040000 		.4byte	0x4bd
 702 0579 24       		.byte	0x24
 703 057a 0A       		.uleb128 0xa
 704 057b 73323600 		.ascii	"s26\000"
 705 057f 0B       		.byte	0xb
 706 0580 6501     		.2byte	0x165
 707 0582 BD040000 		.4byte	0x4bd
 708 0586 28       		.byte	0x28
 709 0587 0A       		.uleb128 0xa
 710 0588 73323700 		.ascii	"s27\000"
 711 058c 0B       		.byte	0xb
 712 058d 6601     		.2byte	0x166
 713 058f BD040000 		.4byte	0x4bd
 714 0593 2C       		.byte	0x2c
 715 0594 0A       		.uleb128 0xa
 716 0595 73323800 		.ascii	"s28\000"
 717 0599 0B       		.byte	0xb
 718 059a 6701     		.2byte	0x167
 719 059c BD040000 		.4byte	0x4bd
 720 05a0 30       		.byte	0x30
 721 05a1 0A       		.uleb128 0xa
 722 05a2 73323900 		.ascii	"s29\000"
 723 05a6 0B       		.byte	0xb
 724 05a7 6801     		.2byte	0x168
 725 05a9 BD040000 		.4byte	0x4bd
 726 05ad 34       		.byte	0x34
 727 05ae 0A       		.uleb128 0xa
 728 05af 73333000 		.ascii	"s30\000"
 729 05b3 0B       		.byte	0xb
 730 05b4 6901     		.2byte	0x169
 731 05b6 BD040000 		.4byte	0x4bd
 732 05ba 38       		.byte	0x38
 733 05bb 0A       		.uleb128 0xa
 734 05bc 73333100 		.ascii	"s31\000"
 735 05c0 0B       		.byte	0xb
 736 05c1 6A01     		.2byte	0x16a
 737 05c3 BD040000 		.4byte	0x4bd
 738 05c7 3C       		.byte	0x3c
 739 05c8 0A       		.uleb128 0xa
 740 05c9 723400   		.ascii	"r4\000"
 741 05cc 0B       		.byte	0xb
ARM GAS  /tmp/cc1b983D.s 			page 14


 742 05cd 6C01     		.2byte	0x16c
 743 05cf BD040000 		.4byte	0x4bd
 744 05d3 40       		.byte	0x40
 745 05d4 0A       		.uleb128 0xa
 746 05d5 723500   		.ascii	"r5\000"
 747 05d8 0B       		.byte	0xb
 748 05d9 6D01     		.2byte	0x16d
 749 05db BD040000 		.4byte	0x4bd
 750 05df 44       		.byte	0x44
 751 05e0 0A       		.uleb128 0xa
 752 05e1 723600   		.ascii	"r6\000"
 753 05e4 0B       		.byte	0xb
 754 05e5 6E01     		.2byte	0x16e
 755 05e7 BD040000 		.4byte	0x4bd
 756 05eb 48       		.byte	0x48
 757 05ec 0A       		.uleb128 0xa
 758 05ed 723700   		.ascii	"r7\000"
 759 05f0 0B       		.byte	0xb
 760 05f1 6F01     		.2byte	0x16f
 761 05f3 BD040000 		.4byte	0x4bd
 762 05f7 4C       		.byte	0x4c
 763 05f8 0A       		.uleb128 0xa
 764 05f9 723800   		.ascii	"r8\000"
 765 05fc 0B       		.byte	0xb
 766 05fd 7001     		.2byte	0x170
 767 05ff BD040000 		.4byte	0x4bd
 768 0603 50       		.byte	0x50
 769 0604 0A       		.uleb128 0xa
 770 0605 723900   		.ascii	"r9\000"
 771 0608 0B       		.byte	0xb
 772 0609 7101     		.2byte	0x171
 773 060b BD040000 		.4byte	0x4bd
 774 060f 54       		.byte	0x54
 775 0610 0A       		.uleb128 0xa
 776 0611 72313000 		.ascii	"r10\000"
 777 0615 0B       		.byte	0xb
 778 0616 7201     		.2byte	0x172
 779 0618 BD040000 		.4byte	0x4bd
 780 061c 58       		.byte	0x58
 781 061d 0A       		.uleb128 0xa
 782 061e 72313100 		.ascii	"r11\000"
 783 0622 0B       		.byte	0xb
 784 0623 7301     		.2byte	0x173
 785 0625 BD040000 		.4byte	0x4bd
 786 0629 5C       		.byte	0x5c
 787 062a 0A       		.uleb128 0xa
 788 062b 6C7200   		.ascii	"lr\000"
 789 062e 0B       		.byte	0xb
 790 062f 7401     		.2byte	0x174
 791 0631 BD040000 		.4byte	0x4bd
 792 0635 60       		.byte	0x60
 793 0636 00       		.byte	0
 794 0637 0C       		.uleb128 0xc
 795 0638 04       		.byte	0x4
 796 0639 EB040000 		.4byte	0x4eb
 797 063d 15       		.uleb128 0x15
 798 063e 04       		.byte	0x4
ARM GAS  /tmp/cc1b983D.s 			page 15


 799 063f 0C       		.byte	0xc
 800 0640 38       		.byte	0x38
 801 0641 52060000 		.4byte	0x652
 802 0645 08       		.uleb128 0x8
 803 0646 32060000 		.4byte	.LASF84
 804 064a 0C       		.byte	0xc
 805 064b 3C       		.byte	0x3c
 806 064c ED000000 		.4byte	0xed
 807 0650 00       		.byte	0
 808 0651 00       		.byte	0
 809 0652 03       		.uleb128 0x3
 810 0653 46040000 		.4byte	.LASF85
 811 0657 0C       		.byte	0xc
 812 0658 3D       		.byte	0x3d
 813 0659 3D060000 		.4byte	0x63d
 814 065d 16       		.uleb128 0x16
 815 065e 04       		.byte	0x4
 816 065f 06       		.byte	0x6
 817 0660 C6       		.byte	0xc6
 818 0661 BF060000 		.4byte	0x6bf
 819 0665 17       		.uleb128 0x17
 820 0666 1A000000 		.4byte	.LASF86
 821 066a 06       		.byte	0x6
 822 066b CD       		.byte	0xcd
 823 066c 24010000 		.4byte	0x124
 824 0670 17       		.uleb128 0x17
 825 0671 8A000000 		.4byte	.LASF87
 826 0675 06       		.byte	0x6
 827 0676 D4       		.byte	0xd4
 828 0677 24010000 		.4byte	0x124
 829 067b 17       		.uleb128 0x17
 830 067c D6060000 		.4byte	.LASF88
 831 0680 06       		.byte	0x6
 832 0681 DB       		.byte	0xdb
 833 0682 21030000 		.4byte	0x321
 834 0686 17       		.uleb128 0x17
 835 0687 F4020000 		.4byte	.LASF89
 836 068b 06       		.byte	0x6
 837 068c E2       		.byte	0xe2
 838 068d BF060000 		.4byte	0x6bf
 839 0691 17       		.uleb128 0x17
 840 0692 9E000000 		.4byte	.LASF90
 841 0696 06       		.byte	0x6
 842 0697 E7       		.byte	0xe7
 843 0698 24010000 		.4byte	0x124
 844 069c 17       		.uleb128 0x17
 845 069d ED020000 		.4byte	.LASF91
 846 06a1 06       		.byte	0x6
 847 06a2 F0       		.byte	0xf0
 848 06a3 EA060000 		.4byte	0x6ea
 849 06a7 17       		.uleb128 0x17
 850 06a8 AC050000 		.4byte	.LASF92
 851 06ac 06       		.byte	0x6
 852 06ad F9       		.byte	0xf9
 853 06ae 2D070000 		.4byte	0x72d
 854 06b2 18       		.uleb128 0x18
 855 06b3 06050000 		.4byte	.LASF93
ARM GAS  /tmp/cc1b983D.s 			page 16


 856 06b7 06       		.byte	0x6
 857 06b8 0101     		.2byte	0x101
 858 06ba 2F010000 		.4byte	0x12f
 859 06be 00       		.byte	0
 860 06bf 0C       		.uleb128 0xc
 861 06c0 04       		.byte	0x4
 862 06c1 39020000 		.4byte	0x239
 863 06c5 07       		.uleb128 0x7
 864 06c6 72050000 		.4byte	.LASF94
 865 06ca 0C       		.byte	0xc
 866 06cb 0D       		.byte	0xd
 867 06cc 34       		.byte	0x34
 868 06cd EA060000 		.4byte	0x6ea
 869 06d1 08       		.uleb128 0x8
 870 06d2 16030000 		.4byte	.LASF31
 871 06d6 0D       		.byte	0xd
 872 06d7 35       		.byte	0x35
 873 06d8 6E020000 		.4byte	0x26e
 874 06dc 00       		.byte	0
 875 06dd 09       		.uleb128 0x9
 876 06de 636E7400 		.ascii	"cnt\000"
 877 06e2 0D       		.byte	0xd
 878 06e3 37       		.byte	0x37
 879 06e4 3A010000 		.4byte	0x13a
 880 06e8 08       		.byte	0x8
 881 06e9 00       		.byte	0
 882 06ea 0C       		.uleb128 0xc
 883 06eb 04       		.byte	0x4
 884 06ec C5060000 		.4byte	0x6c5
 885 06f0 07       		.uleb128 0x7
 886 06f1 39060000 		.4byte	.LASF95
 887 06f5 14       		.byte	0x14
 888 06f6 0E       		.byte	0xe
 889 06f7 39       		.byte	0x39
 890 06f8 2D070000 		.4byte	0x72d
 891 06fc 08       		.uleb128 0x8
 892 06fd 16030000 		.4byte	.LASF31
 893 0701 0E       		.byte	0xe
 894 0702 3A       		.byte	0x3a
 895 0703 6E020000 		.4byte	0x26e
 896 0707 00       		.byte	0
 897 0708 08       		.uleb128 0x8
 898 0709 C3050000 		.4byte	.LASF96
 899 070d 0E       		.byte	0xe
 900 070e 3C       		.byte	0x3c
 901 070f 44020000 		.4byte	0x244
 902 0713 08       		.byte	0x8
 903 0714 08       		.uleb128 0x8
 904 0715 D7000000 		.4byte	.LASF50
 905 0719 0E       		.byte	0xe
 906 071a 3E       		.byte	0x3e
 907 071b 8F080000 		.4byte	0x88f
 908 071f 0C       		.byte	0xc
 909 0720 09       		.uleb128 0x9
 910 0721 636E7400 		.ascii	"cnt\000"
 911 0725 0E       		.byte	0xe
 912 0726 41       		.byte	0x41
ARM GAS  /tmp/cc1b983D.s 			page 17


 913 0727 3A010000 		.4byte	0x13a
 914 072b 10       		.byte	0x10
 915 072c 00       		.byte	0
 916 072d 0C       		.uleb128 0xc
 917 072e 04       		.byte	0x4
 918 072f F0060000 		.4byte	0x6f0
 919 0733 0C       		.uleb128 0xc
 920 0734 04       		.byte	0x4
 921 0735 45070000 		.4byte	0x745
 922 0739 06       		.uleb128 0x6
 923 073a 33070000 		.4byte	0x733
 924 073e 04       		.uleb128 0x4
 925 073f 01       		.byte	0x1
 926 0740 08       		.byte	0x8
 927 0741 E2050000 		.4byte	.LASF97
 928 0745 05       		.uleb128 0x5
 929 0746 3E070000 		.4byte	0x73e
 930 074a 0C       		.uleb128 0xc
 931 074b 04       		.byte	0x4
 932 074c C8040000 		.4byte	0x4c8
 933 0750 0C       		.uleb128 0xc
 934 0751 04       		.byte	0x4
 935 0752 23030000 		.4byte	0x323
 936 0756 19       		.uleb128 0x19
 937 0757 636800   		.ascii	"ch\000"
 938 075a 06       		.byte	0x6
 939 075b C701     		.2byte	0x1c7
 940 075d F0030000 		.4byte	0x3f0
 941 0761 13       		.uleb128 0x13
 942 0762 C8040000 		.4byte	0x4c8
 943 0766 6C070000 		.4byte	0x76c
 944 076a 1A       		.uleb128 0x1a
 945 076b 00       		.byte	0
 946 076c 11       		.uleb128 0x11
 947 076d 88050000 		.4byte	.LASF98
 948 0771 0F       		.byte	0xf
 949 0772 1701     		.2byte	0x117
 950 0774 61070000 		.4byte	0x761
 951 0778 15       		.uleb128 0x15
 952 0779 16       		.byte	0x16
 953 077a 10       		.byte	0x10
 954 077b 34       		.byte	0x34
 955 077c 59080000 		.4byte	0x859
 956 0780 08       		.uleb128 0x8
 957 0781 5F060000 		.4byte	.LASF99
 958 0785 10       		.byte	0x10
 959 0786 35       		.byte	0x35
 960 0787 59080000 		.4byte	0x859
 961 078b 00       		.byte	0
 962 078c 08       		.uleb128 0x8
 963 078d A0020000 		.4byte	.LASF100
 964 0791 10       		.byte	0x10
 965 0792 36       		.byte	0x36
 966 0793 AC000000 		.4byte	0xac
 967 0797 04       		.byte	0x4
 968 0798 08       		.uleb128 0x8
 969 0799 07010000 		.4byte	.LASF101
ARM GAS  /tmp/cc1b983D.s 			page 18


 970 079d 10       		.byte	0x10
 971 079e 37       		.byte	0x37
 972 079f AC000000 		.4byte	0xac
 973 07a3 05       		.byte	0x5
 974 07a4 08       		.uleb128 0x8
 975 07a5 CE030000 		.4byte	.LASF102
 976 07a9 10       		.byte	0x10
 977 07aa 38       		.byte	0x38
 978 07ab BC000000 		.4byte	0xbc
 979 07af 06       		.byte	0x6
 980 07b0 08       		.uleb128 0x8
 981 07b1 7E060000 		.4byte	.LASF103
 982 07b5 10       		.byte	0x10
 983 07b6 39       		.byte	0x39
 984 07b7 AC000000 		.4byte	0xac
 985 07bb 08       		.byte	0x8
 986 07bc 08       		.uleb128 0x8
 987 07bd 9A050000 		.4byte	.LASF104
 988 07c1 10       		.byte	0x10
 989 07c2 3A       		.byte	0x3a
 990 07c3 AC000000 		.4byte	0xac
 991 07c7 09       		.byte	0x9
 992 07c8 08       		.uleb128 0x8
 993 07c9 B6040000 		.4byte	.LASF105
 994 07cd 10       		.byte	0x10
 995 07ce 3B       		.byte	0x3b
 996 07cf AC000000 		.4byte	0xac
 997 07d3 0A       		.byte	0xa
 998 07d4 08       		.uleb128 0x8
 999 07d5 DD040000 		.4byte	.LASF106
 1000 07d9 10       		.byte	0x10
 1001 07da 3C       		.byte	0x3c
 1002 07db AC000000 		.4byte	0xac
 1003 07df 0B       		.byte	0xb
 1004 07e0 08       		.uleb128 0x8
 1005 07e1 6B030000 		.4byte	.LASF107
 1006 07e5 10       		.byte	0x10
 1007 07e6 3D       		.byte	0x3d
 1008 07e7 AC000000 		.4byte	0xac
 1009 07eb 0C       		.byte	0xc
 1010 07ec 08       		.uleb128 0x8
 1011 07ed 21040000 		.4byte	.LASF108
 1012 07f1 10       		.byte	0x10
 1013 07f2 3E       		.byte	0x3e
 1014 07f3 AC000000 		.4byte	0xac
 1015 07f7 0D       		.byte	0xd
 1016 07f8 08       		.uleb128 0x8
 1017 07f9 42060000 		.4byte	.LASF109
 1018 07fd 10       		.byte	0x10
 1019 07fe 3F       		.byte	0x3f
 1020 07ff AC000000 		.4byte	0xac
 1021 0803 0E       		.byte	0xe
 1022 0804 08       		.uleb128 0x8
 1023 0805 B5060000 		.4byte	.LASF110
 1024 0809 10       		.byte	0x10
 1025 080a 40       		.byte	0x40
 1026 080b AC000000 		.4byte	0xac
ARM GAS  /tmp/cc1b983D.s 			page 19


 1027 080f 0F       		.byte	0xf
 1028 0810 08       		.uleb128 0x8
 1029 0811 E6040000 		.4byte	.LASF111
 1030 0815 10       		.byte	0x10
 1031 0816 41       		.byte	0x41
 1032 0817 AC000000 		.4byte	0xac
 1033 081b 10       		.byte	0x10
 1034 081c 08       		.uleb128 0x8
 1035 081d EC060000 		.4byte	.LASF112
 1036 0821 10       		.byte	0x10
 1037 0822 42       		.byte	0x42
 1038 0823 AC000000 		.4byte	0xac
 1039 0827 11       		.byte	0x11
 1040 0828 08       		.uleb128 0x8
 1041 0829 08070000 		.4byte	.LASF113
 1042 082d 10       		.byte	0x10
 1043 082e 43       		.byte	0x43
 1044 082f AC000000 		.4byte	0xac
 1045 0833 12       		.byte	0x12
 1046 0834 08       		.uleb128 0x8
 1047 0835 22030000 		.4byte	.LASF114
 1048 0839 10       		.byte	0x10
 1049 083a 44       		.byte	0x44
 1050 083b AC000000 		.4byte	0xac
 1051 083f 13       		.byte	0x13
 1052 0840 08       		.uleb128 0x8
 1053 0841 59020000 		.4byte	.LASF115
 1054 0845 10       		.byte	0x10
 1055 0846 45       		.byte	0x45
 1056 0847 AC000000 		.4byte	0xac
 1057 084b 14       		.byte	0x14
 1058 084c 08       		.uleb128 0x8
 1059 084d 7F050000 		.4byte	.LASF116
 1060 0851 10       		.byte	0x10
 1061 0852 46       		.byte	0x46
 1062 0853 AC000000 		.4byte	0xac
 1063 0857 15       		.byte	0x15
 1064 0858 00       		.byte	0
 1065 0859 13       		.uleb128 0x13
 1066 085a 3E070000 		.4byte	0x73e
 1067 085e 69080000 		.4byte	0x869
 1068 0862 14       		.uleb128 0x14
 1069 0863 5F040000 		.4byte	0x45f
 1070 0867 03       		.byte	0x3
 1071 0868 00       		.byte	0
 1072 0869 03       		.uleb128 0x3
 1073 086a 4F020000 		.4byte	.LASF117
 1074 086e 10       		.byte	0x10
 1075 086f 47       		.byte	0x47
 1076 0870 78070000 		.4byte	0x778
 1077 0874 05       		.uleb128 0x5
 1078 0875 69080000 		.4byte	0x869
 1079 0879 12       		.uleb128 0x12
 1080 087a FA020000 		.4byte	.LASF118
 1081 087e 10       		.byte	0x10
 1082 087f 6C       		.byte	0x6c
 1083 0880 74080000 		.4byte	0x874
ARM GAS  /tmp/cc1b983D.s 			page 20


 1084 0884 03       		.uleb128 0x3
 1085 0885 A5020000 		.4byte	.LASF119
 1086 0889 0E       		.byte	0xe
 1087 088a 34       		.byte	0x34
 1088 088b F0060000 		.4byte	0x6f0
 1089 088f 0C       		.uleb128 0xc
 1090 0890 04       		.byte	0x4
 1091 0891 84080000 		.4byte	0x884
 1092 0895 04       		.uleb128 0x4
 1093 0896 01       		.byte	0x1
 1094 0897 02       		.byte	0x2
 1095 0898 C1040000 		.4byte	.LASF120
 1096 089c 03       		.uleb128 0x3
 1097 089d 66000000 		.4byte	.LASF121
 1098 08a1 11       		.byte	0x11
 1099 08a2 47       		.byte	0x47
 1100 08a3 A7080000 		.4byte	0x8a7
 1101 08a7 0C       		.uleb128 0xc
 1102 08a8 04       		.byte	0x4
 1103 08a9 AD080000 		.4byte	0x8ad
 1104 08ad 1B       		.uleb128 0x1b
 1105 08ae 21030000 		.4byte	0x321
 1106 08b2 C1080000 		.4byte	0x8c1
 1107 08b6 0F       		.uleb128 0xf
 1108 08b7 24000000 		.4byte	0x24
 1109 08bb 0F       		.uleb128 0xf
 1110 08bc 2F000000 		.4byte	0x2f
 1111 08c0 00       		.byte	0
 1112 08c1 15       		.uleb128 0x15
 1113 08c2 08       		.byte	0x8
 1114 08c3 11       		.byte	0x11
 1115 08c4 51       		.byte	0x51
 1116 08c5 E2080000 		.4byte	0x8e2
 1117 08c9 08       		.uleb128 0x8
 1118 08ca 46070000 		.4byte	.LASF122
 1119 08ce 11       		.byte	0x11
 1120 08cf 55       		.byte	0x55
 1121 08d0 E2080000 		.4byte	0x8e2
 1122 08d4 00       		.byte	0
 1123 08d5 08       		.uleb128 0x8
 1124 08d6 A3030000 		.4byte	.LASF123
 1125 08da 11       		.byte	0x11
 1126 08db 59       		.byte	0x59
 1127 08dc E2080000 		.4byte	0x8e2
 1128 08e0 04       		.byte	0x4
 1129 08e1 00       		.byte	0
 1130 08e2 0C       		.uleb128 0xc
 1131 08e3 04       		.byte	0x4
 1132 08e4 AC000000 		.4byte	0xac
 1133 08e8 03       		.uleb128 0x3
 1134 08e9 78040000 		.4byte	.LASF124
 1135 08ed 11       		.byte	0x11
 1136 08ee 5A       		.byte	0x5a
 1137 08ef C1080000 		.4byte	0x8c1
 1138 08f3 12       		.uleb128 0x12
 1139 08f4 0A060000 		.4byte	.LASF125
 1140 08f8 11       		.byte	0x11
ARM GAS  /tmp/cc1b983D.s 			page 21


 1141 08f9 65       		.byte	0x65
 1142 08fa E8080000 		.4byte	0x8e8
 1143 08fe 07       		.uleb128 0x7
 1144 08ff A9060000 		.4byte	.LASF126
 1145 0903 04       		.byte	0x4
 1146 0904 12       		.byte	0x12
 1147 0905 38       		.byte	0x38
 1148 0906 17090000 		.4byte	0x917
 1149 090a 08       		.uleb128 0x8
 1150 090b D7000000 		.4byte	.LASF50
 1151 090f 12       		.byte	0x12
 1152 0910 39       		.byte	0x39
 1153 0911 17090000 		.4byte	0x917
 1154 0915 00       		.byte	0
 1155 0916 00       		.byte	0
 1156 0917 0C       		.uleb128 0xc
 1157 0918 04       		.byte	0x4
 1158 0919 FE080000 		.4byte	0x8fe
 1159 091d 15       		.uleb128 0x15
 1160 091e 10       		.byte	0x10
 1161 091f 12       		.byte	0x12
 1162 0920 40       		.byte	0x40
 1163 0921 56090000 		.4byte	0x956
 1164 0925 08       		.uleb128 0x8
 1165 0926 D7000000 		.4byte	.LASF50
 1166 092a 12       		.byte	0x12
 1167 092b 41       		.byte	0x41
 1168 092c 17090000 		.4byte	0x917
 1169 0930 00       		.byte	0
 1170 0931 08       		.uleb128 0x8
 1171 0932 72060000 		.4byte	.LASF127
 1172 0936 12       		.byte	0x12
 1173 0937 42       		.byte	0x42
 1174 0938 24000000 		.4byte	0x24
 1175 093c 04       		.byte	0x4
 1176 093d 08       		.uleb128 0x8
 1177 093e AD020000 		.4byte	.LASF128
 1178 0942 12       		.byte	0x12
 1179 0943 44       		.byte	0x44
 1180 0944 2F000000 		.4byte	0x2f
 1181 0948 08       		.byte	0x8
 1182 0949 08       		.uleb128 0x8
 1183 094a 54000000 		.4byte	.LASF129
 1184 094e 12       		.byte	0x12
 1185 094f 45       		.byte	0x45
 1186 0950 9C080000 		.4byte	0x89c
 1187 0954 0C       		.byte	0xc
 1188 0955 00       		.byte	0
 1189 0956 03       		.uleb128 0x3
 1190 0957 03030000 		.4byte	.LASF130
 1191 095b 12       		.byte	0x12
 1192 095c 47       		.byte	0x47
 1193 095d 1D090000 		.4byte	0x91d
 1194 0961 07       		.uleb128 0x7
 1195 0962 9F040000 		.4byte	.LASF131
 1196 0966 10       		.byte	0x10
 1197 0967 13       		.byte	0x13
ARM GAS  /tmp/cc1b983D.s 			page 22


 1198 0968 A9       		.byte	0xa9
 1199 0969 92090000 		.4byte	0x992
 1200 096d 08       		.uleb128 0x8
 1201 096e D7000000 		.4byte	.LASF50
 1202 0972 13       		.byte	0x13
 1203 0973 AD       		.byte	0xad
 1204 0974 92090000 		.4byte	0x992
 1205 0978 00       		.byte	0
 1206 0979 08       		.uleb128 0x8
 1207 097a 8A040000 		.4byte	.LASF39
 1208 097e 13       		.byte	0x13
 1209 097f B1       		.byte	0xb1
 1210 0980 45010000 		.4byte	0x145
 1211 0984 04       		.byte	0x4
 1212 0985 08       		.uleb128 0x8
 1213 0986 11030000 		.4byte	.LASF35
 1214 098a 13       		.byte	0x13
 1215 098b B3       		.byte	0xb3
 1216 098c 98090000 		.4byte	0x998
 1217 0990 08       		.byte	0x8
 1218 0991 00       		.byte	0
 1219 0992 0C       		.uleb128 0xc
 1220 0993 04       		.byte	0x4
 1221 0994 61090000 		.4byte	0x961
 1222 0998 13       		.uleb128 0x13
 1223 0999 3E070000 		.4byte	0x73e
 1224 099d A8090000 		.4byte	0x9a8
 1225 09a1 14       		.uleb128 0x14
 1226 09a2 5F040000 		.4byte	0x45f
 1227 09a6 07       		.byte	0x7
 1228 09a7 00       		.byte	0
 1229 09a8 03       		.uleb128 0x3
 1230 09a9 C9000000 		.4byte	.LASF132
 1231 09ad 13       		.byte	0x13
 1232 09ae B7       		.byte	0xb7
 1233 09af 61090000 		.4byte	0x961
 1234 09b3 07       		.uleb128 0x7
 1235 09b4 15040000 		.4byte	.LASF133
 1236 09b8 04       		.byte	0x4
 1237 09b9 13       		.byte	0x13
 1238 09ba BC       		.byte	0xbc
 1239 09bb CC090000 		.4byte	0x9cc
 1240 09bf 08       		.uleb128 0x8
 1241 09c0 D7000000 		.4byte	.LASF50
 1242 09c4 13       		.byte	0x13
 1243 09c5 BD       		.byte	0xbd
 1244 09c6 CC090000 		.4byte	0x9cc
 1245 09ca 00       		.byte	0
 1246 09cb 00       		.byte	0
 1247 09cc 0C       		.uleb128 0xc
 1248 09cd 04       		.byte	0x4
 1249 09ce A8090000 		.4byte	0x9a8
 1250 09d2 03       		.uleb128 0x3
 1251 09d3 54030000 		.4byte	.LASF134
 1252 09d7 13       		.byte	0x13
 1253 09d8 BE       		.byte	0xbe
 1254 09d9 B3090000 		.4byte	0x9b3
ARM GAS  /tmp/cc1b983D.s 			page 23


 1255 09dd 0D       		.uleb128 0xd
 1256 09de 86060000 		.4byte	.LASF135
 1257 09e2 48       		.byte	0x48
 1258 09e3 13       		.byte	0x13
 1259 09e4 3E01     		.2byte	0x13e
 1260 09e6 530A0000 		.4byte	0xa53
 1261 09ea 0A       		.uleb128 0xa
 1262 09eb 6D747800 		.ascii	"mtx\000"
 1263 09ef 13       		.byte	0x13
 1264 09f0 4301     		.2byte	0x143
 1265 09f2 84080000 		.4byte	0x884
 1266 09f6 00       		.byte	0
 1267 09f7 0B       		.uleb128 0xb
 1268 09f8 ED050000 		.4byte	.LASF136
 1269 09fc 13       		.byte	0x13
 1270 09fd 4A01     		.2byte	0x14a
 1271 09ff D2090000 		.4byte	0x9d2
 1272 0a03 14       		.byte	0x14
 1273 0a04 0B       		.uleb128 0xb
 1274 0a05 58050000 		.4byte	.LASF137
 1275 0a09 13       		.byte	0x13
 1276 0a0a 4E01     		.2byte	0x14e
 1277 0a0c 56090000 		.4byte	0x956
 1278 0a10 18       		.byte	0x18
 1279 0a11 0B       		.uleb128 0xb
 1280 0a12 2B030000 		.4byte	.LASF138
 1281 0a16 13       		.byte	0x13
 1282 0a17 5301     		.2byte	0x153
 1283 0a19 D2090000 		.4byte	0x9d2
 1284 0a1d 28       		.byte	0x28
 1285 0a1e 0B       		.uleb128 0xb
 1286 0a1f 5D000000 		.4byte	.LASF139
 1287 0a23 13       		.byte	0x13
 1288 0a24 5901     		.2byte	0x159
 1289 0a26 D2090000 		.4byte	0x9d2
 1290 0a2a 2C       		.byte	0x2c
 1291 0a2b 0B       		.uleb128 0xb
 1292 0a2c 5C040000 		.4byte	.LASF140
 1293 0a30 13       		.byte	0x13
 1294 0a31 5D01     		.2byte	0x15d
 1295 0a33 56090000 		.4byte	0x956
 1296 0a37 30       		.byte	0x30
 1297 0a38 0B       		.uleb128 0xb
 1298 0a39 79020000 		.4byte	.LASF141
 1299 0a3d 13       		.byte	0x13
 1300 0a3e 6301     		.2byte	0x163
 1301 0a40 D2090000 		.4byte	0x9d2
 1302 0a44 40       		.byte	0x40
 1303 0a45 0B       		.uleb128 0xb
 1304 0a46 CC060000 		.4byte	.LASF142
 1305 0a4a 13       		.byte	0x13
 1306 0a4b 6901     		.2byte	0x169
 1307 0a4d D2090000 		.4byte	0x9d2
 1308 0a51 44       		.byte	0x44
 1309 0a52 00       		.byte	0
 1310 0a53 1C       		.uleb128 0x1c
 1311 0a54 F6060000 		.4byte	.LASF143
ARM GAS  /tmp/cc1b983D.s 			page 24


 1312 0a58 13       		.byte	0x13
 1313 0a59 7101     		.2byte	0x171
 1314 0a5b DD090000 		.4byte	0x9dd
 1315 0a5f 11       		.uleb128 0x11
 1316 0a60 17050000 		.4byte	.LASF144
 1317 0a64 13       		.byte	0x13
 1318 0a65 7C01     		.2byte	0x17c
 1319 0a67 530A0000 		.4byte	0xa53
 1320 0a6b 00       		.byte	0
 1321              		.section	.debug_abbrev,"",%progbits
 1322              	.Ldebug_abbrev0:
 1323 0000 01       		.uleb128 0x1
 1324 0001 11       		.uleb128 0x11
 1325 0002 01       		.byte	0x1
 1326 0003 25       		.uleb128 0x25
 1327 0004 0E       		.uleb128 0xe
 1328 0005 13       		.uleb128 0x13
 1329 0006 0B       		.uleb128 0xb
 1330 0007 03       		.uleb128 0x3
 1331 0008 0E       		.uleb128 0xe
 1332 0009 1B       		.uleb128 0x1b
 1333 000a 0E       		.uleb128 0xe
 1334 000b 10       		.uleb128 0x10
 1335 000c 17       		.uleb128 0x17
 1336 000d 00       		.byte	0
 1337 000e 00       		.byte	0
 1338 000f 02       		.uleb128 0x2
 1339 0010 24       		.uleb128 0x24
 1340 0011 00       		.byte	0
 1341 0012 0B       		.uleb128 0xb
 1342 0013 0B       		.uleb128 0xb
 1343 0014 3E       		.uleb128 0x3e
 1344 0015 0B       		.uleb128 0xb
 1345 0016 03       		.uleb128 0x3
 1346 0017 08       		.uleb128 0x8
 1347 0018 00       		.byte	0
 1348 0019 00       		.byte	0
 1349 001a 03       		.uleb128 0x3
 1350 001b 16       		.uleb128 0x16
 1351 001c 00       		.byte	0
 1352 001d 03       		.uleb128 0x3
 1353 001e 0E       		.uleb128 0xe
 1354 001f 3A       		.uleb128 0x3a
 1355 0020 0B       		.uleb128 0xb
 1356 0021 3B       		.uleb128 0x3b
 1357 0022 0B       		.uleb128 0xb
 1358 0023 49       		.uleb128 0x49
 1359 0024 13       		.uleb128 0x13
 1360 0025 00       		.byte	0
 1361 0026 00       		.byte	0
 1362 0027 04       		.uleb128 0x4
 1363 0028 24       		.uleb128 0x24
 1364 0029 00       		.byte	0
 1365 002a 0B       		.uleb128 0xb
 1366 002b 0B       		.uleb128 0xb
 1367 002c 3E       		.uleb128 0x3e
 1368 002d 0B       		.uleb128 0xb
ARM GAS  /tmp/cc1b983D.s 			page 25


 1369 002e 03       		.uleb128 0x3
 1370 002f 0E       		.uleb128 0xe
 1371 0030 00       		.byte	0
 1372 0031 00       		.byte	0
 1373 0032 05       		.uleb128 0x5
 1374 0033 26       		.uleb128 0x26
 1375 0034 00       		.byte	0
 1376 0035 49       		.uleb128 0x49
 1377 0036 13       		.uleb128 0x13
 1378 0037 00       		.byte	0
 1379 0038 00       		.byte	0
 1380 0039 06       		.uleb128 0x6
 1381 003a 35       		.uleb128 0x35
 1382 003b 00       		.byte	0
 1383 003c 49       		.uleb128 0x49
 1384 003d 13       		.uleb128 0x13
 1385 003e 00       		.byte	0
 1386 003f 00       		.byte	0
 1387 0040 07       		.uleb128 0x7
 1388 0041 13       		.uleb128 0x13
 1389 0042 01       		.byte	0x1
 1390 0043 03       		.uleb128 0x3
 1391 0044 0E       		.uleb128 0xe
 1392 0045 0B       		.uleb128 0xb
 1393 0046 0B       		.uleb128 0xb
 1394 0047 3A       		.uleb128 0x3a
 1395 0048 0B       		.uleb128 0xb
 1396 0049 3B       		.uleb128 0x3b
 1397 004a 0B       		.uleb128 0xb
 1398 004b 01       		.uleb128 0x1
 1399 004c 13       		.uleb128 0x13
 1400 004d 00       		.byte	0
 1401 004e 00       		.byte	0
 1402 004f 08       		.uleb128 0x8
 1403 0050 0D       		.uleb128 0xd
 1404 0051 00       		.byte	0
 1405 0052 03       		.uleb128 0x3
 1406 0053 0E       		.uleb128 0xe
 1407 0054 3A       		.uleb128 0x3a
 1408 0055 0B       		.uleb128 0xb
 1409 0056 3B       		.uleb128 0x3b
 1410 0057 0B       		.uleb128 0xb
 1411 0058 49       		.uleb128 0x49
 1412 0059 13       		.uleb128 0x13
 1413 005a 38       		.uleb128 0x38
 1414 005b 0B       		.uleb128 0xb
 1415 005c 00       		.byte	0
 1416 005d 00       		.byte	0
 1417 005e 09       		.uleb128 0x9
 1418 005f 0D       		.uleb128 0xd
 1419 0060 00       		.byte	0
 1420 0061 03       		.uleb128 0x3
 1421 0062 08       		.uleb128 0x8
 1422 0063 3A       		.uleb128 0x3a
 1423 0064 0B       		.uleb128 0xb
 1424 0065 3B       		.uleb128 0x3b
 1425 0066 0B       		.uleb128 0xb
ARM GAS  /tmp/cc1b983D.s 			page 26


 1426 0067 49       		.uleb128 0x49
 1427 0068 13       		.uleb128 0x13
 1428 0069 38       		.uleb128 0x38
 1429 006a 0B       		.uleb128 0xb
 1430 006b 00       		.byte	0
 1431 006c 00       		.byte	0
 1432 006d 0A       		.uleb128 0xa
 1433 006e 0D       		.uleb128 0xd
 1434 006f 00       		.byte	0
 1435 0070 03       		.uleb128 0x3
 1436 0071 08       		.uleb128 0x8
 1437 0072 3A       		.uleb128 0x3a
 1438 0073 0B       		.uleb128 0xb
 1439 0074 3B       		.uleb128 0x3b
 1440 0075 05       		.uleb128 0x5
 1441 0076 49       		.uleb128 0x49
 1442 0077 13       		.uleb128 0x13
 1443 0078 38       		.uleb128 0x38
 1444 0079 0B       		.uleb128 0xb
 1445 007a 00       		.byte	0
 1446 007b 00       		.byte	0
 1447 007c 0B       		.uleb128 0xb
 1448 007d 0D       		.uleb128 0xd
 1449 007e 00       		.byte	0
 1450 007f 03       		.uleb128 0x3
 1451 0080 0E       		.uleb128 0xe
 1452 0081 3A       		.uleb128 0x3a
 1453 0082 0B       		.uleb128 0xb
 1454 0083 3B       		.uleb128 0x3b
 1455 0084 05       		.uleb128 0x5
 1456 0085 49       		.uleb128 0x49
 1457 0086 13       		.uleb128 0x13
 1458 0087 38       		.uleb128 0x38
 1459 0088 0B       		.uleb128 0xb
 1460 0089 00       		.byte	0
 1461 008a 00       		.byte	0
 1462 008b 0C       		.uleb128 0xc
 1463 008c 0F       		.uleb128 0xf
 1464 008d 00       		.byte	0
 1465 008e 0B       		.uleb128 0xb
 1466 008f 0B       		.uleb128 0xb
 1467 0090 49       		.uleb128 0x49
 1468 0091 13       		.uleb128 0x13
 1469 0092 00       		.byte	0
 1470 0093 00       		.byte	0
 1471 0094 0D       		.uleb128 0xd
 1472 0095 13       		.uleb128 0x13
 1473 0096 01       		.byte	0x1
 1474 0097 03       		.uleb128 0x3
 1475 0098 0E       		.uleb128 0xe
 1476 0099 0B       		.uleb128 0xb
 1477 009a 0B       		.uleb128 0xb
 1478 009b 3A       		.uleb128 0x3a
 1479 009c 0B       		.uleb128 0xb
 1480 009d 3B       		.uleb128 0x3b
 1481 009e 05       		.uleb128 0x5
 1482 009f 01       		.uleb128 0x1
ARM GAS  /tmp/cc1b983D.s 			page 27


 1483 00a0 13       		.uleb128 0x13
 1484 00a1 00       		.byte	0
 1485 00a2 00       		.byte	0
 1486 00a3 0E       		.uleb128 0xe
 1487 00a4 15       		.uleb128 0x15
 1488 00a5 01       		.byte	0x1
 1489 00a6 27       		.uleb128 0x27
 1490 00a7 19       		.uleb128 0x19
 1491 00a8 01       		.uleb128 0x1
 1492 00a9 13       		.uleb128 0x13
 1493 00aa 00       		.byte	0
 1494 00ab 00       		.byte	0
 1495 00ac 0F       		.uleb128 0xf
 1496 00ad 05       		.uleb128 0x5
 1497 00ae 00       		.byte	0
 1498 00af 49       		.uleb128 0x49
 1499 00b0 13       		.uleb128 0x13
 1500 00b1 00       		.byte	0
 1501 00b2 00       		.byte	0
 1502 00b3 10       		.uleb128 0x10
 1503 00b4 0F       		.uleb128 0xf
 1504 00b5 00       		.byte	0
 1505 00b6 0B       		.uleb128 0xb
 1506 00b7 0B       		.uleb128 0xb
 1507 00b8 00       		.byte	0
 1508 00b9 00       		.byte	0
 1509 00ba 11       		.uleb128 0x11
 1510 00bb 34       		.uleb128 0x34
 1511 00bc 00       		.byte	0
 1512 00bd 03       		.uleb128 0x3
 1513 00be 0E       		.uleb128 0xe
 1514 00bf 3A       		.uleb128 0x3a
 1515 00c0 0B       		.uleb128 0xb
 1516 00c1 3B       		.uleb128 0x3b
 1517 00c2 05       		.uleb128 0x5
 1518 00c3 49       		.uleb128 0x49
 1519 00c4 13       		.uleb128 0x13
 1520 00c5 3F       		.uleb128 0x3f
 1521 00c6 19       		.uleb128 0x19
 1522 00c7 3C       		.uleb128 0x3c
 1523 00c8 19       		.uleb128 0x19
 1524 00c9 00       		.byte	0
 1525 00ca 00       		.byte	0
 1526 00cb 12       		.uleb128 0x12
 1527 00cc 34       		.uleb128 0x34
 1528 00cd 00       		.byte	0
 1529 00ce 03       		.uleb128 0x3
 1530 00cf 0E       		.uleb128 0xe
 1531 00d0 3A       		.uleb128 0x3a
 1532 00d1 0B       		.uleb128 0xb
 1533 00d2 3B       		.uleb128 0x3b
 1534 00d3 0B       		.uleb128 0xb
 1535 00d4 49       		.uleb128 0x49
 1536 00d5 13       		.uleb128 0x13
 1537 00d6 3F       		.uleb128 0x3f
 1538 00d7 19       		.uleb128 0x19
 1539 00d8 3C       		.uleb128 0x3c
ARM GAS  /tmp/cc1b983D.s 			page 28


 1540 00d9 19       		.uleb128 0x19
 1541 00da 00       		.byte	0
 1542 00db 00       		.byte	0
 1543 00dc 13       		.uleb128 0x13
 1544 00dd 01       		.uleb128 0x1
 1545 00de 01       		.byte	0x1
 1546 00df 49       		.uleb128 0x49
 1547 00e0 13       		.uleb128 0x13
 1548 00e1 01       		.uleb128 0x1
 1549 00e2 13       		.uleb128 0x13
 1550 00e3 00       		.byte	0
 1551 00e4 00       		.byte	0
 1552 00e5 14       		.uleb128 0x14
 1553 00e6 21       		.uleb128 0x21
 1554 00e7 00       		.byte	0
 1555 00e8 49       		.uleb128 0x49
 1556 00e9 13       		.uleb128 0x13
 1557 00ea 2F       		.uleb128 0x2f
 1558 00eb 0B       		.uleb128 0xb
 1559 00ec 00       		.byte	0
 1560 00ed 00       		.byte	0
 1561 00ee 15       		.uleb128 0x15
 1562 00ef 13       		.uleb128 0x13
 1563 00f0 01       		.byte	0x1
 1564 00f1 0B       		.uleb128 0xb
 1565 00f2 0B       		.uleb128 0xb
 1566 00f3 3A       		.uleb128 0x3a
 1567 00f4 0B       		.uleb128 0xb
 1568 00f5 3B       		.uleb128 0x3b
 1569 00f6 0B       		.uleb128 0xb
 1570 00f7 01       		.uleb128 0x1
 1571 00f8 13       		.uleb128 0x13
 1572 00f9 00       		.byte	0
 1573 00fa 00       		.byte	0
 1574 00fb 16       		.uleb128 0x16
 1575 00fc 17       		.uleb128 0x17
 1576 00fd 01       		.byte	0x1
 1577 00fe 0B       		.uleb128 0xb
 1578 00ff 0B       		.uleb128 0xb
 1579 0100 3A       		.uleb128 0x3a
 1580 0101 0B       		.uleb128 0xb
 1581 0102 3B       		.uleb128 0x3b
 1582 0103 0B       		.uleb128 0xb
 1583 0104 01       		.uleb128 0x1
 1584 0105 13       		.uleb128 0x13
 1585 0106 00       		.byte	0
 1586 0107 00       		.byte	0
 1587 0108 17       		.uleb128 0x17
 1588 0109 0D       		.uleb128 0xd
 1589 010a 00       		.byte	0
 1590 010b 03       		.uleb128 0x3
 1591 010c 0E       		.uleb128 0xe
 1592 010d 3A       		.uleb128 0x3a
 1593 010e 0B       		.uleb128 0xb
 1594 010f 3B       		.uleb128 0x3b
 1595 0110 0B       		.uleb128 0xb
 1596 0111 49       		.uleb128 0x49
ARM GAS  /tmp/cc1b983D.s 			page 29


 1597 0112 13       		.uleb128 0x13
 1598 0113 00       		.byte	0
 1599 0114 00       		.byte	0
 1600 0115 18       		.uleb128 0x18
 1601 0116 0D       		.uleb128 0xd
 1602 0117 00       		.byte	0
 1603 0118 03       		.uleb128 0x3
 1604 0119 0E       		.uleb128 0xe
 1605 011a 3A       		.uleb128 0x3a
 1606 011b 0B       		.uleb128 0xb
 1607 011c 3B       		.uleb128 0x3b
 1608 011d 05       		.uleb128 0x5
 1609 011e 49       		.uleb128 0x49
 1610 011f 13       		.uleb128 0x13
 1611 0120 00       		.byte	0
 1612 0121 00       		.byte	0
 1613 0122 19       		.uleb128 0x19
 1614 0123 34       		.uleb128 0x34
 1615 0124 00       		.byte	0
 1616 0125 03       		.uleb128 0x3
 1617 0126 08       		.uleb128 0x8
 1618 0127 3A       		.uleb128 0x3a
 1619 0128 0B       		.uleb128 0xb
 1620 0129 3B       		.uleb128 0x3b
 1621 012a 05       		.uleb128 0x5
 1622 012b 49       		.uleb128 0x49
 1623 012c 13       		.uleb128 0x13
 1624 012d 3F       		.uleb128 0x3f
 1625 012e 19       		.uleb128 0x19
 1626 012f 3C       		.uleb128 0x3c
 1627 0130 19       		.uleb128 0x19
 1628 0131 00       		.byte	0
 1629 0132 00       		.byte	0
 1630 0133 1A       		.uleb128 0x1a
 1631 0134 21       		.uleb128 0x21
 1632 0135 00       		.byte	0
 1633 0136 00       		.byte	0
 1634 0137 00       		.byte	0
 1635 0138 1B       		.uleb128 0x1b
 1636 0139 15       		.uleb128 0x15
 1637 013a 01       		.byte	0x1
 1638 013b 27       		.uleb128 0x27
 1639 013c 19       		.uleb128 0x19
 1640 013d 49       		.uleb128 0x49
 1641 013e 13       		.uleb128 0x13
 1642 013f 01       		.uleb128 0x1
 1643 0140 13       		.uleb128 0x13
 1644 0141 00       		.byte	0
 1645 0142 00       		.byte	0
 1646 0143 1C       		.uleb128 0x1c
 1647 0144 16       		.uleb128 0x16
 1648 0145 00       		.byte	0
 1649 0146 03       		.uleb128 0x3
 1650 0147 0E       		.uleb128 0xe
 1651 0148 3A       		.uleb128 0x3a
 1652 0149 0B       		.uleb128 0xb
 1653 014a 3B       		.uleb128 0x3b
ARM GAS  /tmp/cc1b983D.s 			page 30


 1654 014b 05       		.uleb128 0x5
 1655 014c 49       		.uleb128 0x49
 1656 014d 13       		.uleb128 0x13
 1657 014e 00       		.byte	0
 1658 014f 00       		.byte	0
 1659 0150 00       		.byte	0
 1660              		.section	.debug_aranges,"",%progbits
 1661 0000 14000000 		.4byte	0x14
 1662 0004 0200     		.2byte	0x2
 1663 0006 00000000 		.4byte	.Ldebug_info0
 1664 000a 04       		.byte	0x4
 1665 000b 00       		.byte	0
 1666 000c 0000     		.2byte	0
 1667 000e 0000     		.2byte	0
 1668 0010 00000000 		.4byte	0
 1669 0014 00000000 		.4byte	0
 1670              		.section	.debug_line,"",%progbits
 1671              	.Ldebug_line0:
 1672 0000 17030000 		.section	.debug_str,"MS",%progbits,1
 1672      02001103 
 1672      00000201 
 1672      FB0E0D00 
 1672      01010101 
 1673              	.LASF54:
 1674 0000 72656164 		.ascii	"ready_list_t\000"
 1674      795F6C69 
 1674      73745F74 
 1674      00
 1675              	.LASF4:
 1676 000d 73697A65 		.ascii	"size_t\000"
 1676      5F7400
 1677              	.LASF60:
 1678 0014 64656C74 		.ascii	"delta\000"
 1678      6100
 1679              	.LASF86:
 1680 001a 7264796D 		.ascii	"rdymsg\000"
 1680      736700
 1681              	.LASF20:
 1682 0021 75696E74 		.ascii	"uint64_t\000"
 1682      36345F74 
 1682      00
 1683              	.LASF5:
 1684 002a 5F5F7569 		.ascii	"__uint8_t\000"
 1684      6E74385F 
 1684      7400
 1685              	.LASF53:
 1686 0034 70726576 		.ascii	"prev\000"
 1686      00
 1687              	.LASF83:
 1688 0039 706F7274 		.ascii	"port_intctx\000"
 1688      5F696E74 
 1688      63747800 
 1689              	.LASF65:
 1690 0045 73797374 		.ascii	"system_debug_t\000"
 1690      656D5F64 
 1690      65627567 
 1690      5F7400
ARM GAS  /tmp/cc1b983D.s 			page 31


 1691              	.LASF129:
 1692 0054 70726F76 		.ascii	"provider\000"
 1692      69646572 
 1692      00
 1693              	.LASF139:
 1694 005d 73656D5F 		.ascii	"sem_list\000"
 1694      6C697374 
 1694      00
 1695              	.LASF121:
 1696 0066 6D656D67 		.ascii	"memgetfunc_t\000"
 1696      65746675 
 1696      6E635F74 
 1696      00
 1697              	.LASF15:
 1698 0073 6C6F6E67 		.ascii	"long long unsigned int\000"
 1698      206C6F6E 
 1698      6720756E 
 1698      7369676E 
 1698      65642069 
 1699              	.LASF87:
 1700 008a 65786974 		.ascii	"exitcode\000"
 1700      636F6465 
 1700      00
 1701              	.LASF72:
 1702 0093 6D61696E 		.ascii	"mainthread\000"
 1702      74687265 
 1702      616400
 1703              	.LASF90:
 1704 009e 73656E74 		.ascii	"sentmsg\000"
 1704      6D736700 
 1705              	.LASF62:
 1706 00a6 76697274 		.ascii	"virtual_timers_list_t\000"
 1706      75616C5F 
 1706      74696D65 
 1706      72735F6C 
 1706      6973745F 
 1707              	.LASF76:
 1708 00bc 49544D5F 		.ascii	"ITM_RxBuffer\000"
 1708      52784275 
 1708      66666572 
 1708      00
 1709              	.LASF132:
 1710 00c9 64796E5F 		.ascii	"dyn_element_t\000"
 1710      656C656D 
 1710      656E745F 
 1710      7400
 1711              	.LASF50:
 1712 00d7 6E657874 		.ascii	"next\000"
 1712      00
 1713              	.LASF52:
 1714 00dc 63685F74 		.ascii	"ch_threads_queue\000"
 1714      68726561 
 1714      64735F71 
 1714      75657565 
 1714      00
 1715              	.LASF1:
 1716 00ed 6C6F6E67 		.ascii	"long long int\000"
ARM GAS  /tmp/cc1b983D.s 			page 32


 1716      206C6F6E 
 1716      6720696E 
 1716      7400
 1717              	.LASF3:
 1718 00fb 7369676E 		.ascii	"signed char\000"
 1718      65642063 
 1718      68617200 
 1719              	.LASF101:
 1720 0107 73697A65 		.ascii	"size\000"
 1720      00
 1721              	.LASF145:
 1722 010c 474E5520 		.ascii	"GNU C11 6.3.1 20170620 (release) [ARM/embedded-6-br"
 1722      43313120 
 1722      362E332E 
 1722      31203230 
 1722      31373036 
 1723 013f 616E6368 		.ascii	"anch revision 249437] -mcpu=cortex-m4 -mfloat-abi=h"
 1723      20726576 
 1723      6973696F 
 1723      6E203234 
 1723      39343337 
 1724 0172 61726420 		.ascii	"ard -mfpu=fpv4-sp-d16 -mno-thumb-interwork -mthumb "
 1724      2D6D6670 
 1724      753D6670 
 1724      76342D73 
 1724      702D6431 
 1725 01a5 2D67202D 		.ascii	"-g -Os -fomit-frame-pointer -falign-functions=16 -f"
 1725      4F73202D 
 1725      666F6D69 
 1725      742D6672 
 1725      616D652D 
 1726 01d8 66756E63 		.ascii	"function-sections -fdata-sections -fno-common -fsin"
 1726      74696F6E 
 1726      2D736563 
 1726      74696F6E 
 1726      73202D66 
 1727 020b 676C652D 		.ascii	"gle-precision-constant\000"
 1727      70726563 
 1727      6973696F 
 1727      6E2D636F 
 1727      6E737461 
 1728              	.LASF71:
 1729 0222 76746C69 		.ascii	"vtlist\000"
 1729      737400
 1730              	.LASF41:
 1731 0229 6D736771 		.ascii	"msgqueue\000"
 1731      75657565 
 1731      00
 1732              	.LASF37:
 1733 0232 73746174 		.ascii	"state\000"
 1733      6500
 1734              	.LASF11:
 1735 0238 6C6F6E67 		.ascii	"long int\000"
 1735      20696E74 
 1735      00
 1736              	.LASF23:
 1737 0241 74737461 		.ascii	"tstate_t\000"
ARM GAS  /tmp/cc1b983D.s 			page 33


 1737      74655F74 
 1737      00
 1738              	.LASF61:
 1739 024a 66756E63 		.ascii	"func\000"
 1739      00
 1740              	.LASF117:
 1741 024f 63686465 		.ascii	"chdebug_t\000"
 1741      6275675F 
 1741      7400
 1742              	.LASF115:
 1743 0259 6F66665F 		.ascii	"off_preempt\000"
 1743      70726565 
 1743      6D707400 
 1744              	.LASF12:
 1745 0265 5F5F7569 		.ascii	"__uint32_t\000"
 1745      6E743332 
 1745      5F7400
 1746              	.LASF80:
 1747 0270 72656761 		.ascii	"regarm_t\000"
 1747      726D5F74 
 1747      00
 1748              	.LASF141:
 1749 0279 6D62785F 		.ascii	"mbx_list\000"
 1749      6C697374 
 1749      00
 1750              	.LASF66:
 1751 0282 63685F73 		.ascii	"ch_system_debug\000"
 1751      79737465 
 1751      6D5F6465 
 1751      62756700 
 1752              	.LASF40:
 1753 0292 77616974 		.ascii	"waiting\000"
 1753      696E6700 
 1754              	.LASF70:
 1755 029a 726C6973 		.ascii	"rlist\000"
 1755      7400
 1756              	.LASF100:
 1757 02a0 7A65726F 		.ascii	"zero\000"
 1757      00
 1758              	.LASF119:
 1759 02a5 6D757465 		.ascii	"mutex_t\000"
 1759      785F7400 
 1760              	.LASF128:
 1761 02ad 616C6967 		.ascii	"align\000"
 1761      6E00
 1762              	.LASF74:
 1763 02b3 73797369 		.ascii	"sysinterval_t\000"
 1763      6E746572 
 1763      76616C5F 
 1763      7400
 1764              	.LASF28:
 1765 02c1 636E745F 		.ascii	"cnt_t\000"
 1765      7400
 1766              	.LASF0:
 1767 02c7 756E7369 		.ascii	"unsigned int\000"
 1767      676E6564 
 1767      20696E74 
ARM GAS  /tmp/cc1b983D.s 			page 34


 1767      00
 1768              	.LASF17:
 1769 02d4 75696E74 		.ascii	"uint16_t\000"
 1769      31365F74 
 1769      00
 1770              	.LASF77:
 1771 02dd 53797374 		.ascii	"SystemCoreClock\000"
 1771      656D436F 
 1771      7265436C 
 1771      6F636B00 
 1772              	.LASF91:
 1773 02ed 77747365 		.ascii	"wtsemp\000"
 1773      6D7000
 1774              	.LASF89:
 1775 02f4 77747472 		.ascii	"wttrp\000"
 1775      7000
 1776              	.LASF118:
 1777 02fa 63685F64 		.ascii	"ch_debug\000"
 1777      65627567 
 1777      00
 1778              	.LASF130:
 1779 0303 6D656D6F 		.ascii	"memory_pool_t\000"
 1779      72795F70 
 1779      6F6F6C5F 
 1779      7400
 1780              	.LASF35:
 1781 0311 6E616D65 		.ascii	"name\000"
 1781      00
 1782              	.LASF31:
 1783 0316 71756575 		.ascii	"queue\000"
 1783      6500
 1784              	.LASF45:
 1785 031c 6D706F6F 		.ascii	"mpool\000"
 1785      6C00
 1786              	.LASF114:
 1787 0322 6F66665F 		.ascii	"off_refs\000"
 1787      72656673 
 1787      00
 1788              	.LASF138:
 1789 032b 6275665F 		.ascii	"buf_list\000"
 1789      6C697374 
 1789      00
 1790              	.LASF48:
 1791 0334 63685F74 		.ascii	"ch_thread\000"
 1791      68726561 
 1791      6400
 1792              	.LASF26:
 1793 033e 6D73675F 		.ascii	"msg_t\000"
 1793      7400
 1794              	.LASF29:
 1795 0344 75636E74 		.ascii	"ucnt_t\000"
 1795      5F7400
 1796              	.LASF42:
 1797 034b 6570656E 		.ascii	"epending\000"
 1797      64696E67 
 1797      00
 1798              	.LASF134:
ARM GAS  /tmp/cc1b983D.s 			page 35


 1799 0354 64796E5F 		.ascii	"dyn_list_t\000"
 1799      6C697374 
 1799      5F7400
 1800              	.LASF68:
 1801 035f 63685F73 		.ascii	"ch_system_t\000"
 1801      79737465 
 1801      6D5F7400 
 1802              	.LASF107:
 1803 036b 6F66665F 		.ascii	"off_ctx\000"
 1803      63747800 
 1804              	.LASF22:
 1805 0373 746D6F64 		.ascii	"tmode_t\000"
 1805      655F7400 
 1806              	.LASF55:
 1807 037b 63685F72 		.ascii	"ch_ready_list\000"
 1807      65616479 
 1807      5F6C6973 
 1807      7400
 1808              	.LASF27:
 1809 0389 6576656E 		.ascii	"eventmask_t\000"
 1809      746D6173 
 1809      6B5F7400 
 1810              	.LASF78:
 1811 0395 41484250 		.ascii	"AHBPrescTable\000"
 1811      72657363 
 1811      5461626C 
 1811      6500
 1812              	.LASF123:
 1813 03a3 656E646D 		.ascii	"endmem\000"
 1813      656D00
 1814              	.LASF10:
 1815 03aa 5F5F696E 		.ascii	"__int32_t\000"
 1815      7433325F 
 1815      7400
 1816              	.LASF81:
 1817 03b4 73746B61 		.ascii	"stkalign_t\000"
 1817      6C69676E 
 1817      5F7400
 1818              	.LASF33:
 1819 03bf 6E657765 		.ascii	"newer\000"
 1819      7200
 1820              	.LASF44:
 1821 03c5 7265616C 		.ascii	"realprio\000"
 1821      7072696F 
 1821      00
 1822              	.LASF102:
 1823 03ce 76657273 		.ascii	"version\000"
 1823      696F6E00 
 1824              	.LASF75:
 1825 03d6 73697A65 		.ascii	"sizetype\000"
 1825      74797065 
 1825      00
 1826              	.LASF46:
 1827 03df 74687265 		.ascii	"thread_reference_t\000"
 1827      61645F72 
 1827      65666572 
 1827      656E6365 
ARM GAS  /tmp/cc1b983D.s 			page 36


 1827      5F7400
 1828              	.LASF63:
 1829 03f2 63685F76 		.ascii	"ch_virtual_timers_list\000"
 1829      69727475 
 1829      616C5F74 
 1829      696D6572 
 1829      735F6C69 
 1830              	.LASF2:
 1831 0409 6C6F6E67 		.ascii	"long double\000"
 1831      20646F75 
 1831      626C6500 
 1832              	.LASF133:
 1833 0415 63685F64 		.ascii	"ch_dyn_list\000"
 1833      796E5F6C 
 1833      69737400 
 1834              	.LASF108:
 1835 0421 6F66665F 		.ascii	"off_newer\000"
 1835      6E657765 
 1835      7200
 1836              	.LASF79:
 1837 042b 41504250 		.ascii	"APBPrescTable\000"
 1837      72657363 
 1837      5461626C 
 1837      6500
 1838              	.LASF82:
 1839 0439 706F7274 		.ascii	"port_context\000"
 1839      5F636F6E 
 1839      74657874 
 1839      00
 1840              	.LASF85:
 1841 0446 746D5F63 		.ascii	"tm_calibration_t\000"
 1841      616C6962 
 1841      72617469 
 1841      6F6E5F74 
 1841      00
 1842              	.LASF32:
 1843 0457 7072696F 		.ascii	"prio\000"
 1843      00
 1844              	.LASF140:
 1845 045c 73656D5F 		.ascii	"sem_pool\000"
 1845      706F6F6C 
 1845      00
 1846              	.LASF56:
 1847 0465 63757272 		.ascii	"current\000"
 1847      656E7400 
 1848              	.LASF14:
 1849 046d 5F5F7569 		.ascii	"__uint64_t\000"
 1849      6E743634 
 1849      5F7400
 1850              	.LASF124:
 1851 0478 6D656D63 		.ascii	"memcore_t\000"
 1851      6F72655F 
 1851      7400
 1852              	.LASF24:
 1853 0482 74726566 		.ascii	"trefs_t\000"
 1853      735F7400 
 1854              	.LASF39:
ARM GAS  /tmp/cc1b983D.s 			page 37


 1855 048a 72656673 		.ascii	"refs\000"
 1855      00
 1856              	.LASF58:
 1857 048f 76697274 		.ascii	"virtual_timer_t\000"
 1857      75616C5F 
 1857      74696D65 
 1857      725F7400 
 1858              	.LASF131:
 1859 049f 63685F64 		.ascii	"ch_dyn_element\000"
 1859      796E5F65 
 1859      6C656D65 
 1859      6E7400
 1860              	.LASF25:
 1861 04ae 74707269 		.ascii	"tprio_t\000"
 1861      6F5F7400 
 1862              	.LASF105:
 1863 04b6 74687265 		.ascii	"threadsize\000"
 1863      61647369 
 1863      7A6500
 1864              	.LASF120:
 1865 04c1 5F426F6F 		.ascii	"_Bool\000"
 1865      6C00
 1866              	.LASF18:
 1867 04c7 696E7433 		.ascii	"int32_t\000"
 1867      325F7400 
 1868              	.LASF6:
 1869 04cf 756E7369 		.ascii	"unsigned char\000"
 1869      676E6564 
 1869      20636861 
 1869      7200
 1870              	.LASF106:
 1871 04dd 6F66665F 		.ascii	"off_prio\000"
 1871      7072696F 
 1871      00
 1872              	.LASF111:
 1873 04e6 6F66665F 		.ascii	"off_stklimit\000"
 1873      73746B6C 
 1873      696D6974 
 1873      00
 1874              	.LASF7:
 1875 04f3 73686F72 		.ascii	"short int\000"
 1875      7420696E 
 1875      7400
 1876              	.LASF64:
 1877 04fd 6C617374 		.ascii	"lasttime\000"
 1877      74696D65 
 1877      00
 1878              	.LASF93:
 1879 0506 65776D61 		.ascii	"ewmask\000"
 1879      736B00
 1880              	.LASF69:
 1881 050d 63685F73 		.ascii	"ch_system\000"
 1881      79737465 
 1881      6D00
 1882              	.LASF144:
 1883 0517 63685F66 		.ascii	"ch_factory\000"
 1883      6163746F 
ARM GAS  /tmp/cc1b983D.s 			page 38


 1883      727900
 1884              	.LASF146:
 1885 0522 2E2E2F2E 		.ascii	"../../modules/ChibiOS/os/common/ports/ARMCMx/chcore"
 1885      2E2F6D6F 
 1885      64756C65 
 1885      732F4368 
 1885      6962694F 
 1886 0555 2E6300   		.ascii	".c\000"
 1887              	.LASF137:
 1888 0558 6F626A5F 		.ascii	"obj_pool\000"
 1888      706F6F6C 
 1888      00
 1889              	.LASF59:
 1890 0561 63685F76 		.ascii	"ch_virtual_timer\000"
 1890      69727475 
 1890      616C5F74 
 1890      696D6572 
 1890      00
 1891              	.LASF94:
 1892 0572 63685F73 		.ascii	"ch_semaphore\000"
 1892      656D6170 
 1892      686F7265 
 1892      00
 1893              	.LASF116:
 1894 057f 6F66665F 		.ascii	"off_time\000"
 1894      74696D65 
 1894      00
 1895              	.LASF98:
 1896 0588 63685F69 		.ascii	"ch_idle_thread_wa\000"
 1896      646C655F 
 1896      74687265 
 1896      61645F77 
 1896      6100
 1897              	.LASF104:
 1898 059a 74696D65 		.ascii	"timesize\000"
 1898      73697A65 
 1898      00
 1899              	.LASF19:
 1900 05a3 75696E74 		.ascii	"uint32_t\000"
 1900      33325F74 
 1900      00
 1901              	.LASF92:
 1902 05ac 77746D74 		.ascii	"wtmtxp\000"
 1902      787000
 1903              	.LASF49:
 1904 05b3 63685F74 		.ascii	"ch_threads_list\000"
 1904      68726561 
 1904      64735F6C 
 1904      69737400 
 1905              	.LASF96:
 1906 05c3 6F776E65 		.ascii	"owner\000"
 1906      7200
 1907              	.LASF13:
 1908 05c9 6C6F6E67 		.ascii	"long unsigned int\000"
 1908      20756E73 
 1908      69676E65 
 1908      6420696E 
ARM GAS  /tmp/cc1b983D.s 			page 39


 1908      7400
 1909              	.LASF36:
 1910 05db 77616261 		.ascii	"wabase\000"
 1910      736500
 1911              	.LASF97:
 1912 05e2 63686172 		.ascii	"char\000"
 1912      00
 1913              	.LASF34:
 1914 05e7 6F6C6465 		.ascii	"older\000"
 1914      7200
 1915              	.LASF136:
 1916 05ed 6F626A5F 		.ascii	"obj_list\000"
 1916      6C697374 
 1916      00
 1917              	.LASF8:
 1918 05f6 5F5F7569 		.ascii	"__uint16_t\000"
 1918      6E743136 
 1918      5F7400
 1919              	.LASF30:
 1920 0601 74687265 		.ascii	"thread_t\000"
 1920      61645F74 
 1920      00
 1921              	.LASF125:
 1922 060a 63685F6D 		.ascii	"ch_memcore\000"
 1922      656D636F 
 1922      726500
 1923              	.LASF73:
 1924 0615 73797374 		.ascii	"systime_t\000"
 1924      696D655F 
 1924      7400
 1925              	.LASF57:
 1926 061f 76746675 		.ascii	"vtfunc_t\000"
 1926      6E635F74 
 1926      00
 1927              	.LASF67:
 1928 0628 70616E69 		.ascii	"panic_msg\000"
 1928      635F6D73 
 1928      6700
 1929              	.LASF84:
 1930 0632 6F666673 		.ascii	"offset\000"
 1930      657400
 1931              	.LASF95:
 1932 0639 63685F6D 		.ascii	"ch_mutex\000"
 1932      75746578 
 1932      00
 1933              	.LASF109:
 1934 0642 6F66665F 		.ascii	"off_older\000"
 1934      6F6C6465 
 1934      7200
 1935              	.LASF9:
 1936 064c 73686F72 		.ascii	"short unsigned int\000"
 1936      7420756E 
 1936      7369676E 
 1936      65642069 
 1936      6E7400
 1937              	.LASF99:
 1938 065f 6964656E 		.ascii	"identifier\000"
ARM GAS  /tmp/cc1b983D.s 			page 40


 1938      74696669 
 1938      657200
 1939              	.LASF21:
 1940 066a 7274636E 		.ascii	"rtcnt_t\000"
 1940      745F7400 
 1941              	.LASF127:
 1942 0672 6F626A65 		.ascii	"object_size\000"
 1942      63745F73 
 1942      697A6500 
 1943              	.LASF103:
 1944 067e 70747273 		.ascii	"ptrsize\000"
 1944      697A6500 
 1945              	.LASF135:
 1946 0686 63685F6F 		.ascii	"ch_objects_factory\000"
 1946      626A6563 
 1946      74735F66 
 1946      6163746F 
 1946      727900
 1947              	.LASF51:
 1948 0699 74687265 		.ascii	"threads_queue_t\000"
 1948      6164735F 
 1948      71756575 
 1948      655F7400 
 1949              	.LASF126:
 1950 06a9 706F6F6C 		.ascii	"pool_header\000"
 1950      5F686561 
 1950      64657200 
 1951              	.LASF110:
 1952 06b5 6F66665F 		.ascii	"off_name\000"
 1952      6E616D65 
 1952      00
 1953              	.LASF16:
 1954 06be 75696E74 		.ascii	"uint8_t\000"
 1954      385F7400 
 1955              	.LASF38:
 1956 06c6 666C6167 		.ascii	"flags\000"
 1956      7300
 1957              	.LASF142:
 1958 06cc 6669666F 		.ascii	"fifo_list\000"
 1958      5F6C6973 
 1958      7400
 1959              	.LASF88:
 1960 06d6 77746F62 		.ascii	"wtobjp\000"
 1960      6A7000
 1961              	.LASF47:
 1962 06dd 74687265 		.ascii	"threads_list_t\000"
 1962      6164735F 
 1962      6C697374 
 1962      5F7400
 1963              	.LASF112:
 1964 06ec 6F66665F 		.ascii	"off_state\000"
 1964      73746174 
 1964      6500
 1965              	.LASF143:
 1966 06f6 6F626A65 		.ascii	"objects_factory_t\000"
 1966      6374735F 
 1966      66616374 
ARM GAS  /tmp/cc1b983D.s 			page 41


 1966      6F72795F 
 1966      7400
 1967              	.LASF113:
 1968 0708 6F66665F 		.ascii	"off_flags\000"
 1968      666C6167 
 1968      7300
 1969              	.LASF43:
 1970 0712 6D74786C 		.ascii	"mtxlist\000"
 1970      69737400 
 1971              	.LASF147:
 1972 071a 2F686F6D 		.ascii	"/home/alex/ArduPilot/ardupilot/build/Pix2.4\000"
 1972      652F616C 
 1972      65782F41 
 1972      72647550 
 1972      696C6F74 
 1973              	.LASF122:
 1974 0746 6E657874 		.ascii	"nextmem\000"
 1974      6D656D00 
 1975              		.ident	"GCC: (GNU Tools for ARM Embedded Processors 6-2017-q2-update) 6.3.1 20170620 (release) [AR
ARM GAS  /tmp/cc1b983D.s 			page 42


DEFINED SYMBOLS
                            *ABS*:0000000000000000 chcore.c

NO UNDEFINED SYMBOLS
